#
# A fatal error has been detected by the Java Runtime Environment:
#
#  EXCEPTION_ACCESS_VIOLATION (0xc0000005) at pc=0x0000000058b09fef, pid=5904, tid=5528
#
# JRE version: 7.0_21-b11
# Java VM: Java HotSpot(TM) 64-Bit Server VM (23.21-b01 mixed mode windows-amd64 compressed oops)
# Problematic frame:
# V  [jvm.dll+0xc9fef]
#
# Failed to write core dump. Minidumps are not enabled by default on client versions of Windows
#
# If you would like to submit a bug report, please visit:
#   http://bugreport.sun.com/bugreport/crash.jsp
#

---------------  T H R E A D  ---------------

Current thread (0x0000000002014000):  GCTaskThread [stack: 0x0000000005d70000,0x0000000005e70000] [id=5528]

siginfo: ExceptionCode=0xc0000005, reading address 0xffffffffffffffff

Registers:
RAX=0x00000000067c0000, RBX=0x0000000040000000, RCX=0x0000000000000000, RDX=0x007ffffffc628000
RSP=0x0000000005e6f4d0, RBP=0x00000007d62f3008, RSI=0x000000000bd36340, RDI=0x000000000bd36340
R8 =0x0000000000000000, R9 =0x0000000000000003, R10=0x0000000000000000, R11=0x000000000000000c
R12=0x00000007d62f3048, R13=0x000000077b016710, R14=0x000000077b016718, R15=0x00000007d62f2fe8
RIP=0x0000000058b09fef, EFLAGS=0x0000000000010246

Top of Stack: (sp=0x0000000005e6f4d0)
0x0000000005e6f4d0:   000000077b016488 000000000000000c
0x0000000005e6f4e0:   000000000bd36340 0000000058aee2c2
0x0000000005e6f4f0:   0000000000000000 000000000200b950
0x0000000005e6f500:   000000000200bd38 0000000100000000
0x0000000005e6f510:   00000007d62f2fe8 0000000058b12f75
0x0000000005e6f520:   000000077b4583c8 000000000bd36340
0x0000000005e6f530:   000000000bd36340 000000000200b960
0x0000000005e6f540:   000000000200b960 0000000058d9a7ac
0x0000000005e6f550:   00000000000000f6 00000007d62f2fe8
0x0000000005e6f560:   000000000bd36340 0000000100000000
0x0000000005e6f570:   0000000100000000 0000000000000000
0x0000000005e6f580:   0000000002015100 0000000058bf7512
0x0000000005e6f590:   0000000002015100 00000000020ebc80
0x0000000005e6f5a0:   00000000020138d0 000000000200bd38
0x0000000005e6f5b0:   000000000200b960 000000000200b950
0x0000000005e6f5c0:   000000000200b960 00000000020138d0 

Instructions: (pc=0x0000000058b09fef)
0x0000000058b09fcf:   15 bc c7 5e 00 48 c1 ea 03 48 d3 ea 0f b6 c2 48
0x0000000058b09fdf:   c1 ea 06 24 3f 44 0f b6 c0 48 8b 05 b1 c7 5e 00
0x0000000058b09fef:   48 8b 14 d0 4c 0f a3 c2 0f 82 55 01 00 00 80 3d
0x0000000058b09fff:   74 3d 5e 00 00 74 0e 8b 43 08 41 8b c9 48 d3 e0 


Register to memory mapping:

RAX=0x00000000067c0000 is an unknown value
RBX=0x0000000040000000 is an unknown value
RCX=0x0000000000000000 is an unknown value
RDX=0x007ffffffc628000 is an unknown value
RSP=0x0000000005e6f4d0 is an unknown value
RBP=0x00000007d62f3008 is an unknown value
RSI=0x000000000bd36340 is an unknown value
RDI=0x000000000bd36340 is an unknown value
R8 =0x0000000000000000 is an unknown value
R9 =0x0000000000000003 is an unknown value
R10=0x0000000000000000 is an unknown value
R11=0x000000000000000c is an unknown value
R12=0x00000007d62f3048 is an unknown value
R13=0x000000077b016710 is an oop
{instance class} 
 - klass: {other class}
R14=0x000000077b016718 is an oop
[S 
 - klass: {type array short}
 - length: 36
R15=0x00000007d62f2fe8 is an oop
java.lang.Class 
 - klass: 'java/lang/Class'


Stack: [0x0000000005d70000,0x0000000005e70000],  sp=0x0000000005e6f4d0,  free space=1021k
Native frames: (J=compiled Java code, j=interpreted, Vv=VM code, C=native code)
V  [jvm.dll+0xc9fef]


---------------  P R O C E S S  ---------------

Java Threads: ( => current thread )
  0x000000000deab000 JavaThread "Service Thread" daemon [_thread_blocked, id=5116, stack(0x000000000e980000,0x000000000ea80000)]
  0x000000000dea6800 JavaThread "C2 CompilerThread1" daemon [_thread_blocked, id=5240, stack(0x000000000e870000,0x000000000e970000)]
  0x000000000de9f800 JavaThread "C2 CompilerThread0" daemon [_thread_blocked, id=2568, stack(0x000000000e660000,0x000000000e760000)]
  0x000000000de9e800 JavaThread "Attach Listener" daemon [_thread_blocked, id=3568, stack(0x000000000e430000,0x000000000e530000)]
  0x000000000de9e000 JavaThread "Signal Dispatcher" daemon [_thread_blocked, id=3200, stack(0x000000000e2a0000,0x000000000e3a0000)]
  0x000000000be69000 JavaThread "Finalizer" daemon [_thread_blocked, id=4332, stack(0x000000000dd50000,0x000000000de50000)]
  0x000000000be61000 JavaThread "Reference Handler" daemon [_thread_blocked, id=1316, stack(0x000000000dbf0000,0x000000000dcf0000)]
  0x00000000020ec800 JavaThread "main" [_thread_blocked, id=5480, stack(0x00000000023b0000,0x00000000024b0000)]

Other Threads:
  0x000000000be5a800 VMThread [stack: 0x000000000d9c0000,0x000000000dac0000] [id=1272]
  0x000000000debc000 WatcherThread [stack: 0x000000000eb70000,0x000000000ec70000] [id=3836]

=>0x0000000002014000 (exited) GCTaskThread [stack: 0x0000000005d70000,0x0000000005e70000] [id=5528]

VM state:at safepoint (normal execution)

VM Mutex/Monitor currently owned by a thread:  ([mutex/lock_event])
[0x00000000020eac00] Threads_lock - owner thread: 0x000000000be5a800
[0x00000000020eb100] Heap_lock - owner thread: 0x00000000020ec800

Heap
 PSYoungGen      total 12800K, used 496K [0x00000007d5600000, 0x00000007d6300000, 0x0000000800000000)
  eden space 12288K, 0% used [0x00000007d5600000,0x00000007d5600000,0x00000007d6200000)
  from space 512K, 96% used [0x00000007d6280000,0x00000007d62fc010,0x00000007d6300000)
  to   space 512K, 0% used [0x00000007d6200000,0x00000007d6200000,0x00000007d6280000)
 ParOldGen       total 5504K, used 3992K [0x0000000780200000, 0x0000000780760000, 0x00000007d5600000)
  object space 5504K, 72% used [0x0000000780200000,0x00000007805e62b8,0x0000000780760000)
 PSPermGen       total 21248K, used 6580K [0x000000077b000000, 0x000000077c4c0000, 0x0000000780200000)
  object space 21248K, 30% used [0x000000077b000000,0x000000077b66d028,0x000000077c4c0000)

Card table byte_map: [0x00000000054b0000,0x00000000058e0000] byte_map_base: 0x00000000018d8000

Polling page: 0x00000000001d0000

Code Cache  [0x00000000024b0000, 0x0000000002720000, 0x00000000054b0000)
 total_blobs=269 nmethods=46 adapters=175 free_code_cache=48646Kb largest_free_block=49795904

Compilation events (10 events):
Event: 0.369 Thread 0x000000000de9f800 nmethod 41 0x00000000025298d0 code [0x0000000002529a00, 0x0000000002529bb8]
Event: 0.371 Thread 0x000000000dea6800   42             com.sun.tools.javac.parser.Scanner::scanChar (34 bytes)
Event: 0.371 Thread 0x000000000de9f800   43             com.sun.tools.javac.util.Convert::chars2utf (159 bytes)
Event: 0.371 Thread 0x000000000dea6800 nmethod 42 0x00000000025295d0 code [0x0000000002529720, 0x0000000002529808]
Event: 0.372 Thread 0x000000000dea6800   44             com.sun.tools.javac.parser.Scanner::token (5 bytes)
Event: 0.372 Thread 0x000000000dea6800 nmethod 44 0x00000000025293d0 code [0x0000000002529500, 0x0000000002529578]
Event: 0.373 Thread 0x000000000de9f800 nmethod 43 0x000000000252e090 code [0x000000000252e1e0, 0x000000000252e458]
Event: 0.378 Thread 0x000000000dea6800   45             com.sun.tools.javac.file.ZipFileIndex$ZipDirectory::readEntry (587 bytes)
Event: 0.382 Thread 0x000000000de9f800   46             java.lang.String::compareTo (78 bytes)
Event: 0.384 Thread 0x000000000de9f800 nmethod 46 0x000000000252dc90 code [0x000000000252dde0, 0x000000000252df78]

GC Heap History (9 events):
Event: 0.126 GC heap before
{Heap before GC invocations=1 (full 0):
 PSYoungGen      total 3584K, used 3063K [0x00000007d5600000, 0x00000007d5a00000, 0x0000000800000000)
  eden space 3072K, 99% used [0x00000007d5600000,0x00000007d58fde50,0x00000007d5900000)
  from space 512K, 0% used [0x00000007d5980000,0x00000007d5980000,0x00000007d5a00000)
  to   space 512K, 0% used [0x00000007d5900000,0x00000007d5900000,0x00000007d5980000)
 ParOldGen       total 5504K, used 0K [0x0000000780200000, 0x0000000780760000, 0x00000007d5600000)
  object space 5504K, 0% used [0x0000000780200000,0x0000000780200000,0x0000000780760000)
 PSPermGen       total 21248K, used 3890K [0x000000077b000000, 0x000000077c4c0000, 0x0000000780200000)
  object space 21248K, 18% used [0x000000077b000000,0x000000077b3cca08,0x000000077c4c0000)
Event: 0.128 GC heap after
Heap after GC invocations=1 (full 0):
 PSYoungGen      total 3584K, used 496K [0x00000007d5600000, 0x00000007d5d00000, 0x0000000800000000)
  eden space 3072K, 0% used [0x00000007d5600000,0x00000007d5600000,0x00000007d5900000)
  from space 512K, 96% used [0x00000007d5900000,0x00000007d597c030,0x00000007d5980000)
  to   space 512K, 0% used [0x00000007d5c80000,0x00000007d5c80000,0x00000007d5d00000)
 ParOldGen       total 5504K, used 332K [0x0000000780200000, 0x0000000780760000, 0x00000007d5600000)
  object space 5504K, 6% used [0x0000000780200000,0x00000007802530f0,0x0000000780760000)
 PSPermGen       total 21248K, used 3890K [0x000000077b000000, 0x000000077c4c0000, 0x0000000780200000)
  object space 21248K, 18% used [0x000000077b000000,0x000000077b3cca08,0x000000077c4c0000)
}
Event: 0.191 GC heap before
{Heap before GC invocations=2 (full 0):
 PSYoungGen      total 3584K, used 3568K [0x00000007d5600000, 0x00000007d5d00000, 0x0000000800000000)
  eden space 3072K, 100% used [0x00000007d5600000,0x00000007d5900000,0x00000007d5900000)
  from space 512K, 96% used [0x00000007d5900000,0x00000007d597c030,0x00000007d5980000)
  to   space 512K, 0% used [0x00000007d5c80000,0x00000007d5c80000,0x00000007d5d00000)
 ParOldGen       total 5504K, used 332K [0x0000000780200000, 0x0000000780760000, 0x00000007d5600000)
  object space 5504K, 6% used [0x0000000780200000,0x00000007802530f0,0x0000000780760000)
 PSPermGen       total 21248K, used 5053K [0x000000077b000000, 0x000000077c4c0000, 0x0000000780200000)
  object space 21248K, 23% used [0x000000077b000000,0x000000077b4ef6e0,0x000000077c4c0000)
Event: 0.192 GC heap after
Heap after GC invocations=2 (full 0):
 PSYoungGen      total 6656K, used 496K [0x00000007d5600000, 0x00000007d5d00000, 0x0000000800000000)
  eden space 6144K, 0% used [0x00000007d5600000,0x00000007d5600000,0x00000007d5c00000)
  from space 512K, 96% used [0x00000007d5c80000,0x00000007d5cfc030,0x00000007d5d00000)
  to   space 512K, 0% used [0x00000007d5c00000,0x00000007d5c00000,0x00000007d5c80000)
 ParOldGen       total 5504K, used 540K [0x0000000780200000, 0x0000000780760000, 0x00000007d5600000)
  object space 5504K, 9% used [0x0000000780200000,0x00000007802870f0,0x0000000780760000)
 PSPermGen       total 21248K, used 5053K [0x000000077b000000, 0x000000077c4c0000, 0x0000000780200000)
  object space 21248K, 23% used [0x000000077b000000,0x000000077b4ef6e0,0x000000077c4c0000)
}
Event: 0.287 GC heap before
{Heap before GC invocations=3 (full 0):
 PSYoungGen      total 6656K, used 6640K [0x00000007d5600000, 0x00000007d5d00000, 0x0000000800000000)
  eden space 6144K, 100% used [0x00000007d5600000,0x00000007d5c00000,0x00000007d5c00000)
  from space 512K, 96% used [0x00000007d5c80000,0x00000007d5cfc030,0x00000007d5d00000)
  to   space 512K, 0% used [0x00000007d5c00000,0x00000007d5c00000,0x00000007d5c80000)
 ParOldGen       total 5504K, used 540K [0x0000000780200000, 0x0000000780760000, 0x00000007d5600000)
  object space 5504K, 9% used [0x0000000780200000,0x00000007802870f0,0x0000000780760000)
 PSPermGen       total 21248K, used 6087K [0x000000077b000000, 0x000000077c4c0000, 0x0000000780200000)
  object space 21248K, 28% used [0x000000077b000000,0x000000077b5f1fc0,0x000000077c4c0000)
Event: 0.295 GC heap after
Heap after GC invocations=3 (full 0):
 PSYoungGen      total 6656K, used 480K [0x00000007d5600000, 0x00000007d6300000, 0x0000000800000000)
  eden space 6144K, 0% used [0x00000007d5600000,0x00000007d5600000,0x00000007d5c00000)
  from space 512K, 93% used [0x00000007d5c00000,0x00000007d5c78020,0x00000007d5c80000)
  to   space 512K, 0% used [0x00000007d6280000,0x00000007d6280000,0x00000007d6300000)
 ParOldGen       total 5504K, used 1470K [0x0000000780200000, 0x0000000780760000, 0x00000007d5600000)
  object space 5504K, 26% used [0x0000000780200000,0x000000078036f8f0,0x0000000780760000)
 PSPermGen       total 21248K, used 6087K [0x000000077b000000, 0x000000077c4c0000, 0x0000000780200000)
  object space 21248K, 28% used [0x000000077b000000,0x000000077b5f1fc0,0x000000077c4c0000)
}
Event: 0.391 GC heap before
{Heap before GC invocations=4 (full 0):
 PSYoungGen      total 6656K, used 6624K [0x00000007d5600000, 0x00000007d6300000, 0x0000000800000000)
  eden space 6144K, 100% used [0x00000007d5600000,0x00000007d5c00000,0x00000007d5c00000)
  from space 512K, 93% used [0x00000007d5c00000,0x00000007d5c78020,0x00000007d5c80000)
  to   space 512K, 0% used [0x00000007d6280000,0x00000007d6280000,0x00000007d6300000)
 ParOldGen       total 5504K, used 1470K [0x0000000780200000, 0x0000000780760000, 0x00000007d5600000)
  object space 5504K, 26% used [0x0000000780200000,0x000000078036f8f0,0x0000000780760000)
 PSPermGen       total 21248K, used 6580K [0x000000077b000000, 0x000000077c4c0000, 0x0000000780200000)
  object space 21248K, 30% used [0x000000077b000000,0x000000077b66d028,0x000000077c4c0000)
Event: 0.393 GC heap after
Heap after GC invocations=4 (full 0):
 PSYoungGen      total 12800K, used 496K [0x00000007d5600000, 0x00000007d6300000, 0x0000000800000000)
  eden space 12288K, 0% used [0x00000007d5600000,0x00000007d5600000,0x00000007d6200000)
  from space 512K, 96% used [0x00000007d6280000,0x00000007d62fc010,0x00000007d6300000)
  to   space 512K, 0% used [0x00000007d6200000,0x00000007d6200000,0x00000007d6280000)
 ParOldGen       total 5504K, used 3992K [0x0000000780200000, 0x0000000780760000, 0x00000007d5600000)
  object space 5504K, 72% used [0x0000000780200000,0x00000007805e62b8,0x0000000780760000)
 PSPermGen       total 21248K, used 6580K [0x000000077b000000, 0x000000077c4c0000, 0x0000000780200000)
  object space 21248K, 30% used [0x000000077b000000,0x000000077b66d028,0x000000077c4c0000)
}
Event: 0.393 GC heap before
{Heap before GC invocations=5 (full 1):
 PSYoungGen      total 12800K, used 496K [0x00000007d5600000, 0x00000007d6300000, 0x0000000800000000)
  eden space 12288K, 0% used [0x00000007d5600000,0x00000007d5600000,0x00000007d6200000)
  from space 512K, 96% used [0x00000007d6280000,0x00000007d62fc010,0x00000007d6300000)
  to   space 512K, 0% used [0x00000007d6200000,0x00000007d6200000,0x00000007d6280000)
 ParOldGen       total 5504K, used 3992K [0x0000000780200000, 0x0000000780760000, 0x00000007d5600000)
  object space 5504K, 72% used [0x0000000780200000,0x00000007805e62b8,0x0000000780760000)
 PSPermGen       total 21248K, used 6580K [0x000000077b000000, 0x000000077c4c0000, 0x0000000780200000)
  object space 21248K, 30% used [0x000000077b000000,0x000000077b66d028,0x000000077c4c0000)

Deoptimization events (2 events):
Event: 0.196 Thread 0x00000000020ec800 Uncommon trap -12 fr.pc 0x0000000002510c58
Event: 0.296 Thread 0x00000000020ec800 Uncommon trap -12 fr.pc 0x000000000251efbc

Internal exceptions (10 events):
Event: 0.373 Thread 0x00000000020ec800 Threw 0x00000007d5a06c90 at C:\jdk7u2_64p\jdk7u21\hotspot\src\share\vm\prims\jvm.cpp:1166
Event: 0.373 Thread 0x00000000020ec800 Threw 0x00000007d5a08d08 at C:\jdk7u2_64p\jdk7u21\hotspot\src\share\vm\prims\jvm.cpp:1166
Event: 0.373 Thread 0x00000000020ec800 Threw 0x00000007d5a0ac60 at C:\jdk7u2_64p\jdk7u21\hotspot\src\share\vm\prims\jvm.cpp:1166
Event: 0.373 Thread 0x00000000020ec800 Threw 0x00000007d5a0cec0 at C:\jdk7u2_64p\jdk7u21\hotspot\src\share\vm\prims\jvm.cpp:1166
Event: 0.373 Thread 0x00000000020ec800 Threw 0x00000007d5a0e7e0 at C:\jdk7u2_64p\jdk7u21\hotspot\src\share\vm\prims\jvm.cpp:1166
Event: 0.374 Thread 0x00000000020ec800 Threw 0x00000007d5a11650 at C:\jdk7u2_64p\jdk7u21\hotspot\src\share\vm\prims\jvm.cpp:1166
Event: 0.375 Thread 0x00000000020ec800 Threw 0x00000007d5a13dd8 at C:\jdk7u2_64p\jdk7u21\hotspot\src\share\vm\prims\jvm.cpp:1166
Event: 0.376 Thread 0x00000000020ec800 Threw 0x00000007d5a2de28 at C:\jdk7u2_64p\jdk7u21\hotspot\src\share\vm\prims\jvm.cpp:1166
Event: 0.377 Thread 0x00000000020ec800 Threw 0x00000007d5a3aed0 at C:\jdk7u2_64p\jdk7u21\hotspot\src\share\vm\prims\jvm.cpp:1166
Event: 0.377 Thread 0x00000000020ec800 Threw 0x00000007d5a3f088 at C:\jdk7u2_64p\jdk7u21\hotspot\src\share\vm\prims\jvm.cpp:1166

Events (10 events):
Event: 0.377 loading class 0x000000000e1ac280 done
Event: 0.382 loading class 0x000000000be7ee50
Event: 0.382 loading class 0x000000000be7ee50 done
Event: 0.382 loading class 0x000000000e1abfc0
Event: 0.382 loading class 0x000000000e1abfc0 done
Event: 0.382 loading class 0x000000000be8b190
Event: 0.382 loading class 0x000000000be8b190 done
Event: 0.383 loading class 0x000000000de9cbc0
Event: 0.383 loading class 0x000000000de9cbc0 done
Event: 0.390 Executing VM operation: ParallelGCFailedAllocation


Dynamic libraries:
0x000000013f870000 - 0x000000013f877000 	C:\Program Files\Java\jdk1.7.0_21\bin\javac.exe
0x0000000077c00000 - 0x0000000077da9000 	C:\Windows\SYSTEM32\ntdll.dll
0x0000000077ae0000 - 0x0000000077bff000 	C:\Windows\system32\kernel32.dll
0x000007fefdc80000 - 0x000007fefdceb000 	C:\Windows\system32\KERNELBASE.dll
0x0000000075790000 - 0x0000000075817000 	C:\Windows\System32\SYSFER.DLL
0x0000000072fa0000 - 0x0000000072fcb000 	C:\Program Files\Java\jdk1.7.0_21\bin\jli.dll
0x000007fefe310000 - 0x000007fefe3eb000 	C:\Windows\system32\ADVAPI32.dll
0x000007fefe5d0000 - 0x000007fefe66f000 	C:\Windows\system32\msvcrt.dll
0x000007feffe30000 - 0x000007feffe4f000 	C:\Windows\SYSTEM32\sechost.dll
0x000007fefde90000 - 0x000007fefdfbd000 	C:\Windows\system32\RPCRT4.dll
0x000007fefc0a0000 - 0x000007fefc294000 	C:\Windows\WinSxS\amd64_microsoft.windows.common-controls_6595b64144ccf1df_6.0.7601.17514_none_fa396087175ac9ac\COMCTL32.dll
0x000007feff030000 - 0x000007feff097000 	C:\Windows\system32\GDI32.dll
0x00000000779e0000 - 0x0000000077ada000 	C:\Windows\system32\USER32.dll
0x000007fefeb80000 - 0x000007fefeb8e000 	C:\Windows\system32\LPK.dll
0x000007fefe820000 - 0x000007fefe8e9000 	C:\Windows\system32\USP10.dll
0x000007fefeb00000 - 0x000007fefeb71000 	C:\Windows\system32\SHLWAPI.dll
0x00000000598a0000 - 0x0000000059971000 	C:\Program Files\Java\jdk1.7.0_21\bin\MSVCR100.dll
0x000007fefe710000 - 0x000007fefe73e000 	C:\Windows\system32\IMM32.DLL
0x000007fefeb90000 - 0x000007fefec99000 	C:\Windows\system32\MSCTF.dll
0x0000000059980000 - 0x0000000059a51000 	C:\Program Files\Java\jdk1.7.0_21\jre\bin\msvcr100.dll
0x0000000058a40000 - 0x0000000059161000 	C:\Program Files\Java\jdk1.7.0_21\jre\bin\server\jvm.dll
0x000007fef7460000 - 0x000007fef7469000 	C:\Windows\system32\WSOCK32.dll
0x000007fefe020000 - 0x000007fefe06d000 	C:\Windows\system32\WS2_32.dll
0x000007fefe070000 - 0x000007fefe078000 	C:\Windows\system32\NSI.dll
0x000007fefab10000 - 0x000007fefab4b000 	C:\Windows\system32\WINMM.dll
0x0000000077dc0000 - 0x0000000077dc7000 	C:\Windows\system32\PSAPI.DLL
0x0000000074720000 - 0x000000007472f000 	C:\Program Files\Java\jdk1.7.0_21\jre\bin\verify.dll
0x0000000072fd0000 - 0x0000000072ff8000 	C:\Program Files\Java\jdk1.7.0_21\jre\bin\java.dll
0x0000000072f80000 - 0x0000000072f95000 	C:\Program Files\Java\jdk1.7.0_21\jre\bin\zip.dll
0x000007fef5600000 - 0x000007fef5725000 	C:\Windows\system32\dbghelp.dll

VM Arguments:
jvm_args: -Dapplication.home=C:\Program Files\Java\jdk1.7.0_21 -Xms8m 
java_command: com.sun.tools.javac.Main @C:/Users/Ray/AppData/Local/Temp/sbt_f220220b/argfile
Launcher Type: SUN_STANDARD

Environment Variables:
JAVA_HOME=C:\Program Files\Java\jdk1.7.0_21
PATH=C:\Windows;C:\Windows\system32;C:\Windows\System32\Wbem;C:\Windows\System32\WindowsPowerShell\v1.0;C:\Program Files (x86)\NVIDIA Corporation\PhysX\Common;C:\Program Files\Java\jdk1.7.0_21\bin;C:\Program Files (x86)\Git\cmd;C:\programs\play-2.1.1;C:\programs\apache-tomcat-7.0.40\bin
USERNAME=Ray
OS=Windows_NT
PROCESSOR_IDENTIFIER=Intel64 Family 6 Model 26 Stepping 4, GenuineIntel



---------------  S Y S T E M  ---------------

OS: Windows 7 , 64 bit Build 7601 Service Pack 1

CPU:total 8 (4 cores per cpu, 2 threads per core) family 6 model 26 stepping 4, cmov, cx8, fxsr, mmx, sse, sse2, sse3, ssse3, sse4.1, sse4.2, popcnt, ht, tsc, tscinvbit, tscinv

Memory: 4k page, physical 8379540k(3541864k free), swap 24761680k(18751212k free)

vm_info: Java HotSpot(TM) 64-Bit Server VM (23.21-b01) for windows-amd64 JRE (1.7.0_21-b11), built on Apr  4 2013 08:11:28 by "java_re" with unknown MS VC++:1600

time: Fri Jun 14 23:57:54 2013
elapsed time: 0 seconds

