#
# A fatal error has been detected by the Java Runtime Environment:
#
#  EXCEPTION_ACCESS_VIOLATION (0xc0000005) at pc=0x000000006532fd13, pid=5404, tid=3644
#
# JRE version: 7.0_21-b11
# Java VM: Java HotSpot(TM) 64-Bit Server VM (23.21-b01 mixed mode windows-amd64 compressed oops)
# Problematic frame:
# V  [jvm.dll+0x13fd13]
#
# Failed to write core dump. Minidumps are not enabled by default on client versions of Windows
#
# If you would like to submit a bug report, please visit:
#   http://bugreport.sun.com/bugreport/crash.jsp
#

---------------  T H R E A D  ---------------

Current thread (0x000000000220c800):  JavaThread "main" [_thread_in_vm, id=3644, stack(0x00000000024e0000,0x00000000025e0000)]

siginfo: ExceptionCode=0xc0000005, reading address 0x00000000b85ca61e

Registers:
RAX=0x00000000b85ca5e0, RBX=0x000000000220c800, RCX=0x0000000000000000, RDX=0x00000000b05ca650
RSP=0x00000000025dcb10, RBP=0x0000000000000018, RSI=0x00000000099335d8, RDI=0x00000000b05ca650
R8 =0x0000000000000018, R9 =0x00000000020ec8e0, R10=0x0000000000000007, R11=0x00000000020ec8e0
R12=0x00000000025dcbe0, R13=0x00000000099335d8, R14=0x000000000000004c, R15=0x000000000000004c
RIP=0x000000006532fd13, EFLAGS=0x0000000000010206

Top of Stack: (sp=0x00000000025dcb10)
0x00000000025dcb10:   00000000025dcbe0 00000000020ec8e0
0x00000000025dcb20:   00000000025dcbe0 00000000652e4c7c
0x00000000025dcb30:   00000000025dcbc8 0000000073621b8c
0x00000000025dcb40:   0000000000000018 000000000cb633c0
0x00000000025dcb50:   000000000cbe5bf0 00000000025dcbc8
0x00000000025dcb60:   00000000099335d8 0000000000000000
0x00000000025dcb70:   0000000000000001 00000000736262ad
0x00000000025dcb80:   00000000ffffffff 00000000025dcc80
0x00000000025dcb90:   000000000220c9d8 00000000025dcbe0
0x00000000025dcba0:   00000000025dcbb0 0000000009933601
0x00000000025dcbb0:   000000000cbe5b30 00000000025dcbe0
0x00000000025dcbc0:   00000000099335d8 000000000cb63360
0x00000000025dcbd0:   000000000220c9d8 0000000000000000
0x00000000025dcbe0:   000000000220c9d8 000000000ba07f60
0x00000000025dcbf0:   0000000000000419 000000000cbe88f0
0x00000000025dcc00:   000000000cb63360 0000000000000001 

Instructions: (pc=0x000000006532fd13)
0x000000006532fcf3:   d2 74 19 8b 0d 1c c8 51 00 8b fa 48 d3 e7 48 03
0x000000006532fd03:   3d 08 c8 51 00 eb 05 48 8b 7c e9 18 48 8b 47 10
0x000000006532fd13:   0f b7 78 3e c7 83 50 02 00 00 07 00 00 00 83 3d
0x000000006532fd23:   d0 eb 56 00 01 7e 18 80 3d 49 e0 56 00 00 74 07 


Register to memory mapping:

RAX=0x00000000b85ca5e0 is an unallocated location in the heap
RBX=0x000000000220c800 is a thread
RCX=0x0000000000000000 is an unknown value
RDX=0x00000000b05ca650 is an oop
{method} 
 - klass: {other class}
RSP=0x00000000025dcb10 is pointing into the stack for thread: 0x000000000220c800
RBP=0x0000000000000018 is an unknown value
RSI=0x00000000099335d8 is an unknown value
RDI=0x00000000b05ca650 is an oop
{method} 
 - klass: {other class}
R8 =0x0000000000000018 is an unknown value
R9 =0x00000000020ec8e0 is an unknown value
R10=0x0000000000000007 is an unknown value
R11=0x00000000020ec8e0 is an unknown value
R12=0x00000000025dcbe0 is pointing into the stack for thread: 0x000000000220c800
R13=0x00000000099335d8 is an unknown value
R14=0x000000000000004c is an unknown value
R15=0x000000000000004c is an unknown value


Stack: [0x00000000024e0000,0x00000000025e0000],  sp=0x00000000025dcb10,  free space=1010k
Native frames: (J=compiled Java code, j=interpreted, Vv=VM code, C=native code)
V  [jvm.dll+0x13fd13]

[error occurred during error reporting (printing native stack), id 0xc0000005]

Java frames: (J=compiled Java code, j=interpreted, Vv=VM code)
j  scala.Predef$.<init>()V+81
j  scala.Predef$.<clinit>()V+3
v  ~StubRoutines::call_stub
j  sbt.ConsoleLogger$.<init>()V+61
j  sbt.ConsoleLogger$.<clinit>()V+3
v  ~StubRoutines::call_stub
j  sbt.StandardMain$.<init>()V+9
j  sbt.StandardMain$.<clinit>()V+3
v  ~StubRoutines::call_stub
j  sbt.xMain.run(Lxsbti/AppConfiguration;)Lxsbti/MainResult;+3
j  xsbt.boot.Launch$.run(Lxsbti/Launcher;Lxsbt/boot/RunConfiguration;)Lxsbti/MainResult;+60
j  xsbt.boot.Launch$$anonfun$explicit$1.apply(Ljava/lang/Object;)Ljava/lang/Object;+12
j  xsbt.boot.Launch$.launch(Lscala/Function1;Lxsbt/boot/RunConfiguration;)Lscala/Option;+2
j  xsbt.boot.Launch$.apply(Lscala/collection/immutable/List;)Lscala/Option;+328
j  xsbt.boot.Boot$.runImpl([Ljava/lang/String;)Lscala/Option;+15
j  xsbt.boot.Boot$.main([Ljava/lang/String;)V+192
j  xsbt.boot.Boot.main([Ljava/lang/String;)V+4
v  ~StubRoutines::call_stub

---------------  P R O C E S S  ---------------

Java Threads: ( => current thread )
  0x000000000b95b800 JavaThread "Service Thread" daemon [_thread_blocked, id=5096, stack(0x000000000c5c0000,0x000000000c6c0000)]
  0x000000000b957000 JavaThread "C2 CompilerThread1" daemon [_thread_blocked, id=5512, stack(0x000000000c3d0000,0x000000000c4d0000)]
  0x000000000b94f800 JavaThread "C2 CompilerThread0" daemon [_thread_blocked, id=4400, stack(0x000000000c130000,0x000000000c230000)]
  0x000000000b94f000 JavaThread "Attach Listener" daemon [_thread_blocked, id=6104, stack(0x000000000bf10000,0x000000000c010000)]
  0x000000000b94e000 JavaThread "Signal Dispatcher" daemon [_thread_blocked, id=5868, stack(0x000000000bd00000,0x000000000be00000)]
  0x000000000993a000 JavaThread "Finalizer" daemon [_thread_blocked, id=5728, stack(0x000000000b530000,0x000000000b630000)]
  0x0000000009932000 JavaThread "Reference Handler" daemon [_thread_blocked, id=5648, stack(0x000000000b800000,0x000000000b900000)]
=>0x000000000220c800 JavaThread "main" [_thread_in_vm, id=3644, stack(0x00000000024e0000,0x00000000025e0000)]

Other Threads:
  0x0000000009928800 VMThread [stack: 0x000000000b650000,0x000000000b750000] [id=3080]
  0x000000000b96e800 WatcherThread [stack: 0x000000000c2a0000,0x000000000c3a0000] [id=6112]

VM state:not at safepoint (normal execution)

VM Mutex/Monitor currently owned by a thread: None

Heap
 PSYoungGen      total 152896K, used 15762K [0x00000000eaab0000, 0x00000000f5550000, 0x0000000100000000)
  eden space 131072K, 12% used [0x00000000eaab0000,0x00000000eba14b80,0x00000000f2ab0000)
  from space 21824K, 0% used [0x00000000f4000000,0x00000000f4000000,0x00000000f5550000)
  to   space 21824K, 0% used [0x00000000f2ab0000,0x00000000f2ab0000,0x00000000f4000000)
 ParOldGen       total 349568K, used 0K [0x00000000c0000000, 0x00000000d5560000, 0x00000000eaab0000)
  object space 349568K, 0% used [0x00000000c0000000,0x00000000c0000000,0x00000000d5560000)
 PSPermGen       total 21248K, used 8145K [0x00000000b0000000, 0x00000000b14c0000, 0x00000000c0000000)
  object space 21248K, 38% used [0x00000000b0000000,0x00000000b07f47d8,0x00000000b14c0000)

Card table byte_map: [0x00000000055e0000,0x0000000005870000] byte_map_base: 0x0000000005060000

Polling page: 0x0000000000230000

Code Cache  [0x00000000025e0000, 0x0000000002850000, 0x00000000055e0000)
 total_blobs=252 nmethods=23 adapters=181 free_code_cache=48705Kb largest_free_block=49866112

Compilation events (10 events):
Event: 0.223 Thread 0x000000000b957000   19  s          java.lang.StringBuffer::append (8 bytes)
Event: 0.226 Thread 0x000000000b957000 nmethod 19 0x0000000002646890 code [0x00000000026469e0, 0x0000000002647098]
Event: 0.226 Thread 0x000000000b94f800   20             java.io.Win32FileSystem::normalize (231 bytes)
Event: 0.235 Thread 0x000000000b94f800 nmethod 20 0x000000000264e490 code [0x000000000264e6a0, 0x000000000264f3e8]
Event: 0.257 Thread 0x000000000b957000   21             java.lang.CharacterData::of (120 bytes)
Event: 0.257 Thread 0x000000000b94f800   22             java.lang.CharacterDataLatin1::getProperties (11 bytes)
Event: 0.257 Thread 0x000000000b94f800 nmethod 22 0x0000000002643c10 code [0x0000000002643d40, 0x0000000002643db8]
Event: 0.257 Thread 0x000000000b957000 nmethod 21 0x000000000264c9d0 code [0x000000000264cb20, 0x000000000264cbd8]
Event: 0.276 Thread 0x000000000b94f800   23             java.lang.String::equals (81 bytes)
Event: 0.278 Thread 0x000000000b94f800 nmethod 23 0x00000000026515d0 code [0x0000000002651720, 0x0000000002651958]

GC Heap History (0 events):
No events

Deoptimization events (1 events):
Event: 0.231 Thread 0x000000000220c800 Uncommon trap -12 fr.pc 0x00000000026436cc

Internal exceptions (10 events):
Event: 0.381 Thread 0x000000000220c800 Threw 0x00000000eb9266f0 at C:\jdk7u2_64p\jdk7u21\hotspot\src\share\vm\prims\jvm.cpp:1166
Event: 0.382 Thread 0x000000000220c800 Threw 0x00000000eb92c138 at C:\jdk7u2_64p\jdk7u21\hotspot\src\share\vm\prims\jvm.cpp:1166
Event: 0.382 Thread 0x000000000220c800 Threw 0x00000000eb92f190 at C:\jdk7u2_64p\jdk7u21\hotspot\src\share\vm\prims\jvm.cpp:1166
Event: 0.383 Thread 0x000000000220c800 Threw 0x00000000eb9321e8 at C:\jdk7u2_64p\jdk7u21\hotspot\src\share\vm\prims\jvm.cpp:1166
Event: 0.383 Thread 0x000000000220c800 Threw 0x00000000eb9352e8 at C:\jdk7u2_64p\jdk7u21\hotspot\src\share\vm\prims\jvm.cpp:1166
Event: 0.383 Thread 0x000000000220c800 Threw 0x00000000eb9382b8 at C:\jdk7u2_64p\jdk7u21\hotspot\src\share\vm\prims\jvm.cpp:1166
Event: 0.383 Thread 0x000000000220c800 Threw 0x00000000eb93a5e0 at C:\jdk7u2_64p\jdk7u21\hotspot\src\share\vm\prims\jvm.cpp:1166
Event: 0.384 Thread 0x000000000220c800 Threw 0x00000000eb93d3a8 at C:\jdk7u2_64p\jdk7u21\hotspot\src\share\vm\prims\jvm.cpp:1166
Event: 0.384 Thread 0x000000000220c800 Threw 0x00000000eb945890 at C:\jdk7u2_64p\jdk7u21\hotspot\src\share\vm\prims\jvm.cpp:1166
Event: 0.384 Thread 0x000000000220c800 Threw 0x00000000eb9486d8 at C:\jdk7u2_64p\jdk7u21\hotspot\src\share\vm\prims\jvm.cpp:1166

Events (10 events):
Event: 0.361 loading class 0x000000000cba26a0
Event: 0.361 loading class 0x000000000cba26a0 done
Event: 0.361 loading class 0x000000000cba2580
Event: 0.361 loading class 0x000000000cba2580 done
Event: 0.363 loading class 0x000000000cba29d0
Event: 0.363 loading class 0x000000000cba29d0 done
Event: 0.363 loading class 0x000000000cba32a0
Event: 0.363 loading class 0x000000000cba32a0 done
Event: 0.363 loading class 0x00000000099651f0
Event: 0.363 loading class 0x00000000099651f0 done


Dynamic libraries:
0x000000013f6e0000 - 0x000000013f713000 	C:\Windows\system32\java.exe
0x00000000772f0000 - 0x0000000077499000 	C:\Windows\SYSTEM32\ntdll.dll
0x00000000771d0000 - 0x00000000772ef000 	C:\Windows\system32\kernel32.dll
0x000007fefd460000 - 0x000007fefd4cb000 	C:\Windows\system32\KERNELBASE.dll
0x0000000074e80000 - 0x0000000074f07000 	C:\Windows\System32\SYSFER.DLL
0x000007fefed00000 - 0x000007fefeddb000 	C:\Windows\system32\ADVAPI32.dll
0x000007feff560000 - 0x000007feff5ff000 	C:\Windows\system32\msvcrt.dll
0x000007fefd650000 - 0x000007fefd66f000 	C:\Windows\SYSTEM32\sechost.dll
0x000007fefebd0000 - 0x000007fefecfd000 	C:\Windows\system32\RPCRT4.dll
0x00000000770d0000 - 0x00000000771ca000 	C:\Windows\system32\USER32.dll
0x000007fefef50000 - 0x000007fefefb7000 	C:\Windows\system32\GDI32.dll
0x000007fefee70000 - 0x000007fefee7e000 	C:\Windows\system32\LPK.dll
0x000007fefee80000 - 0x000007fefef49000 	C:\Windows\system32\USP10.dll
0x000007fefbb80000 - 0x000007fefbd74000 	C:\Windows\WinSxS\amd64_microsoft.windows.common-controls_6595b64144ccf1df_6.0.7601.17514_none_fa396087175ac9ac\COMCTL32.dll
0x000007fefeb50000 - 0x000007fefebc1000 	C:\Windows\system32\SHLWAPI.dll
0x000007fefd960000 - 0x000007fefd98e000 	C:\Windows\system32\IMM32.DLL
0x000007fefd850000 - 0x000007fefd959000 	C:\Windows\system32\MSCTF.dll
0x0000000073630000 - 0x0000000073701000 	C:\Program Files\Java\jre7\bin\msvcr100.dll
0x00000000651f0000 - 0x0000000065911000 	C:\Program Files\Java\jre7\bin\server\jvm.dll
0x000007fef2cc0000 - 0x000007fef2cc9000 	C:\Windows\system32\WSOCK32.dll
0x000007fefd5a0000 - 0x000007fefd5ed000 	C:\Windows\system32\WS2_32.dll
0x000007fefee60000 - 0x000007fefee68000 	C:\Windows\system32\NSI.dll
0x000007fef9b70000 - 0x000007fef9bab000 	C:\Windows\system32\WINMM.dll
0x00000000774c0000 - 0x00000000774c7000 	C:\Windows\system32\PSAPI.DLL
0x0000000073620000 - 0x000000007362f000 	C:\Program Files\Java\jre7\bin\verify.dll
0x00000000735f0000 - 0x0000000073618000 	C:\Program Files\Java\jre7\bin\java.dll
0x00000000735d0000 - 0x00000000735e5000 	C:\Program Files\Java\jre7\bin\zip.dll
0x00000000735b0000 - 0x00000000735c9000 	C:\Program Files\Java\jre7\bin\net.dll
0x000007fefc940000 - 0x000007fefc995000 	C:\Windows\system32\mswsock.dll
0x000007fefc930000 - 0x000007fefc937000 	C:\Windows\System32\wship6.dll
0x0000000073590000 - 0x00000000735a1000 	C:\Program Files\Java\jre7\bin\nio.dll
0x0000000180000000 - 0x0000000180010000 	C:\Users\Ray\AppData\Local\Temp\jline_0_12_2.dll
0x000007fef4b30000 - 0x000007fef4c55000 	C:\Windows\system32\dbghelp.dll

VM Arguments:
jvm_args: -Xms512M -Xmx1024M -Xss1M -XX:+CMSClassUnloadingEnabled -XX:MaxPermSize=256M -Dfile.encoding=UTF-8 -Dplay.version=2.1.1 -Dsbt.ivy.home=C:\programs\play-2.1.1\framework\..\repository -Dplay.home=C:\programs\play-2.1.1\framework\. -Dsbt.boot.properties=file:///C:/programs/play-2.1.1/framework/sbt/sbt.boot.properties 
java_command: C:\programs\play-2.1.1\framework\sbt\sbt-launch.jar run
Launcher Type: SUN_STANDARD

Environment Variables:
JAVA_HOME=C:\Program Files\Java\jdk1.7.0_21
PATH=C:\Windows;C:\Windows\system32;C:\Windows\System32\Wbem;C:\Windows\System32\WindowsPowerShell\v1.0;C:\Program Files (x86)\NVIDIA Corporation\PhysX\Common;C:\Program Files\Java\jdk1.7.0_21\bin;C:\Program Files (x86)\Git\cmd;C:\programs\play-2.1.1;C:\programs\apache-tomcat-7.0.40\bin
USERNAME=Ray
OS=Windows_NT
PROCESSOR_IDENTIFIER=Intel64 Family 6 Model 26 Stepping 4, GenuineIntel



---------------  S Y S T E M  ---------------

OS: Windows 7 , 64 bit Build 7601 Service Pack 1

CPU:total 8 (4 cores per cpu, 2 threads per core) family 6 model 26 stepping 4, cmov, cx8, fxsr, mmx, sse, sse2, sse3, ssse3, sse4.1, sse4.2, popcnt, ht, tsc, tscinvbit, tscinv

Memory: 4k page, physical 8379540k(4828556k free), swap 24761680k(19885336k free)

vm_info: Java HotSpot(TM) 64-Bit Server VM (23.21-b01) for windows-amd64 JRE (1.7.0_21-b11), built on Apr  4 2013 08:11:28 by "java_re" with unknown MS VC++:1600

time: Sun Jun 16 15:54:40 2013
elapsed time: 0 seconds

