#
# A fatal error has been detected by the Java Runtime Environment:
#
#  EXCEPTION_ACCESS_VIOLATION (0xc0000005) at pc=0x0000000002646116, pid=5556, tid=5864
#
# JRE version: 7.0_21-b11
# Java VM: Java HotSpot(TM) 64-Bit Server VM (23.21-b01 mixed mode windows-amd64 compressed oops)
# Problematic frame:
# J  org.yaml.snakeyaml.constructor.BaseConstructor.getConstructor(Lorg/yaml/snakeyaml/nodes/Node;)Lorg/yaml/snakeyaml/constructor/Construct;
#
# Failed to write core dump. Minidumps are not enabled by default on client versions of Windows
#
# If you would like to submit a bug report, please visit:
#   http://bugreport.sun.com/bugreport/crash.jsp
#

---------------  T H R E A D  ---------------

Current thread (0x000000000df87800):  JavaThread "New I/O worker #1" [_thread_in_Java, id=5864, stack(0x000000000e9d0000,0x000000000ead0000)]

siginfo: ExceptionCode=0xc0000005, reading address 0x00000000006e007b

Registers:
RAX=0x0000000000000001, RBX=0x00000000c8718d68, RCX=0x00000000c66f1ca8, RDX=0x00000000c6827578
RSP=0x000000000eacd600, RBP=0x00000000c179cdc8, RSI=0x0000000000000000, RDI=0x00000000c689dfb8
R8 =0x00000000006e006f, R9 =0x00000000c66f1c98, R10=0x00000000ce6edcd0, R11=0x00000000c8718d68
R12=0x0000000000000000, R13=0x00000000c8707498, R14=0x00000000c689de40, R15=0x000000000df87800
RIP=0x0000000002646116, EFLAGS=0x0000000000010206

Top of Stack: (sp=0x000000000eacd600)
0x000000000eacd600:   00000000c6827578 000000000255ed74
0x000000000eacd610:   000000000df87800 000000006547ca49
0x000000000eacd620:   000000000000000a 00000000653a1ff5
0x000000000eacd630:   000000000c8bfc08 0000000000000000
0x000000000eacd640:   00000000c689df70 00000000026587cc
0x000000000eacd650:   00000000c689db28 0000000000000001
0x000000000eacd660:   00000000c6719430 00000000c6827578
0x000000000eacd670:   00000000effbace0 c689df60c6827578
0x000000000eacd680:   00000000c8707d88 000000010000000c
0x000000000eacd690:   c689dfa800000002 0000000000000000
0x000000000eacd6a0:   00000000c8718d28 00000000edb51560
0x000000000eacd6b0:   00000000c8718d68 0000000006a083b0
0x000000000eacd6c0:   00000000effbaed8 00000000effbaed8
0x000000000eacd6d0:   00000000c8718d28 00000000c8718f70
0x000000000eacd6e0:   00000000c689db48 effbad30effbad30
0x000000000eacd6f0:   000000000df87800 0000000000000246 

Instructions: (pc=0x0000000002646116)
0x00000000026460f6:   00 00 81 fd d8 c5 79 c1 0f 84 11 07 00 00 45 8b
0x0000000002646106:   42 0c 49 b9 98 1c 6f c6 00 00 00 00 41 8b 49 0c
0x0000000002646116:   45 8b 48 0c 44 3b c1 0f 84 54 01 00 00 8b 59 0c
0x0000000002646126:   44 8b 43 0c 41 8b 49 0c 41 3b c8 0f 85 b0 00 00 


Register to memory mapping:

RAX=0x0000000000000001 is an unknown value
RBX=0x00000000c8718d68 is an oop
org.yaml.snakeyaml.nodes.ScalarNode 
 - klass: 'org/yaml/snakeyaml/nodes/ScalarNode'
RCX=0x00000000c66f1ca8 is an oop
java.lang.String 
 - klass: 'java/lang/String'
RDX=0x00000000c6827578 is an oop
org.yaml.snakeyaml.constructor.CustomClassLoaderConstructor 
 - klass: 'org/yaml/snakeyaml/constructor/CustomClassLoaderConstructor'
RSP=0x000000000eacd600 is pointing into the stack for thread: 0x000000000df87800
RBP=0x00000000c179cdc8 is an oop
java.lang.Class 
 - klass: 'java/lang/Class'
RSI=0x0000000000000000 is an unknown value
RDI=0x00000000c689dfb8 is an oop
[Ljava.util.HashMap$Entry; 
 - klass: 'java/util/HashMap$Entry'[]
 - length: 16
R8 =0x00000000006e006f is an unknown value
R9 =0x00000000c66f1c98 is an oop
org.yaml.snakeyaml.nodes.Tag 
 - klass: 'org/yaml/snakeyaml/nodes/Tag'
R10=0x00000000ce6edcd0 is an oop
[C 
 - klass: {type array char}
 - length: 1043
R11=0x00000000c8718d68 is an oop
org.yaml.snakeyaml.nodes.ScalarNode 
 - klass: 'org/yaml/snakeyaml/nodes/ScalarNode'
R12=0x0000000000000000 is an unknown value
R13=0x00000000c8707498 is an oop
org.yaml.snakeyaml.nodes.Tag 
 - klass: 'org/yaml/snakeyaml/nodes/Tag'
R14=0x00000000c689de40 is an oop
org.yaml.snakeyaml.constructor.Constructor$ConstructYamlObject 
 - klass: 'org/yaml/snakeyaml/constructor/Constructor$ConstructYamlObject'
R15=0x000000000df87800 is a thread


Stack: [0x000000000e9d0000,0x000000000ead0000],  sp=0x000000000eacd600,  free space=1013k
Native frames: (J=compiled Java code, j=interpreted, Vv=VM code, C=native code)
J  org.yaml.snakeyaml.constructor.BaseConstructor.getConstructor(Lorg/yaml/snakeyaml/nodes/Node;)Lorg/yaml/snakeyaml/constructor/Construct;


---------------  P R O C E S S  ---------------

Java Threads: ( => current thread )
  0x0000000010c89800 JavaThread "net.sf.ehcache.CacheManager@3d21e5e6" daemon [_thread_blocked, id=4736, stack(0x0000000010a20000,0x0000000010b20000)]
  0x0000000010c88800 JavaThread "EbeanCacheWarmer" daemon [_thread_blocked, id=5340, stack(0x00000000106d0000,0x00000000107d0000)]
  0x0000000010c88000 JavaThread "Ebean-default.0" daemon [_thread_blocked, id=5520, stack(0x0000000010830000,0x0000000010930000)]
  0x0000000010c87000 JavaThread "EbeanBackgroundThread" daemon [_thread_blocked, id=4088, stack(0x00000000105b0000,0x00000000106b0000)]
  0x0000000010c86800 JavaThread "BoneCP-pool-watch-thread" daemon [_thread_blocked, id=5552, stack(0x0000000010010000,0x0000000010110000)]
  0x000000000df8f000 JavaThread "BoneCP-max-alive-scheduler" daemon [_thread_blocked, id=4764, stack(0x0000000010470000,0x0000000010570000)]
  0x000000000df90000 JavaThread "BoneCP-keep-alive-scheduler" daemon [_thread_blocked, id=2968, stack(0x00000000102d0000,0x00000000103d0000)]
  0x000000000df8e800 JavaThread "com.google.common.base.internal.Finalizer" daemon [_thread_blocked, id=5584, stack(0x0000000010150000,0x0000000010250000)]
  0x000000000df8d800 JavaThread "New I/O server boss #17" [_thread_in_native, id=6120, stack(0x000000000fdd0000,0x000000000fed0000)]
  0x000000000df8d000 JavaThread "New I/O worker #16" [_thread_in_native, id=5680, stack(0x000000000fed0000,0x000000000ffd0000)]
  0x000000000df8c000 JavaThread "New I/O worker #15" [_thread_in_native, id=5760, stack(0x000000000fc80000,0x000000000fd80000)]
  0x000000000df8b800 JavaThread "New I/O worker #14" [_thread_in_native, id=1880, stack(0x000000000f7a0000,0x000000000f8a0000)]
  0x000000000df8a800 JavaThread "New I/O worker #13" [_thread_in_native, id=5240, stack(0x000000000fa60000,0x000000000fb60000)]
  0x000000000df8a000 JavaThread "New I/O worker #12" [_thread_in_native, id=4244, stack(0x000000000f8c0000,0x000000000f9c0000)]
  0x000000000df89000 JavaThread "New I/O worker #11" [_thread_in_native, id=5872, stack(0x000000000f620000,0x000000000f720000)]
  0x000000000df35800 JavaThread "New I/O worker #10" [_thread_in_native, id=5900, stack(0x000000000f460000,0x000000000f560000)]
  0x000000000dfe7800 JavaThread "New I/O worker #9" [_thread_in_native, id=5472, stack(0x000000000f2f0000,0x000000000f3f0000)]
  0x000000000dfe5800 JavaThread "New I/O worker #8" [_thread_in_native, id=3824, stack(0x000000000f000000,0x000000000f100000)]
  0x000000000dfe4000 JavaThread "New I/O worker #7" [_thread_in_native, id=6104, stack(0x000000000f1b0000,0x000000000f2b0000)]
  0x000000000dfe2000 JavaThread "New I/O worker #6" [_thread_in_native, id=4264, stack(0x000000000eed0000,0x000000000efd0000)]
  0x000000000df34000 JavaThread "New I/O worker #5" [_thread_in_native, id=1484, stack(0x000000000ebe0000,0x000000000ece0000)]
  0x000000000df32000 JavaThread "New I/O worker #4" [_thread_in_native, id=4692, stack(0x000000000ed20000,0x000000000ee20000)]
  0x000000000e0a3000 JavaThread "New I/O worker #3" [_thread_in_native, id=5796, stack(0x000000000ead0000,0x000000000ebd0000)]
  0x000000000e0a2800 JavaThread "New I/O worker #2" [_thread_in_native, id=4684, stack(0x000000000d5f0000,0x000000000d6f0000)]
=>0x000000000df87800 JavaThread "New I/O worker #1" [_thread_in_Java, id=5864, stack(0x000000000e9d0000,0x000000000ead0000)]
  0x000000000ba4d000 JavaThread "Service Thread" daemon [_thread_blocked, id=5248, stack(0x000000000b3d0000,0x000000000b4d0000)]
  0x000000000ba44000 JavaThread "C2 CompilerThread1" daemon [_thread_blocked, id=5104, stack(0x000000000c390000,0x000000000c490000)]
  0x000000000ba3d000 JavaThread "C2 CompilerThread0" daemon [_thread_blocked, id=5480, stack(0x000000000c260000,0x000000000c360000)]
  0x000000000ba3c000 JavaThread "Attach Listener" daemon [_thread_blocked, id=5940, stack(0x000000000c0b0000,0x000000000c1b0000)]
  0x000000000ba3b000 JavaThread "Signal Dispatcher" daemon [_thread_blocked, id=3792, stack(0x000000000bec0000,0x000000000bfc0000)]
  0x00000000097c7000 JavaThread "Finalizer" daemon [_thread_blocked, id=5148, stack(0x000000000b8f0000,0x000000000b9f0000)]
  0x00000000097bf000 JavaThread "Reference Handler" daemon [_thread_blocked, id=5100, stack(0x000000000b780000,0x000000000b880000)]
  0x000000000021c800 JavaThread "main" [_thread_in_native, id=6112, stack(0x00000000022d0000,0x00000000023d0000)]

Other Threads:
  0x00000000097b5000 VMThread [stack: 0x000000000b4e0000,0x000000000b5e0000] [id=5112]
  0x000000000ba5e000 WatcherThread [stack: 0x000000000c4d0000,0x000000000c5d0000] [id=5668]

VM state:not at safepoint (normal execution)

VM Mutex/Monitor currently owned by a thread: None

Heap
 PSYoungGen      total 240896K, used 114371K [0x00000000eaab0000, 0x00000000ff710000, 0x0000000100000000)
  eden space 142080K, 61% used [0x00000000eaab0000,0x00000000f0088fd8,0x00000000f3570000)
  from space 98816K, 26% used [0x00000000f3570000,0x00000000f4f48000,0x00000000f95f0000)
  to   space 95680K, 0% used [0x00000000f99a0000,0x00000000f99a0000,0x00000000ff710000)
 ParOldGen       total 349568K, used 265746K [0x00000000c0000000, 0x00000000d5560000, 0x00000000eaab0000)
  object space 349568K, 76% used [0x00000000c0000000,0x00000000d0384b38,0x00000000d5560000)
 PSPermGen       total 58496K, used 58379K [0x00000000b0000000, 0x00000000b3920000, 0x00000000c0000000)
  object space 58496K, 99% used [0x00000000b0000000,0x00000000b3902ec0,0x00000000b3920000)

Card table byte_map: [0x00000000053d0000,0x0000000005660000] byte_map_base: 0x0000000004e50000

Polling page: 0x0000000000240000

Code Cache  [0x00000000023d0000, 0x0000000002680000, 0x00000000053d0000)
 total_blobs=1708 nmethods=1297 adapters=361 free_code_cache=46487Kb largest_free_block=47547968

Compilation events (10 events):
Event: 9.091 Thread 0x000000000ba44000 1404             org.yaml.snakeyaml.constructor.Constructor$ConstructMapping::construct (226 bytes)
Event: 9.098 Thread 0x000000000ba44000 nmethod 1404 0x000000000266d6d0 code [0x000000000266d940, 0x000000000266e108]
Event: 9.098 Thread 0x000000000ba44000 1405   !         org.yaml.snakeyaml.constructor.Constructor$ConstructMapping::createEmptyJavaBean (36 bytes)
Event: 9.100 Thread 0x000000000ba44000 nmethod 1405 0x000000000266ca50 code [0x000000000266cbe0, 0x000000000266ce88]
Event: 9.100 Thread 0x000000000ba44000 1406             java.lang.Class::getDeclaredConstructor (16 bytes)
Event: 9.101 Thread 0x000000000ba44000 nmethod 1406 0x0000000002655ed0 code [0x0000000002656040, 0x0000000002656148]
Event: 9.101 Thread 0x000000000ba44000 1407             org.yaml.snakeyaml.constructor.SafeConstructor$ConstructYamlNull::construct (14 bytes)
Event: 9.101 Thread 0x000000000ba44000 nmethod 1407 0x000000000266d3d0 code [0x000000000266d520, 0x000000000266d5b8]
Event: 9.102 Thread 0x000000000ba3d000 nmethod 1400 0x0000000002673c10 code [0x0000000002673f80, 0x00000000026754c0]
Event: 9.118 Thread 0x000000000ba44000   12 %           org.yaml.snakeyaml.constructor.BaseConstructor::constructSequenceStep2 @ 10 (47 bytes)

GC Heap History (10 events):
Event: 7.871 GC heap before
{Heap before GC invocations=9 (full 0):
 PSYoungGen      total 202240K, used 202233K [0x00000000eaab0000, 0x0000000100000000, 0x0000000100000000)
  eden space 152896K, 100% used [0x00000000eaab0000,0x00000000f4000000,0x00000000f4000000)
  from space 49344K, 99% used [0x00000000fcfd0000,0x00000000ffffe420,0x0000000100000000)
  to   space 98304K, 0% used [0x00000000f4000000,0x00000000f4000000,0x00000000fa000000)
 ParOldGen       total 349568K, used 105399K [0x00000000c0000000, 0x00000000d5560000, 0x00000000eaab0000)
  object space 349568K, 30% used [0x00000000c0000000,0x00000000c66edc30,0x00000000d5560000)
 PSPermGen       total 58496K, used 58320K [0x00000000b0000000, 0x00000000b3920000, 0x00000000c0000000)
  object space 58496K, 99% used [0x00000000b0000000,0x00000000b38f41d0,0x00000000b3920000)
Event: 7.915 GC heap after
Heap after GC invocations=9 (full 0):
 PSYoungGen      total 228096K, used 75195K [0x00000000eaab0000, 0x0000000100000000, 0x0000000100000000)
  eden space 152896K, 0% used [0x00000000eaab0000,0x00000000eaab0000,0x00000000f4000000)
  from space 75200K, 99% used [0x00000000f4000000,0x00000000f896ee18,0x00000000f8970000)
  to   space 106048K, 0% used [0x00000000f9870000,0x00000000f9870000,0x0000000100000000)
 ParOldGen       total 349568K, used 107377K [0x00000000c0000000, 0x00000000d5560000, 0x00000000eaab0000)
  object space 349568K, 30% used [0x00000000c0000000,0x00000000c68dc618,0x00000000d5560000)
 PSPermGen       total 58496K, used 58320K [0x00000000b0000000, 0x00000000b3920000, 0x00000000c0000000)
  object space 58496K, 99% used [0x00000000b0000000,0x00000000b38f41d0,0x00000000b3920000)
}
Event: 8.074 GC heap before
{Heap before GC invocations=10 (full 0):
 PSYoungGen      total 228096K, used 228091K [0x00000000eaab0000, 0x0000000100000000, 0x0000000100000000)
  eden space 152896K, 100% used [0x00000000eaab0000,0x00000000f4000000,0x00000000f4000000)
  from space 75200K, 99% used [0x00000000f4000000,0x00000000f896ee18,0x00000000f8970000)
  to   space 106048K, 0% used [0x00000000f9870000,0x00000000f9870000,0x0000000100000000)
 ParOldGen       total 349568K, used 107377K [0x00000000c0000000, 0x00000000d5560000, 0x00000000eaab0000)
  object space 349568K, 30% used [0x00000000c0000000,0x00000000c68dc618,0x00000000d5560000)
 PSPermGen       total 58496K, used 58320K [0x00000000b0000000, 0x00000000b3920000, 0x00000000c0000000)
  object space 58496K, 99% used [0x00000000b0000000,0x00000000b38f41d0,0x00000000b3920000)
Event: 8.120 GC heap after
Heap after GC invocations=10 (full 0):
 PSYoungGen      total 245248K, used 56091K [0x00000000eaab0000, 0x0000000100000000, 0x0000000100000000)
  eden space 139200K, 0% used [0x00000000eaab0000,0x00000000eaab0000,0x00000000f32a0000)
  from space 106048K, 52% used [0x00000000f9870000,0x00000000fcf36e18,0x0000000100000000)
  to   space 104256K, 0% used [0x00000000f32a0000,0x00000000f32a0000,0x00000000f9870000)
 ParOldGen       total 349568K, used 155961K [0x00000000c0000000, 0x00000000d5560000, 0x00000000eaab0000)
  object space 349568K, 44% used [0x00000000c0000000,0x00000000c984e618,0x00000000d5560000)
 PSPermGen       total 58496K, used 58320K [0x00000000b0000000, 0x00000000b3920000, 0x00000000c0000000)
  object space 58496K, 99% used [0x00000000b0000000,0x00000000b38f41d0,0x00000000b3920000)
}
Event: 8.263 GC heap before
{Heap before GC invocations=11 (full 0):
 PSYoungGen      total 245248K, used 195291K [0x00000000eaab0000, 0x0000000100000000, 0x0000000100000000)
  eden space 139200K, 100% used [0x00000000eaab0000,0x00000000f32a0000,0x00000000f32a0000)
  from space 106048K, 52% used [0x00000000f9870000,0x00000000fcf36e18,0x0000000100000000)
  to   space 104256K, 0% used [0x00000000f32a0000,0x00000000f32a0000,0x00000000f9870000)
 ParOldGen       total 349568K, used 155961K [0x00000000c0000000, 0x00000000d5560000, 0x00000000eaab0000)
  object space 349568K, 44% used [0x00000000c0000000,0x00000000c984e618,0x00000000d5560000)
 PSPermGen       total 58496K, used 58320K [0x00000000b0000000, 0x00000000b3920000, 0x00000000c0000000)
  object space 58496K, 99% used [0x00000000b0000000,0x00000000b38f41d0,0x00000000b3920000)
Event: 8.314 GC heap after
Heap after GC invocations=11 (full 0):
 PSYoungGen      total 164864K, used 25625K [0x00000000eaab0000, 0x00000000ff940000, 0x0000000100000000)
  eden space 139200K, 0% used [0x00000000eaab0000,0x00000000eaab0000,0x00000000f32a0000)
  from space 25664K, 99% used [0x00000000f32a0000,0x00000000f4ba6520,0x00000000f4bb0000)
  to   space 101696K, 0% used [0x00000000f95f0000,0x00000000f95f0000,0x00000000ff940000)
 ParOldGen       total 349568K, used 213209K [0x00000000c0000000, 0x00000000d5560000, 0x00000000eaab0000)
  object space 349568K, 60% used [0x00000000c0000000,0x00000000cd036618,0x00000000d5560000)
 PSPermGen       total 58496K, used 58320K [0x00000000b0000000, 0x00000000b3920000, 0x00000000c0000000)
  object space 58496K, 99% used [0x00000000b0000000,0x00000000b38f41d0,0x00000000b3920000)
}
Event: 8.458 GC heap before
{Heap before GC invocations=12 (full 0):
 PSYoungGen      total 164864K, used 164825K [0x00000000eaab0000, 0x00000000ff940000, 0x0000000100000000)
  eden space 139200K, 100% used [0x00000000eaab0000,0x00000000f32a0000,0x00000000f32a0000)
  from space 25664K, 99% used [0x00000000f32a0000,0x00000000f4ba6520,0x00000000f4bb0000)
  to   space 101696K, 0% used [0x00000000f95f0000,0x00000000f95f0000,0x00000000ff940000)
 ParOldGen       total 349568K, used 213209K [0x00000000c0000000, 0x00000000d5560000, 0x00000000eaab0000)
  object space 349568K, 60% used [0x00000000c0000000,0x00000000cd036618,0x00000000d5560000)
 PSPermGen       total 58496K, used 58320K [0x00000000b0000000, 0x00000000b3920000, 0x00000000c0000000)
  object space 58496K, 99% used [0x00000000b0000000,0x00000000b38f41d0,0x00000000b3920000)
Event: 8.489 GC heap after
Heap after GC invocations=12 (full 0):
 PSYoungGen      total 243776K, used 25824K [0x00000000eaab0000, 0x0000000100000000, 0x0000000100000000)
  eden space 142080K, 0% used [0x00000000eaab0000,0x00000000eaab0000,0x00000000f3570000)
  from space 101696K, 25% used [0x00000000f95f0000,0x00000000faf28000,0x00000000ff940000)
  to   space 98816K, 0% used [0x00000000f3570000,0x00000000f3570000,0x00000000f95f0000)
 ParOldGen       total 349568K, used 239402K [0x00000000c0000000, 0x00000000d5560000, 0x00000000eaab0000)
  object space 349568K, 68% used [0x00000000c0000000,0x00000000ce9cab38,0x00000000d5560000)
 PSPermGen       total 58496K, used 58320K [0x00000000b0000000, 0x00000000b3920000, 0x00000000c0000000)
  object space 58496K, 99% used [0x00000000b0000000,0x00000000b38f41d0,0x00000000b3920000)
}
Event: 8.637 GC heap before
{Heap before GC invocations=13 (full 0):
 PSYoungGen      total 243776K, used 167904K [0x00000000eaab0000, 0x0000000100000000, 0x0000000100000000)
  eden space 142080K, 100% used [0x00000000eaab0000,0x00000000f3570000,0x00000000f3570000)
  from space 101696K, 25% used [0x00000000f95f0000,0x00000000faf28000,0x00000000ff940000)
  to   space 98816K, 0% used [0x00000000f3570000,0x00000000f3570000,0x00000000f95f0000)
 ParOldGen       total 349568K, used 239402K [0x00000000c0000000, 0x00000000d5560000, 0x00000000eaab0000)
  object space 349568K, 68% used [0x00000000c0000000,0x00000000ce9cab38,0x00000000d5560000)
 PSPermGen       total 58496K, used 58321K [0x00000000b0000000, 0x00000000b3920000, 0x00000000c0000000)
  object space 58496K, 99% used [0x00000000b0000000,0x00000000b38f46b0,0x00000000b3920000)
Event: 8.667 GC heap after
Heap after GC invocations=13 (full 0):
 PSYoungGen      total 240896K, used 26464K [0x00000000eaab0000, 0x00000000ff710000, 0x0000000100000000)
  eden space 142080K, 0% used [0x00000000eaab0000,0x00000000eaab0000,0x00000000f3570000)
  from space 98816K, 26% used [0x00000000f3570000,0x00000000f4f48000,0x00000000f95f0000)
  to   space 95680K, 0% used [0x00000000f99a0000,0x00000000f99a0000,0x00000000ff710000)
 ParOldGen       total 349568K, used 265746K [0x00000000c0000000, 0x00000000d5560000, 0x00000000eaab0000)
  object space 349568K, 76% used [0x00000000c0000000,0x00000000d0384b38,0x00000000d5560000)
 PSPermGen       total 58496K, used 58321K [0x00000000b0000000, 0x00000000b3920000, 0x00000000c0000000)
  object space 58496K, 99% used [0x00000000b0000000,0x00000000b38f46b0,0x00000000b3920000)
}

Deoptimization events (10 events):
Event: 6.321 Thread 0x000000000df87800 Uncommon trap -58 fr.pc 0x000000000253b088
Event: 6.350 Thread 0x000000000df87800 Uncommon trap -83 fr.pc 0x00000000024babdc
Event: 6.369 Thread 0x000000000df87800 Uncommon trap -83 fr.pc 0x000000000245d7a8
Event: 6.369 Thread 0x000000000df87800 Uncommon trap -34 fr.pc 0x000000000255ee54
Event: 6.369 Thread 0x000000000df87800 Uncommon trap -34 fr.pc 0x000000000255ee54
Event: 6.369 Thread 0x000000000df87800 Uncommon trap -34 fr.pc 0x000000000255ee54
Event: 6.370 Thread 0x000000000df87800 Uncommon trap -34 fr.pc 0x000000000255ee54
Event: 8.717 Thread 0x000000000df87800 Uncommon trap -83 fr.pc 0x00000000025fb908
Event: 8.779 Thread 0x000000000df87800 Uncommon trap -12 fr.pc 0x0000000002642ebc
Event: 8.800 Thread 0x000000000df87800 Uncommon trap -12 fr.pc 0x000000000264b580

Internal exceptions (10 events):
Event: 8.717 Thread 0x000000000df87800 Threw 0x00000000edb1a930 at C:\jdk7u2_64p\jdk7u21\hotspot\src\share\vm\classfile\systemDictionary.cpp:179
Event: 8.718 Thread 0x000000000df87800 Threw 0x00000000edb1b420 at C:\jdk7u2_64p\jdk7u21\hotspot\src\share\vm\prims\jvm.cpp:1166
Event: 8.718 Thread 0x000000000df87800 Threw 0x00000000edb1f200 at C:\jdk7u2_64p\jdk7u21\hotspot\src\share\vm\prims\jvm.cpp:1166
Event: 8.718 Thread 0x000000000df87800 Threw 0x00000000edb23890 at C:\jdk7u2_64p\jdk7u21\hotspot\src\share\vm\prims\jvm.cpp:1166
Event: 8.718 Thread 0x000000000df87800 Threw 0x00000000edb24210 at C:\jdk7u2_64p\jdk7u21\hotspot\src\share\vm\prims\jvm.cpp:1166
Event: 8.718 Thread 0x000000000df87800 Threw 0x00000000edb27ff0 at C:\jdk7u2_64p\jdk7u21\hotspot\src\share\vm\prims\jvm.cpp:1166
Event: 8.718 Thread 0x000000000df87800 Threw 0x00000000edb2c680 at C:\jdk7u2_64p\jdk7u21\hotspot\src\share\vm\prims\jvm.cpp:1166
Event: 8.718 Thread 0x000000000df87800 Threw 0x00000000edb2c9f8 at C:\jdk7u2_64p\jdk7u21\hotspot\src\share\vm\classfile\systemDictionary.cpp:179
Event: 8.779 Thread 0x000000000df87800 Implicit null exception at 0x0000000002642723 to 0x0000000002642eb1
Event: 8.800 Thread 0x000000000df87800 Implicit null exception at 0x000000000264a73b to 0x000000000264b565

Events (10 events):
Event: 8.779 Thread 0x000000000ba44000 flushing nmethod 0x00000000024e1010
Event: 8.779 Thread 0x000000000df87800 DEOPT UNPACKING pc=0x0000000002409164 sp=0x000000000eacd660 mode 2
Event: 8.779 Thread 0x000000000ba44000 flushing nmethod 0x00000000024e7310
Event: 8.781 Thread 0x000000000ba44000 flushing nmethod 0x000000000250c190
Event: 8.782 Thread 0x000000000ba44000 flushing nmethod 0x000000000255ead0
Event: 8.783 Thread 0x000000000ba44000 flushing nmethod 0x0000000002571550
Event: 8.800 Thread 0x000000000df87800 DEOPT PACKING pc=0x000000000264b580 sp=0x000000000eacd560
Event: 8.800 Thread 0x000000000df87800 DEOPT UNPACKING pc=0x0000000002409164 sp=0x000000000eacd430 mode 2
Event: 9.061 loading class 0x00000000097cc790
Event: 9.061 loading class 0x00000000097cc790 done


Dynamic libraries:
0x000000013f980000 - 0x000000013f9b3000 	C:\Windows\system32\java.exe
0x00000000772f0000 - 0x0000000077499000 	C:\Windows\SYSTEM32\ntdll.dll
0x00000000771d0000 - 0x00000000772ef000 	C:\Windows\system32\kernel32.dll
0x000007fefd460000 - 0x000007fefd4cb000 	C:\Windows\system32\KERNELBASE.dll
0x0000000074e80000 - 0x0000000074f07000 	C:\Windows\System32\SYSFER.DLL
0x000007fefed00000 - 0x000007fefeddb000 	C:\Windows\system32\ADVAPI32.dll
0x000007feff560000 - 0x000007feff5ff000 	C:\Windows\system32\msvcrt.dll
0x000007fefd650000 - 0x000007fefd66f000 	C:\Windows\SYSTEM32\sechost.dll
0x000007fefebd0000 - 0x000007fefecfd000 	C:\Windows\system32\RPCRT4.dll
0x00000000770d0000 - 0x00000000771ca000 	C:\Windows\system32\USER32.dll
0x000007fefef50000 - 0x000007fefefb7000 	C:\Windows\system32\GDI32.dll
0x000007fefee70000 - 0x000007fefee7e000 	C:\Windows\system32\LPK.dll
0x000007fefee80000 - 0x000007fefef49000 	C:\Windows\system32\USP10.dll
0x000007fefbb80000 - 0x000007fefbd74000 	C:\Windows\WinSxS\amd64_microsoft.windows.common-controls_6595b64144ccf1df_6.0.7601.17514_none_fa396087175ac9ac\COMCTL32.dll
0x000007fefeb50000 - 0x000007fefebc1000 	C:\Windows\system32\SHLWAPI.dll
0x000007fefd960000 - 0x000007fefd98e000 	C:\Windows\system32\IMM32.DLL
0x000007fefd850000 - 0x000007fefd959000 	C:\Windows\system32\MSCTF.dll
0x0000000073630000 - 0x0000000073701000 	C:\Program Files\Java\jre7\bin\msvcr100.dll
0x00000000651f0000 - 0x0000000065911000 	C:\Program Files\Java\jre7\bin\server\jvm.dll
0x000007fef2cc0000 - 0x000007fef2cc9000 	C:\Windows\system32\WSOCK32.dll
0x000007fefd5a0000 - 0x000007fefd5ed000 	C:\Windows\system32\WS2_32.dll
0x000007fefee60000 - 0x000007fefee68000 	C:\Windows\system32\NSI.dll
0x000007fef9b70000 - 0x000007fef9bab000 	C:\Windows\system32\WINMM.dll
0x00000000774c0000 - 0x00000000774c7000 	C:\Windows\system32\PSAPI.DLL
0x0000000073620000 - 0x000000007362f000 	C:\Program Files\Java\jre7\bin\verify.dll
0x00000000735f0000 - 0x0000000073618000 	C:\Program Files\Java\jre7\bin\java.dll
0x00000000735d0000 - 0x00000000735e5000 	C:\Program Files\Java\jre7\bin\zip.dll
0x00000000735b0000 - 0x00000000735c9000 	C:\Program Files\Java\jre7\bin\net.dll
0x000007fefc940000 - 0x000007fefc995000 	C:\Windows\system32\mswsock.dll
0x000007fefc930000 - 0x000007fefc937000 	C:\Windows\System32\wship6.dll
0x0000000073590000 - 0x00000000735a1000 	C:\Program Files\Java\jre7\bin\nio.dll
0x0000000180000000 - 0x0000000180010000 	C:\Users\Ray\AppData\Local\Temp\jline_0_12_2.dll
0x000007fefc9a0000 - 0x000007fefc9b7000 	C:\Windows\system32\CRYPTSP.dll
0x000007fefc6a0000 - 0x000007fefc6e7000 	C:\Windows\system32\rsaenh.dll
0x000007fefc410000 - 0x000007fefc42e000 	C:\Windows\system32\USERENV.dll
0x000007fefd0d0000 - 0x000007fefd0df000 	C:\Windows\system32\profapi.dll
0x000007fefd000000 - 0x000007fefd00f000 	C:\Windows\system32\CRYPTBASE.dll
0x000007fefab80000 - 0x000007fefab95000 	C:\Windows\system32\NLAapi.dll
0x000007fef76f0000 - 0x000007fef7705000 	C:\Windows\system32\napinsp.dll
0x000007fef7660000 - 0x000007fef7679000 	C:\Windows\system32\pnrpnsp.dll
0x000007fefc7c0000 - 0x000007fefc81b000 	C:\Windows\system32\DNSAPI.dll
0x000007fef76e0000 - 0x000007fef76eb000 	C:\Windows\System32\winrnr.dll
0x000007fefc2e0000 - 0x000007fefc2e7000 	C:\Windows\System32\wshtcpip.dll
0x000007fefa890000 - 0x000007fefa8b7000 	C:\Windows\system32\IPHLPAPI.DLL
0x000007fefa880000 - 0x000007fefa88b000 	C:\Windows\system32\WINNSI.DLL
0x000007fef7cb0000 - 0x000007fef7cb8000 	C:\Windows\system32\rasadhlp.dll
0x000007fefa6c0000 - 0x000007fefa713000 	C:\Windows\System32\fwpuclnt.dll
0x0000000067540000 - 0x000000006764f000 	C:\programs\ray\adder\target\native_libraries\64bits\jnotify_64bit.dll

VM Arguments:
jvm_args: -Xms512M -Xmx1024M -Xss1M -XX:+CMSClassUnloadingEnabled -XX:MaxPermSize=256M -Dfile.encoding=UTF-8 -Dplay.version=2.1.1 -Dsbt.ivy.home=C:\programs\play-2.1.1\framework\..\repository -Dplay.home=C:\programs\play-2.1.1\framework\. -Dsbt.boot.properties=file:///C:/programs/play-2.1.1/framework/sbt/sbt.boot.properties 
java_command: C:\programs\play-2.1.1\framework\sbt\sbt-launch.jar run
Launcher Type: SUN_STANDARD

Environment Variables:
JAVA_HOME=C:\Program Files\Java\jdk1.7.0_21
PATH=C:\Windows;C:\Windows\system32;C:\Windows\System32\Wbem;C:\Windows\System32\WindowsPowerShell\v1.0;C:\Program Files (x86)\NVIDIA Corporation\PhysX\Common;C:\Program Files\Java\jdk1.7.0_21\bin;C:\Program Files (x86)\Git\cmd;C:\programs\play-2.1.1;C:\programs\apache-tomcat-7.0.40\bin
USERNAME=Ray
OS=Windows_NT
PROCESSOR_IDENTIFIER=Intel64 Family 6 Model 26 Stepping 4, GenuineIntel



---------------  S Y S T E M  ---------------

OS: Windows 7 , 64 bit Build 7601 Service Pack 1

CPU:total 8 (4 cores per cpu, 2 threads per core) family 6 model 26 stepping 4, cmov, cx8, fxsr, mmx, sse, sse2, sse3, ssse3, sse4.1, sse4.2, popcnt, ht, tsc, tscinvbit, tscinv

Memory: 4k page, physical 8379540k(3997820k free), swap 24761680k(19505492k free)

vm_info: Java HotSpot(TM) 64-Bit Server VM (23.21-b01) for windows-amd64 JRE (1.7.0_21-b11), built on Apr  4 2013 08:11:28 by "java_re" with unknown MS VC++:1600

time: Sun Jun 16 14:02:12 2013
elapsed time: 9 seconds

