#
# A fatal error has been detected by the Java Runtime Environment:
#
#  EXCEPTION_ACCESS_VIOLATION (0xc0000005) at pc=0x000000006bea3c02, pid=6024, tid=2644
#
# JRE version: 7.0_21-b11
# Java VM: Java HotSpot(TM) 64-Bit Server VM (23.21-b01 mixed mode windows-amd64 compressed oops)
# Problematic frame:
# V  [jvm.dll+0x353c02]
#
# Failed to write core dump. Minidumps are not enabled by default on client versions of Windows
#
# If you would like to submit a bug report, please visit:
#   http://bugreport.sun.com/bugreport/crash.jsp
#

---------------  T H R E A D  ---------------

Current thread (0x000000000205c000):  GCTaskThread [stack: 0x0000000006040000,0x0000000006140000] [id=2644]

siginfo: ExceptionCode=0xc0000005, reading address 0x00000000b800b258

Registers:
RAX=0x00000000b800b240, RBX=0x0000000005446c00, RCX=0x0000000000000000, RDX=0x00000000c6d77658
RSP=0x000000000613f5f0, RBP=0x0000000005446c01, RSI=0x00000000c6d80000, RDI=0x00000000c6d77658
R8 =0x00000000c6d77648, R9 =0x0000000000000002, R10=0x0000000005620000, R11=0x0000000005020000
R12=0x0000000005446ba9, R13=0x0000000009a945a0, R14=0x000000000204b5d0, R15=0x000000000000000c
RIP=0x000000006bea3c02, EFLAGS=0x0000000000010202

Top of Stack: (sp=0x000000000613f5f0)
0x000000000613f5f0:   0000000005446c00 0000000005446c01
0x000000000613f600:   00000000c6d80000 000000006bd0190d
0x000000000613f610:   0000000005446800 000000000544a806
0x000000000613f620:   0000000000000400 0000000000000380
0x000000000613f630:   00000000003bbc40 00000000020534e0
0x000000000613f640:   000000006c0aa418 0000000000000000
0x000000000613f650:   0000000000000000 0000000002060fe0
0x000000000613f660:   000000000205c820 000000000205c810
0x000000000613f670:   0000000009a945a0 000000006beb6632
0x000000000613f680:   0000000005446b80 000000000204b790
0x000000000613f690:   00000000c6d80018 00000000c7500a38
0x000000000613f6a0:   0000000009a945a0 0000000000000007
0x000000000613f6b0:   0000000000000008 0000000000000000
0x000000000613f6c0:   0000000002060fe0 000000006bea554e
0x000000000613f6d0:   000000000205c000 0000000000000000
0x000000000613f6e0:   0000000000000000 0000000000000000 

Instructions: (pc=0x000000006bea3c02)
0x000000006bea3be2:   91 a1 35 00 00 74 15 8b 47 08 8b 0d 26 89 30 00
0x000000006bea3bf2:   48 d3 e0 48 03 05 14 89 30 00 eb 04 48 8b 47 08
0x000000006bea3c02:   81 78 18 00 00 00 c0 48 8d 48 10 73 0f 48 8b 01
0x000000006bea3c12:   4c 8b c7 49 8b d5 ff 90 d8 00 00 00 80 3d 53 a1 


Register to memory mapping:

RAX=0x00000000b800b240 is an unallocated location in the heap
RBX=0x0000000005446c00 is an unknown value
RCX=0x0000000000000000 is an unknown value
RDX=
[error occurred during error reporting (printing register info), id 0xc0000005]

Stack: [0x0000000006040000,0x0000000006140000],  sp=0x000000000613f5f0,  free space=1021k
Native frames: (J=compiled Java code, j=interpreted, Vv=VM code, C=native code)
V  [jvm.dll+0x353c02]


---------------  P R O C E S S  ---------------

Java Threads: ( => current thread )
  0x0000000011308000 JavaThread "net.sf.ehcache.CacheManager@8283e55" daemon [_thread_blocked, id=4940, stack(0x0000000012c50000,0x0000000012d50000)]
  0x0000000011307000 JavaThread "EbeanCacheWarmer" daemon [_thread_blocked, id=5564, stack(0x0000000010aa0000,0x0000000010ba0000)]
  0x0000000011306800 JavaThread "Ebean-default.0" daemon [_thread_blocked, id=1716, stack(0x00000000109a0000,0x0000000010aa0000)]
  0x0000000011305800 JavaThread "EbeanBackgroundThread" daemon [_thread_blocked, id=5568, stack(0x0000000010880000,0x0000000010980000)]
  0x0000000011305000 JavaThread "BoneCP-pool-watch-thread" daemon [_thread_blocked, id=3340, stack(0x0000000010780000,0x0000000010880000)]
  0x0000000011304000 JavaThread "BoneCP-max-alive-scheduler" daemon [_thread_blocked, id=5480, stack(0x000000000f7b0000,0x000000000f8b0000)]
  0x0000000011303800 JavaThread "BoneCP-keep-alive-scheduler" daemon [_thread_blocked, id=4336, stack(0x00000000104f0000,0x00000000105f0000)]
  0x0000000011302800 JavaThread "com.google.common.base.internal.Finalizer" daemon [_thread_blocked, id=1384, stack(0x0000000010600000,0x0000000010700000)]
  0x0000000011302000 JavaThread "BoneCP-pool-watch-thread" daemon [_thread_blocked, id=5776, stack(0x0000000010360000,0x0000000010460000)]
  0x000000000dd7b000 JavaThread "BoneCP-max-alive-scheduler" daemon [_thread_blocked, id=1064, stack(0x0000000010200000,0x0000000010300000)]
  0x000000000dd7c000 JavaThread "BoneCP-keep-alive-scheduler" daemon [_thread_blocked, id=6044, stack(0x000000000fe10000,0x000000000ff10000)]
  0x000000000dd7c800 JavaThread "com.google.common.base.internal.Finalizer" daemon [_thread_blocked, id=5968, stack(0x000000000fb90000,0x000000000fc90000)]
  0x000000000dd7a800 JavaThread "New I/O server boss #17" [_thread_in_native, id=5624, stack(0x00000000100d0000,0x00000000101d0000)]
  0x000000000dd79800 JavaThread "New I/O worker #16" [_thread_in_native, id=4808, stack(0x000000000ff20000,0x0000000010020000)]
  0x000000000dd79000 JavaThread "New I/O worker #15" [_thread_in_native, id=4936, stack(0x000000000fcd0000,0x000000000fdd0000)]
  0x000000000dd78000 JavaThread "New I/O worker #14" [_thread_in_native, id=4276, stack(0x000000000fa70000,0x000000000fb70000)]
  0x000000000dd77800 JavaThread "New I/O worker #13" [_thread_blocked, id=1056, stack(0x000000000f8d0000,0x000000000f9d0000)]
  0x000000000dd76800 JavaThread "New I/O worker #12" [_thread_in_native, id=2372, stack(0x000000000e700000,0x000000000e800000)]
  0x000000000dd75800 JavaThread "New I/O worker #11" [_thread_in_native, id=2744, stack(0x000000000f6b0000,0x000000000f7b0000)]
  0x000000000dd5c000 JavaThread "New I/O worker #10" [_thread_in_native, id=136, stack(0x000000000efa0000,0x000000000f0a0000)]
  0x000000000dd5a000 JavaThread "New I/O worker #9" [_thread_in_native, id=4932, stack(0x000000000f5b0000,0x000000000f6b0000)]
  0x000000000dd58800 JavaThread "New I/O worker #8" [_thread_in_native, id=3384, stack(0x000000000f3e0000,0x000000000f4e0000)]
  0x000000000dd56800 JavaThread "New I/O worker #7" [_thread_in_native, id=5444, stack(0x000000000f2b0000,0x000000000f3b0000)]
  0x000000000dcfd800 JavaThread "New I/O worker #6" [_thread_in_native, id=5916, stack(0x000000000f0d0000,0x000000000f1d0000)]
  0x000000000dcfb800 JavaThread "New I/O worker #5" [_thread_in_native, id=4044, stack(0x000000000d340000,0x000000000d440000)]
  0x000000000de81800 JavaThread "New I/O worker #4" [_thread_in_native, id=3100, stack(0x000000000eea0000,0x000000000efa0000)]
  0x000000000de80800 JavaThread "New I/O worker #3" [_thread_in_native, id=1144, stack(0x000000000ece0000,0x000000000ede0000)]
  0x000000000dda9800 JavaThread "New I/O worker #2" [_thread_in_native, id=5412, stack(0x000000000eb10000,0x000000000ec10000)]
  0x000000000de54800 JavaThread "New I/O worker #1" [_thread_blocked, id=6136, stack(0x000000000e920000,0x000000000ea20000)]
  0x000000000bb6b800 JavaThread "Service Thread" daemon [_thread_blocked, id=2268, stack(0x000000000c420000,0x000000000c520000)]
  0x000000000bb66800 JavaThread "C2 CompilerThread1" daemon [_thread_blocked, id=3876, stack(0x000000000c1e0000,0x000000000c2e0000)]
  0x000000000bb5f800 JavaThread "C2 CompilerThread0" daemon [_thread_blocked, id=2352, stack(0x000000000b600000,0x000000000b700000)]
  0x000000000bb5e800 JavaThread "Attach Listener" daemon [_thread_blocked, id=5164, stack(0x000000000c050000,0x000000000c150000)]
  0x000000000bb5e000 JavaThread "Signal Dispatcher" daemon [_thread_blocked, id=2924, stack(0x000000000bf50000,0x000000000c050000)]
  0x0000000009aaa000 JavaThread "Finalizer" daemon [_thread_blocked, id=5696, stack(0x000000000ba10000,0x000000000bb10000)]
  0x0000000009aa2000 JavaThread "Reference Handler" daemon [_thread_blocked, id=660, stack(0x000000000b830000,0x000000000b930000)]
  0x00000000003bc800 JavaThread "main" [_thread_in_native, id=4180, stack(0x0000000002290000,0x0000000002390000)]

Other Threads:
  0x0000000009a98800 VMThread [stack: 0x000000000b720000,0x000000000b820000] [id=3952]
  0x000000000bb84000 WatcherThread [stack: 0x000000000c5a0000,0x000000000c6a0000] [id=5712]

=>0x000000000205c000 (exited) GCTaskThread [stack: 0x0000000006040000,0x0000000006140000] [id=2644]

VM state:at safepoint (normal execution)

VM Mutex/Monitor currently owned by a thread:  ([mutex/lock_event])
[0x00000000003babc0] Threads_lock - owner thread: 0x0000000009a98800
[0x00000000003bb0c0] Heap_lock - owner thread: 0x000000000de54800

Heap
 PSYoungGen      total 254528K, used 210578K [0x00000000eaab0000, 0x00000000ff440000, 0x0000000100000000)
  eden space 179392K, 100% used [0x00000000eaab0000,0x00000000f59e0000,0x00000000f59e0000)
  from space 75136K, 41% used [0x00000000faae0000,0x00000000fc954970,0x00000000ff440000)
  to   space 79040K, 51% used [0x00000000f59e0000,0x00000000f819a488,0x00000000fa710000)
 ParOldGen       total 349568K, used 151628K [0x00000000c0000000, 0x00000000d5560000, 0x00000000eaab0000)
  object space 349568K, 43% used [0x00000000c0000000,0x00000000c94133a8,0x00000000d5560000)
 PSPermGen       total 126208K, used 62723K [0x00000000b0000000, 0x00000000b7b40000, 0x00000000c0000000)
  object space 126208K, 49% used [0x00000000b0000000,0x00000000b3d40c38,0x00000000b7b40000)

Card table byte_map: [0x0000000005390000,0x0000000005620000] byte_map_base: 0x0000000004e10000

Polling page: 0x0000000000140000

Code Cache  [0x0000000002390000, 0x00000000027a0000, 0x0000000005390000)
 total_blobs=2149 nmethods=1719 adapters=380 free_code_cache=45098Kb largest_free_block=46113216

Compilation events (10 events):
Event: 14.950 Thread 0x000000000bb5f800 nmethod 1817 0x0000000002793f90 code [0x0000000002794320, 0x0000000002795070]
Event: 14.951 Thread 0x000000000bb66800 nmethod 1818 0x000000000278bd50 code [0x000000000278bec0, 0x000000000278bfe8]
Event: 14.965 Thread 0x000000000bb5f800 1819   !         org.yaml.snakeyaml.constructor.SafeConstructor::createNumber (62 bytes)
Event: 14.965 Thread 0x000000000bb66800 1820             models.FinancialInstitution::<init> (5 bytes)
Event: 14.966 Thread 0x000000000bb66800 nmethod 1820 0x000000000278da10 code [0x000000000278db60, 0x000000000278dc58]
Event: 14.966 Thread 0x000000000bb66800 1821   !         sun.reflect.GeneratedConstructorAccessor8::newInstance (49 bytes)
Event: 14.966 Thread 0x000000000bb5f800 nmethod 1819 0x0000000002792250 code [0x00000000027923c0, 0x0000000002792538]
Event: 14.967 Thread 0x000000000bb66800 nmethod 1821 0x0000000002793a90 code [0x0000000002793be0, 0x0000000002793d98]
Event: 14.969 Thread 0x000000000bb5f800 1822             java.lang.Integer::toString (48 bytes)
Event: 14.971 Thread 0x000000000bb5f800 nmethod 1822 0x0000000002793490 code [0x0000000002793600, 0x00000000027938f8]

GC Heap History (10 events):
Event: 13.805 GC heap after
Heap after GC invocations=17 (full 0):
 PSYoungGen      total 242496K, used 32064K [0x00000000eaab0000, 0x00000000ffbd0000, 0x0000000100000000)
  eden space 146816K, 0% used [0x00000000eaab0000,0x00000000eaab0000,0x00000000f3a10000)
  from space 95680K, 33% used [0x00000000f3a10000,0x00000000f5960070,0x00000000f9780000)
  to   space 90880K, 0% used [0x00000000fa310000,0x00000000fa310000,0x00000000ffbd0000)
 ParOldGen       total 349568K, used 308645K [0x00000000c0000000, 0x00000000d5560000, 0x00000000eaab0000)
  object space 349568K, 88% used [0x00000000c0000000,0x00000000d2d69478,0x00000000d5560000)
 PSPermGen       total 63104K, used 62983K [0x00000000b0000000, 0x00000000b3da0000, 0x00000000c0000000)
  object space 63104K, 99% used [0x00000000b0000000,0x00000000b3d81f98,0x00000000b3da0000)
}
Event: 13.805 GC heap before
{Heap before GC invocations=18 (full 1):
 PSYoungGen      total 242496K, used 32064K [0x00000000eaab0000, 0x00000000ffbd0000, 0x0000000100000000)
  eden space 146816K, 0% used [0x00000000eaab0000,0x00000000eaab0000,0x00000000f3a10000)
  from space 95680K, 33% used [0x00000000f3a10000,0x00000000f5960070,0x00000000f9780000)
  to   space 90880K, 0% used [0x00000000fa310000,0x00000000fa310000,0x00000000ffbd0000)
 ParOldGen       total 349568K, used 308645K [0x00000000c0000000, 0x00000000d5560000, 0x00000000eaab0000)
  object space 349568K, 88% used [0x00000000c0000000,0x00000000d2d69478,0x00000000d5560000)
 PSPermGen       total 63104K, used 62983K [0x00000000b0000000, 0x00000000b3da0000, 0x00000000c0000000)
  object space 63104K, 99% used [0x00000000b0000000,0x00000000b3d81f98,0x00000000b3da0000)
Event: 14.101 GC heap after
Heap after GC invocations=18 (full 1):
 PSYoungGen      total 242496K, used 0K [0x00000000eaab0000, 0x00000000ffbd0000, 0x0000000100000000)
  eden space 146816K, 0% used [0x00000000eaab0000,0x00000000eaab0000,0x00000000f3a10000)
  from space 95680K, 0% used [0x00000000f3a10000,0x00000000f3a10000,0x00000000f9780000)
  to   space 90880K, 0% used [0x00000000fa310000,0x00000000fa310000,0x00000000ffbd0000)
 ParOldGen       total 349568K, used 59674K [0x00000000c0000000, 0x00000000d5560000, 0x00000000eaab0000)
  object space 349568K, 17% used [0x00000000c0000000,0x00000000c3a46a38,0x00000000d5560000)
 PSPermGen       total 126208K, used 62709K [0x00000000b0000000, 0x00000000b7b40000, 0x00000000c0000000)
  object space 126208K, 49% used [0x00000000b0000000,0x00000000b3d3d540,0x00000000b7b40000)
}
Event: 14.233 GC heap before
{Heap before GC invocations=19 (full 1):
 PSYoungGen      total 242496K, used 146816K [0x00000000eaab0000, 0x00000000ffbd0000, 0x0000000100000000)
  eden space 146816K, 100% used [0x00000000eaab0000,0x00000000f3a10000,0x00000000f3a10000)
  from space 95680K, 0% used [0x00000000f3a10000,0x00000000f3a10000,0x00000000f9780000)
  to   space 90880K, 0% used [0x00000000fa310000,0x00000000fa310000,0x00000000ffbd0000)
 ParOldGen       total 349568K, used 59674K [0x00000000c0000000, 0x00000000d5560000, 0x00000000eaab0000)
  object space 349568K, 17% used [0x00000000c0000000,0x00000000c3a46a38,0x00000000d5560000)
 PSPermGen       total 126208K, used 62709K [0x00000000b0000000, 0x00000000b7b40000, 0x00000000c0000000)
  object space 126208K, 49% used [0x00000000b0000000,0x00000000b3d3d540,0x00000000b7b40000)
Event: 14.250 GC heap after
Heap after GC invocations=19 (full 1):
 PSYoungGen      total 245888K, used 27616K [0x00000000eaab0000, 0x00000000ff410000, 0x0000000100000000)
  eden space 162944K, 0% used [0x00000000eaab0000,0x00000000eaab0000,0x00000000f49d0000)
  from space 82944K, 33% used [0x00000000fa310000,0x00000000fbe08000,0x00000000ff410000)
  to   space 87168K, 0% used [0x00000000f49d0000,0x00000000f49d0000,0x00000000f9ef0000)
 ParOldGen       total 349568K, used 59674K [0x00000000c0000000, 0x00000000d5560000, 0x00000000eaab0000)
  object space 349568K, 17% used [0x00000000c0000000,0x00000000c3a46a38,0x00000000d5560000)
 PSPermGen       total 126208K, used 62709K [0x00000000b0000000, 0x00000000b7b40000, 0x00000000c0000000)
  object space 126208K, 49% used [0x00000000b0000000,0x00000000b3d3d540,0x00000000b7b40000)
}
Event: 14.397 GC heap before
{Heap before GC invocations=20 (full 1):
 PSYoungGen      total 245888K, used 190560K [0x00000000eaab0000, 0x00000000ff410000, 0x0000000100000000)
  eden space 162944K, 100% used [0x00000000eaab0000,0x00000000f49d0000,0x00000000f49d0000)
  from space 82944K, 33% used [0x00000000fa310000,0x00000000fbe08000,0x00000000ff410000)
  to   space 87168K, 0% used [0x00000000f49d0000,0x00000000f49d0000,0x00000000f9ef0000)
 ParOldGen       total 349568K, used 59674K [0x00000000c0000000, 0x00000000d5560000, 0x00000000eaab0000)
  object space 349568K, 17% used [0x00000000c0000000,0x00000000c3a46a38,0x00000000d5560000)
 PSPermGen       total 126208K, used 62709K [0x00000000b0000000, 0x00000000b7b40000, 0x00000000c0000000)
  object space 126208K, 49% used [0x00000000b0000000,0x00000000b3d3d540,0x00000000b7b40000)
Event: 14.436 GC heap after
Heap after GC invocations=20 (full 1):
 PSYoungGen      total 250112K, used 31446K [0x00000000eaab0000, 0x00000000ffbe0000, 0x0000000100000000)
  eden space 162944K, 0% used [0x00000000eaab0000,0x00000000eaab0000,0x00000000f49d0000)
  from space 87168K, 36% used [0x00000000f49d0000,0x00000000f6885ba8,0x00000000f9ef0000)
  to   space 82944K, 0% used [0x00000000faae0000,0x00000000faae0000,0x00000000ffbe0000)
 ParOldGen       total 349568K, used 87698K [0x00000000c0000000, 0x00000000d5560000, 0x00000000eaab0000)
  object space 349568K, 25% used [0x00000000c0000000,0x00000000c55a4a38,0x00000000d5560000)
 PSPermGen       total 126208K, used 62709K [0x00000000b0000000, 0x00000000b7b40000, 0x00000000c0000000)
  object space 126208K, 49% used [0x00000000b0000000,0x00000000b3d3d540,0x00000000b7b40000)
}
Event: 14.586 GC heap before
{Heap before GC invocations=21 (full 1):
 PSYoungGen      total 250112K, used 194390K [0x00000000eaab0000, 0x00000000ffbe0000, 0x0000000100000000)
  eden space 162944K, 100% used [0x00000000eaab0000,0x00000000f49d0000,0x00000000f49d0000)
  from space 87168K, 36% used [0x00000000f49d0000,0x00000000f6885ba8,0x00000000f9ef0000)
  to   space 82944K, 0% used [0x00000000faae0000,0x00000000faae0000,0x00000000ffbe0000)
 ParOldGen       total 349568K, used 87698K [0x00000000c0000000, 0x00000000d5560000, 0x00000000eaab0000)
  object space 349568K, 25% used [0x00000000c0000000,0x00000000c55a4a38,0x00000000d5560000)
 PSPermGen       total 126208K, used 62709K [0x00000000b0000000, 0x00000000b7b40000, 0x00000000c0000000)
  object space 126208K, 49% used [0x00000000b0000000,0x00000000b3d3d690,0x00000000b7b40000)
Event: 14.625 GC heap after
Heap after GC invocations=21 (full 1):
 PSYoungGen      total 254528K, used 31186K [0x00000000eaab0000, 0x00000000ff440000, 0x0000000100000000)
  eden space 179392K, 0% used [0x00000000eaab0000,0x00000000eaab0000,0x00000000f59e0000)
  from space 75136K, 41% used [0x00000000faae0000,0x00000000fc954970,0x00000000ff440000)
  to   space 79040K, 0% used [0x00000000f59e0000,0x00000000f59e0000,0x00000000fa710000)
 ParOldGen       total 349568K, used 119810K [0x00000000c0000000, 0x00000000d5560000, 0x00000000eaab0000)
  object space 349568K, 34% used [0x00000000c0000000,0x00000000c7500a38,0x00000000d5560000)
 PSPermGen       total 126208K, used 62709K [0x00000000b0000000, 0x00000000b7b40000, 0x00000000c0000000)
  object space 126208K, 49% used [0x00000000b0000000,0x00000000b3d3d690,0x00000000b7b40000)
}
Event: 15.084 GC heap before
{Heap before GC invocations=22 (full 1):
 PSYoungGen      total 254528K, used 210578K [0x00000000eaab0000, 0x00000000ff440000, 0x0000000100000000)
  eden space 179392K, 100% used [0x00000000eaab0000,0x00000000f59e0000,0x00000000f59e0000)
  from space 75136K, 41% used [0x00000000faae0000,0x00000000fc954970,0x00000000ff440000)
  to   space 79040K, 0% used [0x00000000f59e0000,0x00000000f59e0000,0x00000000fa710000)
 ParOldGen       total 349568K, used 119810K [0x00000000c0000000, 0x00000000d5560000, 0x00000000eaab0000)
  object space 349568K, 34% used [0x00000000c0000000,0x00000000c7500a38,0x00000000d5560000)
 PSPermGen       total 126208K, used 62723K [0x00000000b0000000, 0x00000000b7b40000, 0x00000000c0000000)
  object space 126208K, 49% used [0x00000000b0000000,0x00000000b3d40c38,0x00000000b7b40000)

Deoptimization events (10 events):
Event: 14.741 Thread 0x000000000de54800 Uncommon trap -34 fr.pc 0x000000000263f650
Event: 14.741 Thread 0x000000000de54800 Uncommon trap -34 fr.pc 0x000000000263f650
Event: 14.741 Thread 0x000000000de54800 Uncommon trap -34 fr.pc 0x000000000263f650
Event: 14.742 Thread 0x000000000de54800 Uncommon trap -34 fr.pc 0x0000000002647410
Event: 14.742 Thread 0x000000000de54800 Uncommon trap -34 fr.pc 0x0000000002585e48
Event: 14.742 Thread 0x000000000de54800 Uncommon trap -83 fr.pc 0x0000000002640f88
Event: 14.787 Thread 0x000000000dda9800 Uncommon trap -83 fr.pc 0x00000000025cba8c
Event: 14.787 Thread 0x000000000de80800 Uncommon trap -83 fr.pc 0x00000000025cba8c
Event: 14.787 Thread 0x000000000dda9800 Uncommon trap -83 fr.pc 0x000000000261b638
Event: 14.787 Thread 0x000000000de80800 Uncommon trap -83 fr.pc 0x000000000261b638

Internal exceptions (10 events):
Event: 14.739 Thread 0x000000000de54800 Threw 0x00000000f23946d8 at C:\jdk7u2_64p\jdk7u21\hotspot\src\share\vm\prims\jvm.cpp:1166
Event: 14.740 Thread 0x000000000de54800 Threw 0x00000000f239a118 at C:\jdk7u2_64p\jdk7u21\hotspot\src\share\vm\prims\jvm.cpp:1166
Event: 14.740 Thread 0x000000000de54800 Threw 0x00000000f23a0510 at C:\jdk7u2_64p\jdk7u21\hotspot\src\share\vm\prims\jvm.cpp:1166
Event: 14.740 Thread 0x000000000de54800 Threw 0x00000000f23a1008 at C:\jdk7u2_64p\jdk7u21\hotspot\src\share\vm\prims\jvm.cpp:1166
Event: 14.740 Thread 0x000000000de54800 Threw 0x00000000f23a6a48 at C:\jdk7u2_64p\jdk7u21\hotspot\src\share\vm\prims\jvm.cpp:1166
Event: 14.740 Thread 0x000000000de54800 Threw 0x00000000f23ace40 at C:\jdk7u2_64p\jdk7u21\hotspot\src\share\vm\prims\jvm.cpp:1166
Event: 14.740 Thread 0x000000000de54800 Threw 0x00000000f23ad1e0 at C:\jdk7u2_64p\jdk7u21\hotspot\src\share\vm\classfile\systemDictionary.cpp:179
Event: 14.741 Thread 0x000000000de54800 Implicit null exception at 0x000000000262e4d9 to 0x00000000026319d5
Event: 14.741 Thread 0x000000000de54800 Implicit null exception at 0x000000000261c033 to 0x000000000261c289
Event: 14.741 Thread 0x000000000de54800 Implicit null exception at 0x00000000025563a8 to 0x00000000025565ed

Events (10 events):
Event: 14.787 Executing VM operation: RevokeBias done
Event: 14.787 Thread 0x000000000dda9800 DEOPT PACKING pc=0x00000000025cba8c sp=0x000000000ec0e970
Event: 14.787 Thread 0x000000000de80800 DEOPT PACKING pc=0x00000000025cba8c sp=0x000000000eddeae0
Event: 14.787 Thread 0x000000000dda9800 DEOPT UNPACKING pc=0x00000000023c9164 sp=0x000000000ec0e8a8 mode 2
Event: 14.787 Thread 0x000000000de80800 DEOPT UNPACKING pc=0x00000000023c9164 sp=0x000000000eddea18 mode 2
Event: 14.787 Thread 0x000000000dda9800 DEOPT PACKING pc=0x000000000261b638 sp=0x000000000ec0ea40
Event: 14.787 Thread 0x000000000dda9800 DEOPT UNPACKING pc=0x00000000023c9164 sp=0x000000000ec0ea10 mode 2
Event: 14.787 Thread 0x000000000de80800 DEOPT PACKING pc=0x000000000261b638 sp=0x000000000eddebb0
Event: 14.787 Thread 0x000000000de80800 DEOPT UNPACKING pc=0x00000000023c9164 sp=0x000000000eddeb80 mode 2
Event: 15.084 Executing VM operation: ParallelGCFailedAllocation


Dynamic libraries:
0x000000013fa00000 - 0x000000013fa33000 	C:\Windows\system32\java.exe
0x0000000077c00000 - 0x0000000077da9000 	C:\Windows\SYSTEM32\ntdll.dll
0x0000000077ae0000 - 0x0000000077bff000 	C:\Windows\system32\kernel32.dll
0x000007fefdc80000 - 0x000007fefdceb000 	C:\Windows\system32\KERNELBASE.dll
0x0000000075790000 - 0x0000000075817000 	C:\Windows\System32\SYSFER.DLL
0x000007fefe310000 - 0x000007fefe3eb000 	C:\Windows\system32\ADVAPI32.dll
0x000007fefe5d0000 - 0x000007fefe66f000 	C:\Windows\system32\msvcrt.dll
0x000007feffe30000 - 0x000007feffe4f000 	C:\Windows\SYSTEM32\sechost.dll
0x000007fefde90000 - 0x000007fefdfbd000 	C:\Windows\system32\RPCRT4.dll
0x00000000779e0000 - 0x0000000077ada000 	C:\Windows\system32\USER32.dll
0x000007feff030000 - 0x000007feff097000 	C:\Windows\system32\GDI32.dll
0x000007fefeb80000 - 0x000007fefeb8e000 	C:\Windows\system32\LPK.dll
0x000007fefe820000 - 0x000007fefe8e9000 	C:\Windows\system32\USP10.dll
0x000007fefc0a0000 - 0x000007fefc294000 	C:\Windows\WinSxS\amd64_microsoft.windows.common-controls_6595b64144ccf1df_6.0.7601.17514_none_fa396087175ac9ac\COMCTL32.dll
0x000007fefeb00000 - 0x000007fefeb71000 	C:\Windows\system32\SHLWAPI.dll
0x000007fefe710000 - 0x000007fefe73e000 	C:\Windows\system32\IMM32.DLL
0x000007fefeb90000 - 0x000007fefec99000 	C:\Windows\system32\MSCTF.dll
0x0000000073ba0000 - 0x0000000073c71000 	C:\Program Files\Java\jre7\bin\msvcr100.dll
0x000000006bb50000 - 0x000000006c271000 	C:\Program Files\Java\jre7\bin\server\jvm.dll
0x000007fef7460000 - 0x000007fef7469000 	C:\Windows\system32\WSOCK32.dll
0x000007fefe020000 - 0x000007fefe06d000 	C:\Windows\system32\WS2_32.dll
0x000007fefe070000 - 0x000007fefe078000 	C:\Windows\system32\NSI.dll
0x000007fefab10000 - 0x000007fefab4b000 	C:\Windows\system32\WINMM.dll
0x0000000077dc0000 - 0x0000000077dc7000 	C:\Windows\system32\PSAPI.DLL
0x0000000073e60000 - 0x0000000073e6f000 	C:\Program Files\Java\jre7\bin\verify.dll
0x0000000073de0000 - 0x0000000073e08000 	C:\Program Files\Java\jre7\bin\java.dll
0x0000000073e20000 - 0x0000000073e35000 	C:\Program Files\Java\jre7\bin\zip.dll
0x0000000073d40000 - 0x0000000073d59000 	C:\Program Files\Java\jre7\bin\net.dll
0x000007fefd250000 - 0x000007fefd2a5000 	C:\Windows\system32\mswsock.dll
0x000007fefd240000 - 0x000007fefd247000 	C:\Windows\System32\wship6.dll
0x0000000073d20000 - 0x0000000073d31000 	C:\Program Files\Java\jre7\bin\nio.dll
0x0000000180000000 - 0x0000000180010000 	C:\Users\Ray\AppData\Local\Temp\jline_0_12_2.dll
0x000007fefd2b0000 - 0x000007fefd2c7000 	C:\Windows\system32\CRYPTSP.dll
0x000007fefcfb0000 - 0x000007fefcff7000 	C:\Windows\system32\rsaenh.dll
0x000007fefcd30000 - 0x000007fefcd4e000 	C:\Windows\system32\USERENV.dll
0x000007fefd9e0000 - 0x000007fefd9ef000 	C:\Windows\system32\profapi.dll
0x000007fefd910000 - 0x000007fefd91f000 	C:\Windows\system32\CRYPTBASE.dll
0x000007fefb490000 - 0x000007fefb4a5000 	C:\Windows\system32\NLAapi.dll
0x000007fefc3b0000 - 0x000007fefc3c5000 	C:\Windows\system32\napinsp.dll
0x000007fefbdb0000 - 0x000007fefbdc9000 	C:\Windows\system32\pnrpnsp.dll
0x000007fefd0d0000 - 0x000007fefd12b000 	C:\Windows\system32\DNSAPI.dll
0x000007fefbda0000 - 0x000007fefbdab000 	C:\Windows\System32\winrnr.dll
0x000007fefcbf0000 - 0x000007fefcbf7000 	C:\Windows\System32\wshtcpip.dll
0x000007fefb190000 - 0x000007fefb1b7000 	C:\Windows\system32\IPHLPAPI.DLL
0x000007fefb180000 - 0x000007fefb18b000 	C:\Windows\system32\WINNSI.DLL
0x000007fef8410000 - 0x000007fef8418000 	C:\Windows\system32\rasadhlp.dll
0x000007fefb010000 - 0x000007fefb063000 	C:\Windows\System32\fwpuclnt.dll
0x0000000067540000 - 0x000000006764f000 	C:\programs\ray\adder\target\native_libraries\64bits\jnotify_64bit.dll
0x000007fefd8b0000 - 0x000007fefd907000 	C:\Windows\system32\apphelp.dll
0x000007fef5600000 - 0x000007fef5725000 	C:\Windows\system32\dbghelp.dll

VM Arguments:
jvm_args: -Xms512M -Xmx1024M -Xss1M -XX:+CMSClassUnloadingEnabled -XX:MaxPermSize=256M -Dfile.encoding=UTF-8 -Dplay.version=2.1.1 -Dsbt.ivy.home=C:\programs\play-2.1.1\framework\..\repository -Dplay.home=C:\programs\play-2.1.1\framework\. -Dsbt.boot.properties=file:///C:/programs/play-2.1.1/framework/sbt/sbt.boot.properties 
java_command: C:\programs\play-2.1.1\framework\sbt\sbt-launch.jar run
Launcher Type: SUN_STANDARD

Environment Variables:
JAVA_HOME=C:\Program Files\Java\jdk1.7.0_21
PATH=C:\Windows;C:\Windows\system32;C:\Windows\System32\Wbem;C:\Windows\System32\WindowsPowerShell\v1.0;C:\Program Files (x86)\NVIDIA Corporation\PhysX\Common;C:\Program Files\Java\jdk1.7.0_21\bin;C:\Program Files (x86)\Git\cmd;C:\programs\play-2.1.1;C:\programs\apache-tomcat-7.0.40\bin
USERNAME=Ray
OS=Windows_NT
PROCESSOR_IDENTIFIER=Intel64 Family 6 Model 26 Stepping 4, GenuineIntel



---------------  S Y S T E M  ---------------

OS: Windows 7 , 64 bit Build 7601 Service Pack 1

CPU:total 8 (4 cores per cpu, 2 threads per core) family 6 model 26 stepping 4, cmov, cx8, fxsr, mmx, sse, sse2, sse3, ssse3, sse4.1, sse4.2, popcnt, ht, tsc, tscinvbit, tscinv

Memory: 4k page, physical 8379540k(3831244k free), swap 24761680k(19137828k free)

vm_info: Java HotSpot(TM) 64-Bit Server VM (23.21-b01) for windows-amd64 JRE (1.7.0_21-b11), built on Apr  4 2013 08:11:28 by "java_re" with unknown MS VC++:1600

time: Fri Jun 14 23:59:12 2013
elapsed time: 15 seconds

