#
# A fatal error has been detected by the Java Runtime Environment:
#
#  EXCEPTION_ACCESS_VIOLATION (0xc0000005) at pc=0x00000000b8001838, pid=5380, tid=5028
#
# JRE version: 7.0_21-b11
# Java VM: Java HotSpot(TM) 64-Bit Server VM (23.21-b01 mixed mode windows-amd64 compressed oops)
# Problematic frame:
# C  0x00000000b8001838
#
# Failed to write core dump. Minidumps are not enabled by default on client versions of Windows
#
# If you would like to submit a bug report, please visit:
#   http://bugreport.sun.com/bugreport/crash.jsp
#

---------------  T H R E A D  ---------------

Current thread (0x000000000212d800):  GCTaskThread [stack: 0x0000000005ce0000,0x0000000005de0000] [id=5028]

siginfo: ExceptionCode=0xc0000005, ExceptionInformation=0x0000000000000008 0x00000000b8001838

Registers:
RAX=0x00000000b8001740, RBX=0x00000000bb5f6658, RCX=0x00000000b80016f0, RDX=0x00000000bb5f6658
RSP=0x0000000005ddf5f8, RBP=0x00000000bb5f66d8, RSI=0x0000000009a85f50, RDI=0x0000000009a85f50
R8 =0x0000000000000000, R9 =0x00000000b80016f0, R10=0x000000000000013f, R11=0x00000000bb5f6a58
R12=0x000000000212dca0, R13=0x000000000212e078, R14=0x000000000212dc90, R15=0x0000000000000000
RIP=0x00000000b8001838, EFLAGS=0x0000000000010246

Top of Stack: (sp=0x0000000005ddf5f8)
0x0000000005ddf5f8:   000000006bbfdf5b 000000000a5f0a38
0x0000000005ddf608:   00000000bb5f6ac8 0000000009a85f50
0x0000000005ddf618:   000000000000000e 0000000009a85f50
0x0000000005ddf628:   000000006bbfe2b3 00000000bb5f6658
0x0000000005ddf638:   0000000000000004 00000000bb5f7568
0x0000000005ddf648:   000000006bc005c8 0000000009a85f50
0x0000000005ddf658:   000000006bc365ec 00000000bb5f66d8
0x0000000005ddf668:   000000000212dc90 000000000212e078
0x0000000005ddf678:   00000000bb5f5af8 0000000002123530
0x0000000005ddf688:   000000006beaa7ac 000000000000013e
0x0000000005ddf698:   0000000002123530 000000000212dca0
0x0000000005ddf6a8:   0000000002123530 000003f2000000b1
0x0000000005ddf6b8:   0000000000000c00 0000000000000000
0x0000000005ddf6c8:   000000006bd07500 0000000011567000
0x0000000005ddf6d8:   00000000020abc01 0000000002123501
0x0000000005ddf6e8:   000000000212e078 000000000212dca0 

Instructions: (pc=0x00000000b8001838)
0x00000000b8001818:   60 00 00 00 00 00 00 00 06 00 25 00 26 00 00 00
0x00000000b8001828:   00 00 00 00 06 00 dd 00 fd 00 00 00 01 00 02 00
0x00000000b8001838:   01 00 00 00 00 00 00 00 10 16 00 b0 00 00 00 00
0x00000000b8001848:   c8 17 00 b8 00 00 00 00 18 a3 ff b7 00 00 00 00 


Register to memory mapping:

RAX=0x00000000b8001740 is an oop
{method} 
 - klass: {other class}
RBX=
[error occurred during error reporting (printing register info), id 0xc0000005]

Stack: [0x0000000005ce0000,0x0000000005de0000],  sp=0x0000000005ddf5f8,  free space=1021k
Native frames: (J=compiled Java code, j=interpreted, Vv=VM code, C=native code)
C  0x00000000b8001838


---------------  P R O C E S S  ---------------

Java Threads: ( => current thread )
  0x000000001121f000 JavaThread "Thread-85" [_thread_blocked, id=4328, stack(0x0000000012400000,0x0000000012500000)]
  0x0000000011b9f800 JavaThread "net.sf.ehcache.CacheManager@e9f624c" daemon [_thread_blocked, id=1852, stack(0x000000001e660000,0x000000001e760000)]
  0x0000000011b9d800 JavaThread "EbeanCacheWarmer" daemon [_thread_blocked, id=1544, stack(0x000000001f330000,0x000000001f430000)]
  0x0000000010cfb000 JavaThread "Ebean-default.0" daemon [_thread_blocked, id=1008, stack(0x000000001abf0000,0x000000001acf0000)]
  0x0000000010cfb800 JavaThread "EbeanBackgroundThread" daemon [_thread_blocked, id=3152, stack(0x000000001c730000,0x000000001c830000)]
  0x0000000010cfe000 JavaThread "BoneCP-pool-watch-thread" daemon [_thread_blocked, id=3700, stack(0x0000000013230000,0x0000000013330000)]
  0x0000000010cfc800 JavaThread "BoneCP-max-alive-scheduler" daemon [_thread_blocked, id=528, stack(0x000000001c5a0000,0x000000001c6a0000)]
  0x0000000010cf7000 JavaThread "BoneCP-keep-alive-scheduler" daemon [_thread_blocked, id=1340, stack(0x000000001ba70000,0x000000001bb70000)]
  0x0000000011a50800 JavaThread "com.google.common.base.internal.Finalizer" daemon [_thread_blocked, id=5976, stack(0x000000001c440000,0x000000001c540000)]
  0x0000000011a50000 JavaThread "BoneCP-pool-watch-thread" daemon [_thread_blocked, id=156, stack(0x000000001a7d0000,0x000000001a8d0000)]
  0x00000000178e3000 JavaThread "BoneCP-max-alive-scheduler" daemon [_thread_blocked, id=5636, stack(0x0000000016a10000,0x0000000016b10000)]
  0x00000000178e4000 JavaThread "BoneCP-keep-alive-scheduler" daemon [_thread_blocked, id=5980, stack(0x0000000014de0000,0x0000000014ee0000)]
  0x00000000178e4800 JavaThread "com.google.common.base.internal.Finalizer" daemon [_thread_blocked, id=3952, stack(0x0000000012940000,0x0000000012a40000)]
  0x000000000de61000 JavaThread "New I/O server boss #17" [_thread_in_native, id=5372, stack(0x0000000016620000,0x0000000016720000)]
  0x000000000de67000 JavaThread "New I/O worker #16" [_thread_in_native, id=1384, stack(0x00000000147f0000,0x00000000148f0000)]
  0x000000000de62800 JavaThread "New I/O worker #15" [_thread_in_native, id=3132, stack(0x00000000146e0000,0x00000000147e0000)]
  0x000000000db77800 JavaThread "New I/O worker #14" [_thread_in_native, id=5412, stack(0x000000000ff70000,0x0000000010070000)]
  0x000000000db75000 JavaThread "New I/O worker #13" [_thread_in_native, id=3304, stack(0x000000000fab0000,0x000000000fbb0000)]
  0x000000000db7b000 JavaThread "New I/O worker #12" [_thread_in_native, id=3100, stack(0x000000000fe20000,0x000000000ff20000)]
  0x000000000db76800 JavaThread "New I/O worker #11" [_thread_in_native, id=2644, stack(0x000000000ec20000,0x000000000ed20000)]
  0x000000000db7a800 JavaThread "New I/O worker #10" [_thread_in_native, id=1732, stack(0x000000000e7a0000,0x000000000e8a0000)]
  0x000000000db78000 JavaThread "New I/O worker #9" [_thread_in_native, id=5560, stack(0x000000000f980000,0x000000000fa80000)]
  0x000000000db76000 JavaThread "New I/O worker #8" [_thread_in_native, id=2384, stack(0x000000000f820000,0x000000000f920000)]
  0x000000000db74800 JavaThread "New I/O worker #7" [_thread_in_native, id=1304, stack(0x000000000f450000,0x000000000f550000)]
  0x0000000017c2e000 JavaThread "New I/O worker #6" [_thread_in_native, id=392, stack(0x000000000f2f0000,0x000000000f3f0000)]
  0x0000000017c2d800 JavaThread "New I/O worker #5" [_thread_in_native, id=4784, stack(0x000000000ee40000,0x000000000ef40000)]
  0x0000000017c2c800 JavaThread "New I/O worker #4" [_thread_in_native, id=2036, stack(0x000000000f120000,0x000000000f220000)]
  0x0000000017c2b000 JavaThread "New I/O worker #3" [_thread_in_native, id=1920, stack(0x000000000eb20000,0x000000000ec20000)]
  0x0000000017c2c000 JavaThread "New I/O worker #2" [_thread_in_native, id=5544, stack(0x000000000e9d0000,0x000000000ead0000)]
  0x0000000017c2a800 JavaThread "New I/O worker #1" [_thread_blocked, id=4812, stack(0x000000000e8d0000,0x000000000e9d0000)]
  0x0000000017c29800 JavaThread "play-internal-execution-context-8" [_thread_blocked, id=1044, stack(0x000000001fa20000,0x000000001fb20000)]
  0x0000000017c29000 JavaThread "play-internal-execution-context-7" [_thread_blocked, id=3648, stack(0x000000001f8d0000,0x000000001f9d0000)]
  0x0000000017c28000 JavaThread "play-internal-execution-context-6" [_thread_blocked, id=4228, stack(0x000000001d8d0000,0x000000001d9d0000)]
  0x0000000017c27800 JavaThread "play-internal-execution-context-5" [_thread_blocked, id=5320, stack(0x000000001ee00000,0x000000001ef00000)]
  0x0000000011b9f000 JavaThread "play-internal-execution-context-4" [_thread_blocked, id=5904, stack(0x000000001f5f0000,0x000000001f6f0000)]
  0x0000000011b9e000 JavaThread "play-akka.actor.default-dispatcher-8" [_thread_blocked, id=5100, stack(0x000000001f450000,0x000000001f550000)]
  0x000000001825a800 JavaThread "iteratee-execution-context-8" [_thread_blocked, id=4832, stack(0x000000001ea50000,0x000000001eb50000)]
  0x0000000018259800 JavaThread "iteratee-execution-context-7" [_thread_blocked, id=1768, stack(0x000000001f080000,0x000000001f180000)]
  0x0000000018259000 JavaThread "play-internal-execution-context-3" [_thread_blocked, id=3380, stack(0x000000001ef10000,0x000000001f010000)]
  0x0000000018258000 JavaThread "play-internal-execution-context-2" [_thread_blocked, id=5740, stack(0x000000001ed00000,0x000000001ee00000)]
  0x0000000018257800 JavaThread "play-internal-execution-context-1" [_thread_blocked, id=4284, stack(0x000000001eb50000,0x000000001ec50000)]
  0x00000000178ad800 JavaThread "iteratee-execution-context-6" [_thread_blocked, id=4272, stack(0x000000001c880000,0x000000001c980000)]
  0x00000000178ad000 JavaThread "iteratee-execution-context-5" [_thread_blocked, id=5452, stack(0x000000001e900000,0x000000001ea00000)]
  0x00000000178ac000 JavaThread "iteratee-execution-context-4" [_thread_blocked, id=4404, stack(0x000000001e770000,0x000000001e870000)]
  0x00000000178ab000 JavaThread "iteratee-execution-context-3" [_thread_blocked, id=4188, stack(0x000000001def0000,0x000000001dff0000)]
  0x00000000178aa800 JavaThread "iteratee-execution-context-2" [_thread_blocked, id=5512, stack(0x000000001e550000,0x000000001e650000)]
  0x0000000011568000 JavaThread "iteratee-execution-context-1" [_thread_blocked, id=1912, stack(0x000000001bcb0000,0x000000001bdb0000)]
  0x000000000db60800 JavaThread "Timer-4" [_thread_blocked, id=3360, stack(0x000000001dda0000,0x000000001dea0000)]
  0x00000000188a8000 JavaThread "play-scheduler-1" [_thread_blocked, id=3776, stack(0x000000001d9d0000,0x000000001dad0000)]
  0x0000000011221800 JavaThread "EbeanCacheWarmer" daemon [_thread_blocked, id=1164, stack(0x000000001bec0000,0x000000001bfc0000)]
  0x0000000011220000 JavaThread "Ebean-default.0" daemon [_thread_blocked, id=1496, stack(0x000000001bb80000,0x000000001bc80000)]
  0x0000000011223800 JavaThread "EbeanBackgroundThread" daemon [_thread_blocked, id=232, stack(0x000000000f5d0000,0x000000000f6d0000)]
  0x000000001111a000 JavaThread "com.google.common.base.internal.Finalizer" daemon [_thread_blocked, id=1788, stack(0x000000000ed20000,0x000000000ee20000)]
  0x00000000178e2800 JavaThread "play-internal-execution-context-8" [_thread_blocked, id=5696, stack(0x000000001e440000,0x000000001e540000)]
  0x00000000178e1800 JavaThread "play-internal-execution-context-7" [_thread_blocked, id=5796, stack(0x000000001e2e0000,0x000000001e3e0000)]
  0x000000001156a000 JavaThread "play-internal-execution-context-6" [_thread_blocked, id=704, stack(0x000000001db60000,0x000000001dc60000)]
  0x0000000011569800 JavaThread "play-internal-execution-context-5" [_thread_blocked, id=1272, stack(0x000000001e180000,0x000000001e280000)]
  0x0000000011568800 JavaThread "play-internal-execution-context-4" [_thread_blocked, id=4388, stack(0x000000001dff0000,0x000000001e0f0000)]
  0x0000000011567000 JavaThread "play-akka.actor.default-dispatcher-8" [_thread_blocked, id=5240, stack(0x000000001dc90000,0x000000001dd90000)]
  0x00000000174ca800 JavaThread "iteratee-execution-context-8" [_thread_blocked, id=160, stack(0x000000001d7a0000,0x000000001d8a0000)]
  0x00000000174ca000 JavaThread "iteratee-execution-context-7" [_thread_blocked, id=2500, stack(0x000000001d440000,0x000000001d540000)]
  0x00000000174c9000 JavaThread "play-internal-execution-context-3" [_thread_blocked, id=5448, stack(0x000000001d680000,0x000000001d780000)]
  0x000000001148d800 JavaThread "play-internal-execution-context-2" [_thread_blocked, id=5572, stack(0x000000001d570000,0x000000001d670000)]
  0x000000001148c800 JavaThread "play-internal-execution-context-1" [_thread_blocked, id=1332, stack(0x000000001d320000,0x000000001d420000)]
  0x000000001148c000 JavaThread "iteratee-execution-context-6" [_thread_blocked, id=4232, stack(0x000000001d020000,0x000000001d120000)]
  0x000000001148b000 JavaThread "iteratee-execution-context-5" [_thread_blocked, id=2696, stack(0x000000001d140000,0x000000001d240000)]
  0x000000001148a800 JavaThread "iteratee-execution-context-4" [_thread_blocked, id=5528, stack(0x000000001cec0000,0x000000001cfc0000)]
  0x0000000011e97800 JavaThread "iteratee-execution-context-3" [_thread_blocked, id=1148, stack(0x000000001cdb0000,0x000000001ceb0000)]
  0x0000000011e97000 JavaThread "iteratee-execution-context-2" [_thread_blocked, id=5960, stack(0x000000001cb60000,0x000000001cc60000)]
  0x0000000011e96000 JavaThread "iteratee-execution-context-1" [_thread_blocked, id=4516, stack(0x000000001cc70000,0x000000001cd70000)]
  0x0000000011e95800 JavaThread "Timer-3" [_thread_blocked, id=4324, stack(0x000000001c9a0000,0x000000001caa0000)]
  0x0000000011e94800 JavaThread "play-scheduler-1" [_thread_blocked, id=1904, stack(0x0000000016fb0000,0x00000000170b0000)]
  0x000000000df30800 JavaThread "Ebean-default.0" daemon [_thread_blocked, id=5556, stack(0x000000001b650000,0x000000001b750000)]
  0x000000000df30000 JavaThread "EbeanBackgroundThread" daemon [_thread_blocked, id=424, stack(0x000000001a3f0000,0x000000001a4f0000)]
  0x0000000011119800 JavaThread "com.google.common.base.internal.Finalizer" daemon [_thread_blocked, id=5280, stack(0x0000000010200000,0x0000000010300000)]
  0x000000000de66000 JavaThread "play-internal-execution-context-8" [_thread_blocked, id=4236, stack(0x000000001c2b0000,0x000000001c3b0000)]
  0x000000000de65800 JavaThread "play-internal-execution-context-7" [_thread_blocked, id=860, stack(0x000000001c130000,0x000000001c230000)]
  0x000000000de64800 JavaThread "play-internal-execution-context-6" [_thread_blocked, id=5944, stack(0x000000001c010000,0x000000001c110000)]
  0x000000000de64000 JavaThread "play-internal-execution-context-5" [_thread_blocked, id=3836, stack(0x000000001b880000,0x000000001b980000)]
  0x000000000de63000 JavaThread "play-internal-execution-context-4" [_thread_blocked, id=5256, stack(0x000000001bdc0000,0x000000001bec0000)]
  0x00000000188a7800 JavaThread "iteratee-execution-context-8" [_thread_blocked, id=5472, stack(0x000000001b780000,0x000000001b880000)]
  0x00000000188a6800 JavaThread "iteratee-execution-context-7" [_thread_blocked, id=632, stack(0x000000001b520000,0x000000001b620000)]
  0x00000000188a6000 JavaThread "play-internal-execution-context-3" [_thread_blocked, id=5356, stack(0x000000001b380000,0x000000001b480000)]
  0x00000000188a5000 JavaThread "play-internal-execution-context-2" [_thread_blocked, id=2828, stack(0x000000001af20000,0x000000001b020000)]
  0x00000000188a4800 JavaThread "play-internal-execution-context-1" [_thread_blocked, id=3632, stack(0x0000000013340000,0x0000000013440000)]
  0x00000000188a3800 JavaThread "iteratee-execution-context-6" [_thread_blocked, id=2780, stack(0x000000001b220000,0x000000001b320000)]
  0x00000000188a3000 JavaThread "iteratee-execution-context-5" [_thread_blocked, id=3868, stack(0x000000001b050000,0x000000001b150000)]
  0x00000000188a2000 JavaThread "iteratee-execution-context-4" [_thread_blocked, id=4268, stack(0x000000001a6c0000,0x000000001a7c0000)]
  0x00000000188a1800 JavaThread "iteratee-execution-context-3" [_thread_blocked, id=3888, stack(0x000000001ae10000,0x000000001af10000)]
  0x000000000cb10800 JavaThread "iteratee-execution-context-2" [_thread_blocked, id=4332, stack(0x000000001acf0000,0x000000001adf0000)]
  0x00000000114d9000 JavaThread "iteratee-execution-context-1" [_thread_blocked, id=4416, stack(0x000000001a2c0000,0x000000001a3c0000)]
  0x00000000114d7800 JavaThread "Timer-2" [_thread_blocked, id=5664, stack(0x000000001aaf0000,0x000000001abf0000)]
  0x000000000db5f800 JavaThread "play-scheduler-1" [_thread_blocked, id=1848, stack(0x000000001a960000,0x000000001aa60000)]
  0x0000000011a51800 JavaThread "play-akka.actor.default-dispatcher-3" [_thread_blocked, id=2268, stack(0x000000001a5c0000,0x000000001a6c0000)]
  0x0000000011224800 JavaThread "Ebean-default.0" daemon [_thread_blocked, id=1452, stack(0x00000000149c0000,0x0000000014ac0000)]
  0x0000000011220800 JavaThread "EbeanBackgroundThread" daemon [_thread_blocked, id=992, stack(0x0000000016810000,0x0000000016910000)]
  0x000000000df2a800 JavaThread "com.google.common.base.internal.Finalizer" daemon [_thread_blocked, id=5376, stack(0x0000000010080000,0x0000000010180000)]
  0x000000000db5f000 JavaThread "Thread-33" daemon [_thread_in_native, id=1792, stack(0x000000000e4a0000,0x000000000e5a0000)]
  0x0000000010cfa000 JavaThread "play-internal-execution-context-8" [_thread_blocked, id=4856, stack(0x0000000017210000,0x0000000017310000)]
  0x0000000010cf9800 JavaThread "play-internal-execution-context-7" [_thread_blocked, id=5720, stack(0x00000000170c0000,0x00000000171c0000)]
  0x0000000010cf8800 JavaThread "play-internal-execution-context-6" [_thread_blocked, id=1812, stack(0x0000000016eb0000,0x0000000016fb0000)]
  0x0000000010cf8000 JavaThread "play-internal-execution-context-5" [_thread_blocked, id=6092, stack(0x0000000016cc0000,0x0000000016dc0000)]
  0x0000000011118800 JavaThread "play-internal-execution-context-4" [_thread_blocked, id=4200, stack(0x0000000016ba0000,0x0000000016ca0000)]
  0x0000000011118000 JavaThread "iteratee-execution-context-8" [_thread_blocked, id=2744, stack(0x0000000016520000,0x0000000016620000)]
  0x0000000011117000 JavaThread "iteratee-execution-context-7" [_thread_blocked, id=4564, stack(0x0000000016330000,0x0000000016430000)]
  0x0000000011116800 JavaThread "play-internal-execution-context-3" [_thread_blocked, id=5948, stack(0x0000000016200000,0x0000000016300000)]
  0x0000000011115800 JavaThread "play-internal-execution-context-2" [_thread_blocked, id=2648, stack(0x0000000016040000,0x0000000016140000)]
  0x0000000011115000 JavaThread "play-internal-execution-context-1" [_thread_blocked, id=5552, stack(0x0000000015f00000,0x0000000016000000)]
  0x0000000011114000 JavaThread "iteratee-execution-context-6" [_thread_blocked, id=4944, stack(0x0000000015de0000,0x0000000015ee0000)]
  0x000000000db65800 JavaThread "iteratee-execution-context-5" [_thread_blocked, id=5332, stack(0x0000000015c00000,0x0000000015d00000)]
  0x000000000db65000 JavaThread "iteratee-execution-context-4" [_thread_blocked, id=4008, stack(0x0000000015aa0000,0x0000000015ba0000)]
  0x000000000db64000 JavaThread "iteratee-execution-context-3" [_thread_blocked, id=5724, stack(0x00000000154a0000,0x00000000155a0000)]
  0x000000000db63800 JavaThread "iteratee-execution-context-2" [_thread_blocked, id=1936, stack(0x00000000158d0000,0x00000000159d0000)]
  0x000000000db62800 JavaThread "iteratee-execution-context-1" [_thread_blocked, id=2244, stack(0x0000000015740000,0x0000000015840000)]
  0x000000000db62000 JavaThread "Timer-1" [_thread_blocked, id=5576, stack(0x00000000155d0000,0x00000000156d0000)]
  0x000000000db61000 JavaThread "play-scheduler-1" [_thread_blocked, id=5488, stack(0x00000000153a0000,0x00000000154a0000)]
  0x0000000011a52000 JavaThread "play-akka.actor.default-dispatcher-2" [_thread_blocked, id=5568, stack(0x0000000014ad0000,0x0000000014bd0000)]
  0x0000000011a4f000 JavaThread "Ebean-default.0" daemon [_thread_blocked, id=4108, stack(0x0000000012b90000,0x0000000012c90000)]
  0x000000000cb11800 JavaThread "EbeanBackgroundThread" daemon [_thread_blocked, id=1152, stack(0x0000000012cb0000,0x0000000012db0000)]
  0x000000000db79000 JavaThread "com.google.common.base.internal.Finalizer" daemon [_thread_blocked, id=1916, stack(0x000000000f6d0000,0x000000000f7d0000)]
  0x000000000df2e800 JavaThread "play-internal-execution-context-8" [_thread_blocked, id=3904, stack(0x0000000015260000,0x0000000015360000)]
  0x000000000df2d800 JavaThread "play-internal-execution-context-7" [_thread_blocked, id=4224, stack(0x00000000150b0000,0x00000000151b0000)]
  0x000000000df2d000 JavaThread "play-internal-execution-context-6" [_thread_blocked, id=2816, stack(0x0000000014f20000,0x0000000015020000)]
  0x000000000df2c000 JavaThread "play-internal-execution-context-5" [_thread_blocked, id=1780, stack(0x0000000014c40000,0x0000000014d40000)]
  0x000000000df2b800 JavaThread "play-internal-execution-context-4" [_thread_blocked, id=5840, stack(0x00000000143f0000,0x00000000144f0000)]
  0x00000000114d6800 JavaThread "iteratee-execution-context-8" [_thread_blocked, id=6044, stack(0x0000000014550000,0x0000000014650000)]
  0x00000000114d6000 JavaThread "iteratee-execution-context-7" [_thread_blocked, id=4080, stack(0x00000000141c0000,0x00000000142c0000)]
  0x00000000114d5000 JavaThread "play-internal-execution-context-3" [_thread_blocked, id=6036, stack(0x00000000142e0000,0x00000000143e0000)]
  0x00000000114d4800 JavaThread "play-internal-execution-context-2" [_thread_blocked, id=3736, stack(0x0000000014030000,0x0000000014130000)]
  0x00000000114d3800 JavaThread "play-internal-execution-context-1" [_thread_blocked, id=668, stack(0x0000000013ef0000,0x0000000013ff0000)]
  0x00000000114d3000 JavaThread "iteratee-execution-context-6" [_thread_blocked, id=5908, stack(0x0000000013dc0000,0x0000000013ec0000)]
  0x00000000114d2000 JavaThread "iteratee-execution-context-5" [_thread_blocked, id=3620, stack(0x0000000013c20000,0x0000000013d20000)]
  0x000000000cb16000 JavaThread "iteratee-execution-context-4" [_thread_blocked, id=2292, stack(0x0000000013a50000,0x0000000013b50000)]
  0x000000000cb15000 JavaThread "iteratee-execution-context-3" [_thread_blocked, id=3568, stack(0x00000000138e0000,0x00000000139e0000)]
  0x000000000cb14800 JavaThread "iteratee-execution-context-2" [_thread_blocked, id=5396, stack(0x0000000012ea0000,0x0000000012fa0000)]
  0x000000000cb13800 JavaThread "iteratee-execution-context-1" [_thread_blocked, id=5164, stack(0x00000000137e0000,0x00000000138e0000)]
  0x000000000cb13000 JavaThread "Timer-0" [_thread_blocked, id=6124, stack(0x0000000013650000,0x0000000013750000)]
  0x000000000cb12000 JavaThread "play-scheduler-1" [_thread_blocked, id=1716, stack(0x0000000013460000,0x0000000013560000)]
  0x000000000cb10000 JavaThread "play-akka.actor.default-dispatcher-2" [_thread_blocked, id=5252, stack(0x0000000013030000,0x0000000013130000)]
  0x0000000011223000 JavaThread "Ebean-default.0" daemon [_thread_blocked, id=5304, stack(0x0000000012a40000,0x0000000012b40000)]
  0x0000000011222000 JavaThread "EbeanBackgroundThread" daemon [_thread_blocked, id=5268, stack(0x0000000012770000,0x0000000012870000)]
  0x000000000db79800 JavaThread "com.google.common.base.internal.Finalizer" daemon [_thread_blocked, id=5220, stack(0x000000000fc50000,0x000000000fd50000)]
  0x000000000b9bf000 JavaThread "Service Thread" daemon [_thread_blocked, id=4792, stack(0x000000000c330000,0x000000000c430000)]
  0x000000000b9b6800 JavaThread "C2 CompilerThread1" daemon [_thread_blocked, id=5716, stack(0x000000000c190000,0x000000000c290000)]
  0x000000000b9a1000 JavaThread "C2 CompilerThread0" daemon [_thread_blocked, id=5680, stack(0x000000000bef0000,0x000000000bff0000)]
  0x000000000b9a0000 JavaThread "Attach Listener" daemon [_thread_blocked, id=5532, stack(0x000000000bde0000,0x000000000bee0000)]
  0x000000000b99f000 JavaThread "Signal Dispatcher" daemon [_thread_blocked, id=5444, stack(0x000000000b3c0000,0x000000000b4c0000)]
  0x0000000009b1a000 JavaThread "Finalizer" daemon [_thread_blocked, id=4204, stack(0x000000000b850000,0x000000000b950000)]
  0x0000000009b12000 JavaThread "Reference Handler" daemon [_thread_blocked, id=3688, stack(0x000000000b6e0000,0x000000000b7e0000)]
  0x00000000020ac800 JavaThread "main" [_thread_in_native, id=2568, stack(0x0000000002200000,0x0000000002300000)]

Other Threads:
  0x0000000009b08800 VMThread [stack: 0x000000000b4c0000,0x000000000b5c0000] [id=3228]
  0x0000000009b4f800 WatcherThread [stack: 0x000000000c030000,0x000000000c130000] [id=3564]

=>0x000000000212d800 (exited) GCTaskThread [stack: 0x0000000005ce0000,0x0000000005de0000] [id=5028]

VM state:at safepoint (normal execution)

VM Mutex/Monitor currently owned by a thread:  ([mutex/lock_event])
[0x00000000020aac00] Threads_lock - owner thread: 0x0000000009b08800
[0x00000000020ab100] Heap_lock - owner thread: 0x0000000017c2a800

Heap
 PSYoungGen      total 288576K, used 1291K [0x00000000eaab0000, 0x0000000100000000, 0x0000000100000000)
  eden space 227072K, 0% used [0x00000000eaab0000,0x00000000eaab0000,0x00000000f8870000)
  from space 61504K, 2% used [0x00000000fc3f0000,0x00000000fc532c28,0x0000000100000000)
  to   space 60928K, 0% used [0x00000000f8870000,0x00000000f8870000,0x00000000fc3f0000)
 ParOldGen       total 644864K, used 88151K [0x00000000c0000000, 0x00000000e75c0000, 0x00000000eaab0000)
  object space 644864K, 13% used [0x00000000c0000000,0x00000000c5615d68,0x00000000e75c0000)
 PSPermGen       total 262144K, used 262143K [0x00000000b0000000, 0x00000000c0000000, 0x00000000c0000000)
  object space 262144K, 99% used [0x00000000b0000000,0x00000000bffffd18,0x00000000c0000000)

Card table byte_map: [0x0000000005420000,0x00000000056b0000] byte_map_base: 0x0000000004ea0000

Polling page: 0x0000000000130000

Code Cache  [0x0000000002420000, 0x0000000002c10000, 0x0000000005420000)
 total_blobs=3588 nmethods=3105 adapters=433 free_code_cache=41193Kb largest_free_block=42066048

Compilation events (10 events):
Event: 506.069 Thread 0x000000000b9a1000 nmethod 3419 0x0000000002bd5290 code [0x0000000002bd53e0, 0x0000000002bd5548]
Event: 506.075 Thread 0x000000000b9a1000 3420             XcoreXofxX10X4834.wac::b (48 bytes)
Event: 506.076 Thread 0x000000000b9a1000 nmethod 3420 0x0000000002bd4ed0 code [0x0000000002bd5000, 0x0000000002bd5178]
Event: 506.093 Thread 0x000000000b9a1000 3421             java.util.Collections$EmptyEnumeration::hasMoreElements (2 bytes)
Event: 506.094 Thread 0x000000000b9a1000 nmethod 3421 0x0000000002bd4cd0 code [0x0000000002bd4e00, 0x0000000002bd4e58]
Event: 506.118 Thread 0x000000000b9b6800 nmethod 3416 0x0000000002bfb410 code [0x0000000002bfbf20, 0x0000000002bff0d0]
Event: 506.564 Thread 0x000000000b9a1000 3422             scala.Function1$class::$init$ (1 bytes)
Event: 506.565 Thread 0x000000000b9a1000 nmethod 3422 0x0000000002b70710 code [0x0000000002b70840, 0x0000000002b70878]
Event: 508.392 Thread 0x000000000b9b6800 3423             java.util.HashMap$ValueIterator::next (8 bytes)
Event: 508.394 Thread 0x000000000b9b6800 nmethod 3423 0x0000000002bd4850 code [0x0000000002bd49a0, 0x0000000002bd4b78]

GC Heap History (10 events):
Event: 507.689 GC heap after
Heap after GC invocations=39 (full 3):
 PSYoungGen      total 287232K, used 0K [0x00000000eaab0000, 0x0000000100000000, 0x0000000100000000)
  eden space 227264K, 0% used [0x00000000eaab0000,0x00000000eaab0000,0x00000000f88a0000)
  from space 59968K, 0% used [0x00000000fc570000,0x00000000fc570000,0x0000000100000000)
  to   space 61120K, 0% used [0x00000000f88a0000,0x00000000f88a0000,0x00000000fc450000)
 ParOldGen       total 378688K, used 94061K [0x00000000c0000000, 0x00000000d71d0000, 0x00000000eaab0000)
  object space 378688K, 24% used [0x00000000c0000000,0x00000000c5bdb610,0x00000000d71d0000)
 PSPermGen       total 262144K, used 262143K [0x00000000b0000000, 0x00000000c0000000, 0x00000000c0000000)
  object space 262144K, 99% used [0x00000000b0000000,0x00000000bfffffd8,0x00000000c0000000)
}
Event: 507.689 GC heap before
{Heap before GC invocations=40 (full 4):
 PSYoungGen      total 287232K, used 0K [0x00000000eaab0000, 0x0000000100000000, 0x0000000100000000)
  eden space 227264K, 0% used [0x00000000eaab0000,0x00000000eaab0000,0x00000000f88a0000)
  from space 59968K, 0% used [0x00000000fc570000,0x00000000fc570000,0x0000000100000000)
  to   space 61120K, 0% used [0x00000000f88a0000,0x00000000f88a0000,0x00000000fc450000)
 ParOldGen       total 378688K, used 94061K [0x00000000c0000000, 0x00000000d71d0000, 0x00000000eaab0000)
  object space 378688K, 24% used [0x00000000c0000000,0x00000000c5bdb610,0x00000000d71d0000)
 PSPermGen       total 262144K, used 262143K [0x00000000b0000000, 0x00000000c0000000, 0x00000000c0000000)
  object space 262144K, 99% used [0x00000000b0000000,0x00000000bfffffd8,0x00000000c0000000)
Event: 507.943 GC heap after
Heap after GC invocations=40 (full 4):
 PSYoungGen      total 287232K, used 0K [0x00000000eaab0000, 0x0000000100000000, 0x0000000100000000)
  eden space 227264K, 0% used [0x00000000eaab0000,0x00000000eaab0000,0x00000000f88a0000)
  from space 59968K, 0% used [0x00000000fc570000,0x00000000fc570000,0x0000000100000000)
  to   space 61120K, 0% used [0x00000000f88a0000,0x00000000f88a0000,0x00000000fc450000)
 ParOldGen       total 510336K, used 94008K [0x00000000c0000000, 0x00000000df260000, 0x00000000eaab0000)
  object space 510336K, 18% used [0x00000000c0000000,0x00000000c5bce208,0x00000000df260000)
 PSPermGen       total 262144K, used 262143K [0x00000000b0000000, 0x00000000c0000000, 0x00000000c0000000)
  object space 262144K, 99% used [0x00000000b0000000,0x00000000bfffffd8,0x00000000c0000000)
}
Event: 507.943 GC heap before
{Heap before GC invocations=41 (full 4):
 PSYoungGen      total 287232K, used 0K [0x00000000eaab0000, 0x0000000100000000, 0x0000000100000000)
  eden space 227264K, 0% used [0x00000000eaab0000,0x00000000eaab0000,0x00000000f88a0000)
  from space 59968K, 0% used [0x00000000fc570000,0x00000000fc570000,0x0000000100000000)
  to   space 61120K, 0% used [0x00000000f88a0000,0x00000000f88a0000,0x00000000fc450000)
 ParOldGen       total 510336K, used 94008K [0x00000000c0000000, 0x00000000df260000, 0x00000000eaab0000)
  object space 510336K, 18% used [0x00000000c0000000,0x00000000c5bce208,0x00000000df260000)
 PSPermGen       total 262144K, used 262143K [0x00000000b0000000, 0x00000000c0000000, 0x00000000c0000000)
  object space 262144K, 99% used [0x00000000b0000000,0x00000000bfffffd8,0x00000000c0000000)
Event: 507.947 GC heap after
Heap after GC invocations=41 (full 4):
 PSYoungGen      total 227328K, used 0K [0x00000000eaab0000, 0x0000000100000000, 0x0000000100000000)
  eden space 227264K, 0% used [0x00000000eaab0000,0x00000000eaab0000,0x00000000f88a0000)
  from space 64K, 0% used [0x00000000f88a0000,0x00000000f88a0000,0x00000000f88b0000)
  to   space 61504K, 0% used [0x00000000fc3f0000,0x00000000fc3f0000,0x0000000100000000)
 ParOldGen       total 510336K, used 94008K [0x00000000c0000000, 0x00000000df260000, 0x00000000eaab0000)
  object space 510336K, 18% used [0x00000000c0000000,0x00000000c5bce208,0x00000000df260000)
 PSPermGen       total 262144K, used 262143K [0x00000000b0000000, 0x00000000c0000000, 0x00000000c0000000)
  object space 262144K, 99% used [0x00000000b0000000,0x00000000bfffffd8,0x00000000c0000000)
}
Event: 507.947 GC heap before
{Heap before GC invocations=42 (full 5):
 PSYoungGen      total 227328K, used 0K [0x00000000eaab0000, 0x0000000100000000, 0x0000000100000000)
  eden space 227264K, 0% used [0x00000000eaab0000,0x00000000eaab0000,0x00000000f88a0000)
  from space 64K, 0% used [0x00000000f88a0000,0x00000000f88a0000,0x00000000f88b0000)
  to   space 61504K, 0% used [0x00000000fc3f0000,0x00000000fc3f0000,0x0000000100000000)
 ParOldGen       total 510336K, used 94008K [0x00000000c0000000, 0x00000000df260000, 0x00000000eaab0000)
  object space 510336K, 18% used [0x00000000c0000000,0x00000000c5bce208,0x00000000df260000)
 PSPermGen       total 262144K, used 262143K [0x00000000b0000000, 0x00000000c0000000, 0x00000000c0000000)
  object space 262144K, 99% used [0x00000000b0000000,0x00000000bfffffd8,0x00000000c0000000)
Event: 508.368 GC heap after
Heap after GC invocations=42 (full 5):
 PSYoungGen      total 227328K, used 0K [0x00000000eaab0000, 0x0000000100000000, 0x0000000100000000)
  eden space 227264K, 0% used [0x00000000eaab0000,0x00000000eaab0000,0x00000000f88a0000)
  from space 64K, 0% used [0x00000000f88a0000,0x00000000f88a0000,0x00000000f88b0000)
  to   space 61504K, 0% used [0x00000000fc3f0000,0x00000000fc3f0000,0x0000000100000000)
 ParOldGen       total 644864K, used 88151K [0x00000000c0000000, 0x00000000e75c0000, 0x00000000eaab0000)
  object space 644864K, 13% used [0x00000000c0000000,0x00000000c5615d68,0x00000000e75c0000)
 PSPermGen       total 262144K, used 260793K [0x00000000b0000000, 0x00000000c0000000, 0x00000000c0000000)
  object space 262144K, 99% used [0x00000000b0000000,0x00000000bfeae580,0x00000000c0000000)
}
Event: 508.422 GC heap before
{Heap before GC invocations=43 (full 5):
 PSYoungGen      total 227328K, used 7794K [0x00000000eaab0000, 0x0000000100000000, 0x0000000100000000)
  eden space 227264K, 3% used [0x00000000eaab0000,0x00000000eb24c990,0x00000000f88a0000)
  from space 64K, 0% used [0x00000000f88a0000,0x00000000f88a0000,0x00000000f88b0000)
  to   space 61504K, 0% used [0x00000000fc3f0000,0x00000000fc3f0000,0x0000000100000000)
 ParOldGen       total 644864K, used 88151K [0x00000000c0000000, 0x00000000e75c0000, 0x00000000eaab0000)
  object space 644864K, 13% used [0x00000000c0000000,0x00000000c5615d68,0x00000000e75c0000)
 PSPermGen       total 262144K, used 262143K [0x00000000b0000000, 0x00000000c0000000, 0x00000000c0000000)
  object space 262144K, 99% used [0x00000000b0000000,0x00000000bffffd18,0x00000000c0000000)
Event: 508.427 GC heap after
Heap after GC invocations=43 (full 5):
 PSYoungGen      total 288576K, used 1291K [0x00000000eaab0000, 0x0000000100000000, 0x0000000100000000)
  eden space 227072K, 0% used [0x00000000eaab0000,0x00000000eaab0000,0x00000000f8870000)
  from space 61504K, 2% used [0x00000000fc3f0000,0x00000000fc532c28,0x0000000100000000)
  to   space 60928K, 0% used [0x00000000f8870000,0x00000000f8870000,0x00000000fc3f0000)
 ParOldGen       total 644864K, used 88151K [0x00000000c0000000, 0x00000000e75c0000, 0x00000000eaab0000)
  object space 644864K, 13% used [0x00000000c0000000,0x00000000c5615d68,0x00000000e75c0000)
 PSPermGen       total 262144K, used 262143K [0x00000000b0000000, 0x00000000c0000000, 0x00000000c0000000)
  object space 262144K, 99% used [0x00000000b0000000,0x00000000bffffd18,0x00000000c0000000)
}
Event: 508.427 GC heap before
{Heap before GC invocations=44 (full 6):
 PSYoungGen      total 288576K, used 1291K [0x00000000eaab0000, 0x0000000100000000, 0x0000000100000000)
  eden space 227072K, 0% used [0x00000000eaab0000,0x00000000eaab0000,0x00000000f8870000)
  from space 61504K, 2% used [0x00000000fc3f0000,0x00000000fc532c28,0x0000000100000000)
  to   space 60928K, 0% used [0x00000000f8870000,0x00000000f8870000,0x00000000fc3f0000)
 ParOldGen       total 644864K, used 88151K [0x00000000c0000000, 0x00000000e75c0000, 0x00000000eaab0000)
  object space 644864K, 13% used [0x00000000c0000000,0x00000000c5615d68,0x00000000e75c0000)
 PSPermGen       total 262144K, used 262143K [0x00000000b0000000, 0x00000000c0000000, 0x00000000c0000000)
  object space 262144K, 99% used [0x00000000b0000000,0x00000000bffffd18,0x00000000c0000000)

Deoptimization events (10 events):
Event: 450.987 Thread 0x000000001121e800 Uncommon trap -34 fr.pc 0x0000000002bc972c
Event: 450.987 Thread 0x000000001121e800 Uncommon trap -34 fr.pc 0x0000000002bc6514
Event: 474.240 Thread 0x00000000020ac800 Uncommon trap -83 fr.pc 0x0000000002bcd64c
Event: 503.108 Thread 0x0000000010cfb000 Uncommon trap -34 fr.pc 0x00000000025e3c8c
Event: 508.368 Thread 0x0000000017c2a800 Uncommon trap -12 fr.pc 0x000000000269a5a8
Event: 508.385 Thread 0x0000000017c2a800 Uncommon trap -12 fr.pc 0x00000000029c6268
Event: 508.394 Thread 0x0000000017c2a800 Uncommon trap -34 fr.pc 0x000000000262681c
Event: 508.394 Thread 0x0000000017c2a800 Uncommon trap -34 fr.pc 0x000000000262681c
Event: 508.394 Thread 0x0000000017c2a800 Uncommon trap -34 fr.pc 0x000000000262681c
Event: 508.394 Thread 0x0000000017c2a800 Uncommon trap -34 fr.pc 0x000000000262681c

Internal exceptions (10 events):
Event: 508.419 Thread 0x0000000017c2a800 Threw 0x00000000eb143160 at C:\jdk7u2_64p\jdk7u21\hotspot\src\share\vm\prims\jvm.cpp:1166
Event: 508.419 Thread 0x0000000017c2a800 Threw 0x00000000eb1484e8 at C:\jdk7u2_64p\jdk7u21\hotspot\src\share\vm\prims\jvm.cpp:1166
Event: 508.419 Thread 0x0000000017c2a800 Threw 0x00000000eb14cf08 at C:\jdk7u2_64p\jdk7u21\hotspot\src\share\vm\prims\jvm.cpp:1166
Event: 508.420 Thread 0x0000000017c2a800 Threw 0x00000000eb157b28 at C:\jdk7u2_64p\jdk7u21\hotspot\src\share\vm\prims\jvm.cpp:1166
Event: 508.420 Thread 0x000000001121f000 Threw 0x00000000eb213d88 at C:\jdk7u2_64p\jdk7u21\hotspot\src\share\vm\prims\jvm.cpp:1166
Event: 508.421 Thread 0x000000001121f000 Threw 0x00000000eb2167e8 at C:\jdk7u2_64p\jdk7u21\hotspot\src\share\vm\prims\jvm.cpp:1166
Event: 508.421 Thread 0x0000000017c2a800 Threw 0x00000000eb15afb8 at C:\jdk7u2_64p\jdk7u21\hotspot\src\share\vm\prims\jvm.cpp:1166
Event: 508.421 Thread 0x000000001121f000 Threw 0x00000000eb21fca8 at C:\jdk7u2_64p\jdk7u21\hotspot\src\share\vm\prims\jvm.cpp:1166
Event: 508.421 Thread 0x0000000017c2a800 Threw 0x00000000eb15e6a8 at C:\jdk7u2_64p\jdk7u21\hotspot\src\share\vm\prims\jvm.cpp:1166
Event: 508.422 Thread 0x0000000017c2a800 Threw 0x00000000eb164710 at C:\jdk7u2_64p\jdk7u21\hotspot\src\share\vm\prims\jvm.cpp:1166

Events (10 events):
Event: 508.421 loading class 0x000000000dfc9f50 done
Event: 508.421 loading class 0x000000000c94cce0
Event: 508.421 loading class 0x000000000c94cce0 done
Event: 508.421 loading class 0x000000000dd395f0
Event: 508.421 loading class 0x000000000dd395f0 done
Event: 508.421 loading class 0x000000000deaf680
Event: 508.421 loading class 0x000000000deaf680 done
Event: 508.422 loading class 0x000000000dead920
Event: 508.422 loading class 0x000000000dead920 done
Event: 508.422 Executing VM operation: ParallelGCFailedPermanentAllocation


Dynamic libraries:
0x000000013f450000 - 0x000000013f483000 	C:\Windows\system32\java.exe
0x0000000077c00000 - 0x0000000077da9000 	C:\Windows\SYSTEM32\ntdll.dll
0x0000000077ae0000 - 0x0000000077bff000 	C:\Windows\system32\kernel32.dll
0x000007fefdc80000 - 0x000007fefdceb000 	C:\Windows\system32\KERNELBASE.dll
0x0000000075790000 - 0x0000000075817000 	C:\Windows\System32\SYSFER.DLL
0x000007fefe310000 - 0x000007fefe3eb000 	C:\Windows\system32\ADVAPI32.dll
0x000007fefe5d0000 - 0x000007fefe66f000 	C:\Windows\system32\msvcrt.dll
0x000007feffe30000 - 0x000007feffe4f000 	C:\Windows\SYSTEM32\sechost.dll
0x000007fefde90000 - 0x000007fefdfbd000 	C:\Windows\system32\RPCRT4.dll
0x00000000779e0000 - 0x0000000077ada000 	C:\Windows\system32\USER32.dll
0x000007feff030000 - 0x000007feff097000 	C:\Windows\system32\GDI32.dll
0x000007fefeb80000 - 0x000007fefeb8e000 	C:\Windows\system32\LPK.dll
0x000007fefe820000 - 0x000007fefe8e9000 	C:\Windows\system32\USP10.dll
0x000007fefc0a0000 - 0x000007fefc294000 	C:\Windows\WinSxS\amd64_microsoft.windows.common-controls_6595b64144ccf1df_6.0.7601.17514_none_fa396087175ac9ac\COMCTL32.dll
0x000007fefeb00000 - 0x000007fefeb71000 	C:\Windows\system32\SHLWAPI.dll
0x000007fefe710000 - 0x000007fefe73e000 	C:\Windows\system32\IMM32.DLL
0x000007fefeb90000 - 0x000007fefec99000 	C:\Windows\system32\MSCTF.dll
0x0000000073ba0000 - 0x0000000073c71000 	C:\Program Files\Java\jre7\bin\msvcr100.dll
0x000000006bb50000 - 0x000000006c271000 	C:\Program Files\Java\jre7\bin\server\jvm.dll
0x000007fef7460000 - 0x000007fef7469000 	C:\Windows\system32\WSOCK32.dll
0x000007fefe020000 - 0x000007fefe06d000 	C:\Windows\system32\WS2_32.dll
0x000007fefe070000 - 0x000007fefe078000 	C:\Windows\system32\NSI.dll
0x000007fefab10000 - 0x000007fefab4b000 	C:\Windows\system32\WINMM.dll
0x0000000077dc0000 - 0x0000000077dc7000 	C:\Windows\system32\PSAPI.DLL
0x0000000073e60000 - 0x0000000073e6f000 	C:\Program Files\Java\jre7\bin\verify.dll
0x0000000073de0000 - 0x0000000073e08000 	C:\Program Files\Java\jre7\bin\java.dll
0x0000000073e20000 - 0x0000000073e35000 	C:\Program Files\Java\jre7\bin\zip.dll
0x0000000073d40000 - 0x0000000073d59000 	C:\Program Files\Java\jre7\bin\net.dll
0x000007fefd250000 - 0x000007fefd2a5000 	C:\Windows\system32\mswsock.dll
0x000007fefd240000 - 0x000007fefd247000 	C:\Windows\System32\wship6.dll
0x0000000073d20000 - 0x0000000073d31000 	C:\Program Files\Java\jre7\bin\nio.dll
0x0000000180000000 - 0x0000000180010000 	C:\Users\Ray\AppData\Local\Temp\jline_0_12_2.dll
0x000007fefd2b0000 - 0x000007fefd2c7000 	C:\Windows\system32\CRYPTSP.dll
0x000007fefcfb0000 - 0x000007fefcff7000 	C:\Windows\system32\rsaenh.dll
0x000007fefcd30000 - 0x000007fefcd4e000 	C:\Windows\system32\USERENV.dll
0x000007fefd9e0000 - 0x000007fefd9ef000 	C:\Windows\system32\profapi.dll
0x000007fefd910000 - 0x000007fefd91f000 	C:\Windows\system32\CRYPTBASE.dll
0x000007fefb490000 - 0x000007fefb4a5000 	C:\Windows\system32\NLAapi.dll
0x000007fefc3b0000 - 0x000007fefc3c5000 	C:\Windows\system32\napinsp.dll
0x000007fefbdb0000 - 0x000007fefbdc9000 	C:\Windows\system32\pnrpnsp.dll
0x000007fefd0d0000 - 0x000007fefd12b000 	C:\Windows\system32\DNSAPI.dll
0x000007fefbda0000 - 0x000007fefbdab000 	C:\Windows\System32\winrnr.dll
0x000007fefcbf0000 - 0x000007fefcbf7000 	C:\Windows\System32\wshtcpip.dll
0x000007fefb190000 - 0x000007fefb1b7000 	C:\Windows\system32\IPHLPAPI.DLL
0x000007fefb180000 - 0x000007fefb18b000 	C:\Windows\system32\WINNSI.DLL
0x000007fef8410000 - 0x000007fef8418000 	C:\Windows\system32\rasadhlp.dll
0x000007fefb010000 - 0x000007fefb063000 	C:\Windows\System32\fwpuclnt.dll
0x0000000067540000 - 0x000000006764f000 	C:\programs\ray\adder\target\native_libraries\64bits\jnotify_64bit.dll
0x000007fefd8b0000 - 0x000007fefd907000 	C:\Windows\system32\apphelp.dll
0x0000000073cf0000 - 0x0000000073d14000 	C:\Program Files\Java\jre7\bin\sunec.dll
0x0000000074720000 - 0x000000007472b000 	C:\Program Files\Java\jre7\bin\sunmscapi.dll
0x000007fefdaa0000 - 0x000007fefdc0a000 	C:\Windows\system32\CRYPT32.dll
0x000007fefda80000 - 0x000007fefda8f000 	C:\Windows\system32\MSASN1.dll
0x000007fef5600000 - 0x000007fef5725000 	C:\Windows\system32\dbghelp.dll

VM Arguments:
jvm_args: -Xms512M -Xmx1024M -Xss1M -XX:+CMSClassUnloadingEnabled -XX:MaxPermSize=256M -Dfile.encoding=UTF-8 -Dplay.version=2.1.1 -Dsbt.ivy.home=C:\programs\play-2.1.1\framework\..\repository -Dplay.home=C:\programs\play-2.1.1\framework\. -Dsbt.boot.properties=file:///C:/programs/play-2.1.1/framework/sbt/sbt.boot.properties 
java_command: C:\programs\play-2.1.1\framework\sbt\sbt-launch.jar play
Launcher Type: SUN_STANDARD

Environment Variables:
JAVA_HOME=C:\Program Files\Java\jdk1.7.0_21
PATH=C:\Windows;C:\Windows\system32;C:\Windows\System32\Wbem;C:\Windows\System32\WindowsPowerShell\v1.0;C:\Program Files (x86)\NVIDIA Corporation\PhysX\Common;C:\Program Files\Java\jdk1.7.0_21\bin;C:\Program Files (x86)\Git\cmd;C:\programs\play-2.1.1;C:\programs\apache-tomcat-7.0.40\bin
USERNAME=Ray
OS=Windows_NT
PROCESSOR_IDENTIFIER=Intel64 Family 6 Model 26 Stepping 4, GenuineIntel



---------------  S Y S T E M  ---------------

OS: Windows 7 , 64 bit Build 7601 Service Pack 1

CPU:total 8 (4 cores per cpu, 2 threads per core) family 6 model 26 stepping 4, cmov, cx8, fxsr, mmx, sse, sse2, sse3, ssse3, sse4.1, sse4.2, popcnt, ht, tsc, tscinvbit, tscinv

Memory: 4k page, physical 8379540k(3593080k free), swap 24761680k(18656756k free)

vm_info: Java HotSpot(TM) 64-Bit Server VM (23.21-b01) for windows-amd64 JRE (1.7.0_21-b11), built on Apr  4 2013 08:11:28 by "java_re" with unknown MS VC++:1600

time: Sat Jun 15 01:00:39 2013
elapsed time: 508 seconds

