#
# A fatal error has been detected by the Java Runtime Environment:
#
#  EXCEPTION_ACCESS_VIOLATION (0xc0000005) at pc=0x0000000058c2e527, pid=1412, tid=5688
#
# JRE version: 7.0_21-b11
# Java VM: Java HotSpot(TM) 64-Bit Server VM (23.21-b01 mixed mode windows-amd64 compressed oops)
# Problematic frame:
# V  [jvm.dll+0x1e527]
#
# Failed to write core dump. Minidumps are not enabled by default on client versions of Windows
#
# If you would like to submit a bug report, please visit:
#   http://bugreport.sun.com/bugreport/crash.jsp
#

---------------  T H R E A D  ---------------

Current thread (0x000000000bded000):  JavaThread "C2 CompilerThread0" daemon [_thread_in_vm, id=5688, stack(0x000000000c390000,0x000000000c490000)]

siginfo: ExceptionCode=0xc0000005, reading address 0x000000006b5c2780

Registers:
RAX=0x0000000002463978, RBX=0x0000000013dae1c0, RCX=0x00000000592a5bc0, RDX=0x0000000000000001
RSP=0x000000000c48dcf8, RBP=0x000000000c48f810, RSI=0x0000000000000000, RDI=0x000000000c48f818
R8 =0x000000000c48dd48, R9 =0x0000000013dae0f0, R10=0x000000000a49fd80, R11=0x00000000591063a8
R12=0x0000000013dae1a0, R13=0x0000000000000000, R14=0x0000000000000000, R15=0x000000000bded000
RIP=0x0000000058c2e527, EFLAGS=0x0000000000010216

Top of Stack: (sp=0x000000000c48dcf8)
0x000000000c48dcf8:   0000000058c2c34d 0000000013dae1c0
0x000000000c48dd08:   0000000000000000 000000000c48f810
0x000000000c48dd18:   0000000058e0e96c 0000000002463901
0x000000000c48dd28:   00000000024639a8 000000000bde7490
0x000000000c48dd38:   0000000013103ba0 0000000013107d58
0x000000000c48dd48:   000000000a49fd80 0000000100000001
0x000000000c48dd58:   0000000002463978 0000000013103ba0
0x000000000c48dd68:   0000000058c8e161 0000000002463970
0x000000000c48dd78:   0000000013dae0f0 0000000013dac940
0x000000000c48dd88:   00000000024bd8c0 0000000013dae0f0
0x000000000c48dd98:   000000000c48f818 00000000024bf850
0x000000000c48dda8:   0000000013dae100 0000000000000000
0x000000000c48ddb8:   0000000058c21be9 000000000bded000
0x000000000c48ddc8:   000000000c48f810 0000000000000000
0x000000000c48ddd8:   00000000130ffd70 0000000000000000
0x000000000c48dde8:   0000000058c2a7fd 000000000c48f818 

Instructions: (pc=0x0000000058c2e527)
0x0000000058c2e507:   00 00 cc cc cc cc cc cc cc 83 f9 0c 75 08 48 8b
0x0000000058c2e517:   05 e4 60 67 00 c3 48 63 c1 48 8d 0d 99 76 67 00
0x0000000058c2e527:   48 8b 04 c1 c3 cc cc cc cc 48 89 5c 24 08 57 48
0x0000000058c2e537:   83 ec 20 8b da 48 8b f9 e8 0c a8 ff ff 48 8d 05 


Register to memory mapping:

RAX=0x0000000002463978 is an unknown value
RBX=0x0000000013dae1c0 is an unknown value
RCX=0x00000000592a5bc0 is an unknown value
RDX=0x0000000000000001 is an unknown value
RSP=0x000000000c48dcf8 is pointing into the stack for thread: 0x000000000bded000
RBP=0x000000000c48f810 is pointing into the stack for thread: 0x000000000bded000
RSI=0x0000000000000000 is an unknown value
RDI=0x000000000c48f818 is pointing into the stack for thread: 0x000000000bded000
R8 =0x000000000c48dd48 is pointing into the stack for thread: 0x000000000bded000
R9 =0x0000000013dae0f0 is an unknown value
R10=0x000000000a49fd80 is an unknown value
R11=0x00000000591063a8 is an unknown value
R12=0x0000000013dae1a0 is an unknown value
R13=0x0000000000000000 is an unknown value
R14=0x0000000000000000 is an unknown value
R15=0x000000000bded000 is a thread


Stack: [0x000000000c390000,0x000000000c490000],  sp=0x000000000c48dcf8,  free space=1015k
Native frames: (J=compiled Java code, j=interpreted, Vv=VM code, C=native code)
V  [jvm.dll+0x1e527]
C  0x00000000114a5000


Current CompileTask:
C2:2411259 7190             sbt.HCons::<init> (19 bytes)


---------------  P R O C E S S  ---------------

Java Threads: ( => current thread )
  0x0000000013e2d800 JavaThread "pool-94-thread-9" [_thread_blocked, id=4488, stack(0x0000000017710000,0x0000000017810000)]
  0x0000000013e2c800 JavaThread "pool-94-thread-8" [_thread_blocked, id=6584, stack(0x000000001abc0000,0x000000001acc0000)]
  0x0000000013e2c000 JavaThread "pool-94-thread-7" [_thread_blocked, id=6036, stack(0x000000001a9f0000,0x000000001aaf0000)]
  0x0000000013e2b000 JavaThread "pool-94-thread-6" [_thread_blocked, id=6892, stack(0x000000001a820000,0x000000001a920000)]
  0x00000000131d8000 JavaThread "pool-94-thread-5" [_thread_blocked, id=4036, stack(0x000000001a650000,0x000000001a750000)]
  0x0000000012aed000 JavaThread "pool-94-thread-4" [_thread_blocked, id=5324, stack(0x000000001a3c0000,0x000000001a4c0000)]
  0x0000000012aeb800 JavaThread "pool-94-thread-3" [_thread_in_native, id=5828, stack(0x000000001a2b0000,0x000000001a3b0000)]
  0x000000000e5fe000 JavaThread "pool-94-thread-2" [_thread_blocked, id=6368, stack(0x000000001a110000,0x000000001a210000)]
  0x000000000e5fa800 JavaThread "pool-94-thread-1" [_thread_blocked, id=6768, stack(0x0000000019ff0000,0x000000001a0f0000)]
  0x00000000131da800 JavaThread "play-akka.actor.default-dispatcher-160" [_thread_blocked, id=6872, stack(0x0000000010780000,0x0000000010880000)]
  0x00000000131d9800 JavaThread "Thread-119" [_thread_in_native, id=5804, stack(0x0000000019e80000,0x0000000019f80000)]
  0x0000000011a21000 JavaThread "net.sf.ehcache.CacheManager@1921a73b" daemon [_thread_blocked, id=4260, stack(0x0000000019c50000,0x0000000019d50000)]
  0x0000000011a1c800 JavaThread "EbeanCacheWarmer" daemon [_thread_blocked, id=5928, stack(0x0000000017610000,0x0000000017710000)]
  0x0000000011a1a000 JavaThread "BoneCP-pool-watch-thread" daemon [_thread_blocked, id=1040, stack(0x0000000017130000,0x0000000017230000)]
  0x0000000013147000 JavaThread "BoneCP-max-alive-scheduler" daemon [_thread_blocked, id=6172, stack(0x0000000016c20000,0x0000000016d20000)]
  0x0000000013143800 JavaThread "BoneCP-keep-alive-scheduler" daemon [_thread_blocked, id=6576, stack(0x0000000016a90000,0x0000000016b90000)]
  0x0000000013144000 JavaThread "com.google.common.base.internal.Finalizer" daemon [_thread_blocked, id=4112, stack(0x0000000012e10000,0x0000000012f10000)]
  0x0000000013145000 JavaThread "com.google.common.base.internal.Finalizer" daemon [_thread_blocked, id=2848, stack(0x0000000019b50000,0x0000000019c50000)]
  0x0000000013140800 JavaThread "com.google.common.base.internal.Finalizer" daemon [_thread_blocked, id=5852, stack(0x00000000179b0000,0x0000000017ab0000)]
  0x0000000013142800 JavaThread "com.google.common.base.internal.Finalizer" daemon [_thread_blocked, id=5188, stack(0x0000000017810000,0x0000000017910000)]
  0x0000000013141000 JavaThread "com.google.common.base.internal.Finalizer" daemon [_thread_blocked, id=6940, stack(0x0000000017440000,0x0000000017540000)]
  0x0000000013145800 JavaThread "com.google.common.base.internal.Finalizer" daemon [_thread_blocked, id=4448, stack(0x0000000016990000,0x0000000016a90000)]
  0x0000000013146800 JavaThread "com.google.common.base.internal.Finalizer" daemon [_thread_blocked, id=6796, stack(0x00000000151a0000,0x00000000152a0000)]
  0x00000000131d7800 JavaThread "com.google.common.base.internal.Finalizer" daemon [_thread_blocked, id=7088, stack(0x0000000016860000,0x0000000016960000)]
  0x0000000011a1b800 JavaThread "Ebean-default.7" daemon [_thread_blocked, id=6256, stack(0x0000000014f20000,0x0000000015020000)]
  0x00000000131d9000 JavaThread "com.google.common.base.internal.Finalizer" daemon [_thread_blocked, id=6828, stack(0x000000000ffa0000,0x00000000100a0000)]
  0x0000000011a1a800 JavaThread "com.google.common.base.internal.Finalizer" daemon [_thread_blocked, id=6804, stack(0x00000000166d0000,0x00000000167d0000)]
  0x000000000e5fc800 JavaThread "com.google.common.base.internal.Finalizer" daemon [_thread_blocked, id=6800, stack(0x00000000150a0000,0x00000000151a0000)]
  0x000000000e5f9800 JavaThread "com.google.common.base.internal.Finalizer" daemon [_thread_blocked, id=6856, stack(0x0000000010b30000,0x0000000010c30000)]
  0x000000000e5fc000 JavaThread "com.google.common.base.internal.Finalizer" daemon [_thread_blocked, id=4324, stack(0x00000000109a0000,0x0000000010aa0000)]
  0x0000000012af0000 JavaThread "com.google.common.base.internal.Finalizer" daemon [_thread_blocked, id=2572, stack(0x000000000f840000,0x000000000f940000)]
  0x0000000012af0800 JavaThread "com.google.common.base.internal.Finalizer" daemon [_thread_blocked, id=6240, stack(0x00000000104c0000,0x00000000105c0000)]
  0x0000000012af1800 JavaThread "com.google.common.base.internal.Finalizer" daemon [_thread_blocked, id=5680, stack(0x0000000010310000,0x0000000010410000)]
  0x0000000012aee800 JavaThread "com.google.common.base.internal.Finalizer" daemon [_thread_blocked, id=3412, stack(0x00000000101f0000,0x00000000102f0000)]
  0x0000000011a20000 JavaThread "play-internal-execution-context-8" [_thread_blocked, id=6636, stack(0x00000000172c0000,0x00000000173c0000)]
  0x0000000011a1f800 JavaThread "play-internal-execution-context-7" [_thread_blocked, id=5132, stack(0x0000000017000000,0x0000000017100000)]
  0x0000000011a1e800 JavaThread "play-internal-execution-context-6" [_thread_blocked, id=5632, stack(0x00000000161d0000,0x00000000162d0000)]
  0x0000000011a1e000 JavaThread "play-internal-execution-context-5" [_thread_blocked, id=1904, stack(0x0000000016ef0000,0x0000000016ff0000)]
  0x0000000011a1d000 JavaThread "play-internal-execution-context-4" [_thread_blocked, id=4928, stack(0x0000000016d50000,0x0000000016e50000)]
  0x0000000014441000 JavaThread "iteratee-execution-context-8" [_thread_blocked, id=6900, stack(0x0000000015dc0000,0x0000000015ec0000)]
  0x0000000014440800 JavaThread "iteratee-execution-context-7" [_thread_blocked, id=2888, stack(0x0000000016520000,0x0000000016620000)]
  0x000000001443f800 JavaThread "play-internal-execution-context-3" [_thread_blocked, id=808, stack(0x0000000016330000,0x0000000016430000)]
  0x000000001443f000 JavaThread "play-internal-execution-context-2" [_thread_blocked, id=3916, stack(0x0000000015610000,0x0000000015710000)]
  0x000000001443e000 JavaThread "play-internal-execution-context-1" [_thread_blocked, id=6400, stack(0x00000000160b0000,0x00000000161b0000)]
  0x000000001443d800 JavaThread "iteratee-execution-context-6" [_thread_blocked, id=2052, stack(0x0000000015ef0000,0x0000000015ff0000)]
  0x000000001443c800 JavaThread "iteratee-execution-context-5" [_thread_blocked, id=7140, stack(0x0000000015b90000,0x0000000015c90000)]
  0x000000001443c000 JavaThread "iteratee-execution-context-4" [_thread_blocked, id=6496, stack(0x0000000015c90000,0x0000000015d90000)]
  0x000000001443b000 JavaThread "iteratee-execution-context-3" [_thread_blocked, id=7068, stack(0x0000000015a30000,0x0000000015b30000)]
  0x000000001443a000 JavaThread "iteratee-execution-context-2" [_thread_blocked, id=6192, stack(0x00000000158c0000,0x00000000159c0000)]
  0x000000000e4e3000 JavaThread "iteratee-execution-context-1" [_thread_blocked, id=6164, stack(0x0000000015710000,0x0000000015810000)]
  0x000000000e4e3800 JavaThread "Timer-0" [_thread_blocked, id=1168, stack(0x00000000154a0000,0x00000000155a0000)]
  0x000000000e5fb000 JavaThread "play-scheduler-1" [_thread_blocked, id=6596, stack(0x00000000152c0000,0x00000000153c0000)]
  0x0000000012aef000 JavaThread "EbeanBackgroundThread" daemon [_thread_blocked, id=5028, stack(0x0000000010650000,0x0000000010750000)]
  0x0000000012aec000 JavaThread "com.google.common.base.internal.Finalizer" daemon [_thread_blocked, id=3776, stack(0x00000000100a0000,0x00000000101a0000)]
  0x000000000e600000 JavaThread "Scala Presentation Compiler []" [_thread_blocked, id=6228, stack(0x0000000011d20000,0x0000000011e20000)]
  0x000000000e5ff000 JavaThread "Thread-2" daemon [_thread_in_native, id=6816, stack(0x000000000ed60000,0x000000000ee60000)]
  0x000000000e4e2000 JavaThread "New I/O server boss #17" [_thread_in_native, id=4348, stack(0x000000000fe20000,0x000000000ff20000)]
  0x000000000e4e1800 JavaThread "New I/O worker #16" [_thread_in_native, id=4640, stack(0x000000000f210000,0x000000000f310000)]
  0x000000000e4e0800 JavaThread "New I/O worker #15" [_thread_in_native, id=6408, stack(0x000000000d6f0000,0x000000000d7f0000)]
  0x000000000e4e0000 JavaThread "New I/O worker #14" [_thread_in_native, id=1076, stack(0x000000000fa70000,0x000000000fb70000)]
  0x000000000e4df000 JavaThread "New I/O worker #13" [_thread_in_native, id=4644, stack(0x000000000fce0000,0x000000000fde0000)]
  0x000000000e4de800 JavaThread "New I/O worker #12" [_thread_blocked, id=4564, stack(0x000000000fb70000,0x000000000fc70000)]
  0x000000000e4dd800 JavaThread "New I/O worker #11" [_thread_in_native, id=4684, stack(0x000000000c4a0000,0x000000000c5a0000)]
  0x000000000e4dd000 JavaThread "New I/O worker #10" [_thread_in_native, id=3772, stack(0x000000000f940000,0x000000000fa40000)]
  0x000000000e4da000 JavaThread "New I/O worker #9" [_thread_in_native, id=7160, stack(0x000000000c850000,0x000000000c950000)]
  0x000000000e2d9000 JavaThread "New I/O worker #8" [_thread_in_native, id=3724, stack(0x000000000f730000,0x000000000f830000)]
  0x000000000e538800 JavaThread "New I/O worker #7" [_thread_in_native, id=6184, stack(0x000000000f570000,0x000000000f670000)]
  0x000000000e4a1000 JavaThread "New I/O worker #6" [_thread_in_native, id=5448, stack(0x000000000f430000,0x000000000f530000)]
  0x000000000e3a4800 JavaThread "New I/O worker #5" [_thread_in_native, id=1336, stack(0x000000000f330000,0x000000000f430000)]
  0x000000000dc31800 JavaThread "New I/O worker #4" [_thread_in_native, id=6040, stack(0x000000000f0d0000,0x000000000f1d0000)]
  0x000000000e2de000 JavaThread "New I/O worker #3" [_thread_in_native, id=4024, stack(0x000000000d9f0000,0x000000000daf0000)]
  0x000000000e496000 JavaThread "New I/O worker #2" [_thread_in_native, id=6540, stack(0x000000000eef0000,0x000000000eff0000)]
  0x000000000e39f800 JavaThread "New I/O worker #1" [_thread_in_native, id=7024, stack(0x000000000cd40000,0x000000000ce40000)]
  0x000000000bdfd000 JavaThread "Service Thread" daemon [_thread_blocked, id=5988, stack(0x000000000c720000,0x000000000c820000)]
  0x000000000bdf8800 JavaThread "C2 CompilerThread1" daemon [_thread_blocked, id=3116, stack(0x000000000c5a0000,0x000000000c6a0000)]
=>0x000000000bded000 JavaThread "C2 CompilerThread0" daemon [_thread_in_vm, id=5688, stack(0x000000000c390000,0x000000000c490000)]
  0x000000000bdec000 JavaThread "Attach Listener" daemon [_thread_blocked, id=6984, stack(0x000000000bb80000,0x000000000bc80000)]
  0x000000000bdeb000 JavaThread "Signal Dispatcher" daemon [_thread_blocked, id=1948, stack(0x000000000c1f0000,0x000000000c2f0000)]
  0x0000000009f67000 JavaThread "Finalizer" daemon [_thread_blocked, id=6696, stack(0x000000000bca0000,0x000000000bda0000)]
  0x0000000009f5f000 JavaThread "Reference Handler" daemon [_thread_blocked, id=5152, stack(0x000000000ba60000,0x000000000bb60000)]
  0x000000000259c800 JavaThread "main" [_thread_in_native, id=6788, stack(0x0000000002860000,0x0000000002960000)]

Other Threads:
  0x0000000009f55800 VMThread [stack: 0x000000000b7f0000,0x000000000b8f0000] [id=2416]
  0x000000000be16000 WatcherThread [stack: 0x000000000c960000,0x000000000ca60000] [id=2656]

VM state:not at safepoint (normal execution)

VM Mutex/Monitor currently owned by a thread: None

Heap
 PSYoungGen      total 256064K, used 178117K [0x00000000eaab0000, 0x00000000fffe0000, 0x0000000100000000)
  eden space 163136K, 66% used [0x00000000eaab0000,0x00000000f13db350,0x00000000f4a00000)
  from space 92928K, 75% used [0x00000000f4a00000,0x00000000f8ec6280,0x00000000fa4c0000)
  to   space 92992K, 0% used [0x00000000fa510000,0x00000000fa510000,0x00000000fffe0000)
 ParOldGen       total 442240K, used 179842K [0x00000000c0000000, 0x00000000dafe0000, 0x00000000eaab0000)
  object space 442240K, 40% used [0x00000000c0000000,0x00000000cafa0990,0x00000000dafe0000)
 PSPermGen       total 244672K, used 149993K [0x00000000b0000000, 0x00000000beef0000, 0x00000000c0000000)
  object space 244672K, 61% used [0x00000000b0000000,0x00000000b927a7a0,0x00000000beef0000)

Card table byte_map: [0x0000000005960000,0x0000000005bf0000] byte_map_base: 0x00000000053e0000

Polling page: 0x0000000000150000

Code Cache  [0x0000000002960000, 0x00000000038c0000, 0x0000000005960000)
 total_blobs=6676 nmethods=6160 adapters=463 free_code_cache=33622Kb largest_free_block=34241088

Compilation events (10 events):
Event: 2384.235 Thread 0x000000000bdf8800 nmethod 7185 0x00000000038b6110 code [0x00000000038b62a0, 0x00000000038b6718]
Event: 2384.329 Thread 0x000000000bded000 7186             scala.collection.IndexedSeqOptimized$class::isEmpty (16 bytes)
Event: 2384.329 Thread 0x000000000bded000 nmethod 7186 0x000000000387db50 code [0x000000000387dca0, 0x000000000387dd38]
Event: 2394.670 Thread 0x000000000bdf8800 7187   !         com.sun.xml.internal.bind.v2.ClassFactory::create0 (249 bytes)
Event: 2394.683 Thread 0x000000000bdf8800 nmethod 7187 0x00000000038b6d10 code [0x00000000038b6f60, 0x00000000038b7850]
Event: 2395.976 Thread 0x000000000bded000 7188   !         com.sun.proxy.$Proxy37::annotationType (29 bytes)
Event: 2395.978 Thread 0x000000000bded000 nmethod 7188 0x000000000387b010 code [0x000000000387b160, 0x000000000387b288]
Event: 2399.820 Thread 0x000000000bdf8800 7189             java.lang.AbstractStringBuilder::insert (85 bytes)
Event: 2399.826 Thread 0x000000000bdf8800 nmethod 7189 0x0000000003896ed0 code [0x0000000003897040, 0x0000000003897368]
Event: 2410.818 Thread 0x000000000bded000 7190             sbt.HCons::<init> (19 bytes)

GC Heap History (10 events):
Event: 2254.613 GC heap before
{Heap before GC invocations=77 (full 2):
 PSYoungGen      total 249472K, used 211864K [0x00000000eaab0000, 0x00000000ffb50000, 0x0000000100000000)
  eden space 158720K, 100% used [0x00000000eaab0000,0x00000000f45b0000,0x00000000f45b0000)
  from space 90752K, 58% used [0x00000000fa2b0000,0x00000000fd6962e8,0x00000000ffb50000)
  to   space 92992K, 0% used [0x00000000f45b0000,0x00000000f45b0000,0x00000000fa080000)
 ParOldGen       total 442240K, used 178720K [0x00000000c0000000, 0x00000000dafe0000, 0x00000000eaab0000)
  object space 442240K, 40% used [0x00000000c0000000,0x00000000cae881f0,0x00000000dafe0000)
 PSPermGen       total 244672K, used 149065K [0x00000000b0000000, 0x00000000beef0000, 0x00000000c0000000)
  object space 244672K, 60% used [0x00000000b0000000,0x00000000b91927b0,0x00000000beef0000)
Event: 2254.650 GC heap after
Heap after GC invocations=77 (full 2):
 PSYoungGen      total 251712K, used 68762K [0x00000000eaab0000, 0x00000000ffe10000, 0x0000000100000000)
  eden space 158720K, 0% used [0x00000000eaab0000,0x00000000eaab0000,0x00000000f45b0000)
  from space 92992K, 73% used [0x00000000f45b0000,0x00000000f88d68d0,0x00000000fa080000)
  to   space 92480K, 0% used [0x00000000fa3c0000,0x00000000fa3c0000,0x00000000ffe10000)
 ParOldGen       total 442240K, used 178752K [0x00000000c0000000, 0x00000000dafe0000, 0x00000000eaab0000)
  object space 442240K, 40% used [0x00000000c0000000,0x00000000cae901f0,0x00000000dafe0000)
 PSPermGen       total 244672K, used 149065K [0x00000000b0000000, 0x00000000beef0000, 0x00000000c0000000)
  object space 244672K, 60% used [0x00000000b0000000,0x00000000b91927b0,0x00000000beef0000)
}
Event: 2265.707 GC heap before
{Heap before GC invocations=78 (full 2):
 PSYoungGen      total 251712K, used 227482K [0x00000000eaab0000, 0x00000000ffe10000, 0x0000000100000000)
  eden space 158720K, 100% used [0x00000000eaab0000,0x00000000f45b0000,0x00000000f45b0000)
  from space 92992K, 73% used [0x00000000f45b0000,0x00000000f88d68d0,0x00000000fa080000)
  to   space 92480K, 0% used [0x00000000fa3c0000,0x00000000fa3c0000,0x00000000ffe10000)
 ParOldGen       total 442240K, used 178752K [0x00000000c0000000, 0x00000000dafe0000, 0x00000000eaab0000)
  object space 442240K, 40% used [0x00000000c0000000,0x00000000cae901f0,0x00000000dafe0000)
 PSPermGen       total 244672K, used 149070K [0x00000000b0000000, 0x00000000beef0000, 0x00000000c0000000)
  object space 244672K, 60% used [0x00000000b0000000,0x00000000b9193848,0x00000000beef0000)
Event: 2265.753 GC heap after
Heap after GC invocations=78 (full 2):
 PSYoungGen      total 254400K, used 71215K [0x00000000eaab0000, 0x00000000ffdf0000, 0x0000000100000000)
  eden space 162048K, 0% used [0x00000000eaab0000,0x00000000eaab0000,0x00000000f48f0000)
  from space 92352K, 77% used [0x00000000fa3c0000,0x00000000fe94bca8,0x00000000ffdf0000)
  to   space 92672K, 0% used [0x00000000f48f0000,0x00000000f48f0000,0x00000000fa370000)
 ParOldGen       total 442240K, used 178832K [0x00000000c0000000, 0x00000000dafe0000, 0x00000000eaab0000)
  object space 442240K, 40% used [0x00000000c0000000,0x00000000caea41f0,0x00000000dafe0000)
 PSPermGen       total 244672K, used 149070K [0x00000000b0000000, 0x00000000beef0000, 0x00000000c0000000)
  object space 244672K, 60% used [0x00000000b0000000,0x00000000b9193848,0x00000000beef0000)
}
Event: 2382.369 GC heap before
{Heap before GC invocations=79 (full 2):
 PSYoungGen      total 254400K, used 233263K [0x00000000eaab0000, 0x00000000ffdf0000, 0x0000000100000000)
  eden space 162048K, 100% used [0x00000000eaab0000,0x00000000f48f0000,0x00000000f48f0000)
  from space 92352K, 77% used [0x00000000fa3c0000,0x00000000fe94bca8,0x00000000ffdf0000)
  to   space 92672K, 0% used [0x00000000f48f0000,0x00000000f48f0000,0x00000000fa370000)
 ParOldGen       total 442240K, used 178832K [0x00000000c0000000, 0x00000000dafe0000, 0x00000000eaab0000)
  object space 442240K, 40% used [0x00000000c0000000,0x00000000caea41f0,0x00000000dafe0000)
 PSPermGen       total 244672K, used 149257K [0x00000000b0000000, 0x00000000beef0000, 0x00000000c0000000)
  object space 244672K, 61% used [0x00000000b0000000,0x00000000b91c2578,0x00000000beef0000)
Event: 2382.398 GC heap after
Heap after GC invocations=79 (full 2):
 PSYoungGen      total 254720K, used 41897K [0x00000000eaab0000, 0x0000000100000000, 0x0000000100000000)
  eden space 162048K, 0% used [0x00000000eaab0000,0x00000000eaab0000,0x00000000f48f0000)
  from space 92672K, 45% used [0x00000000f48f0000,0x00000000f71da748,0x00000000fa370000)
  to   space 93440K, 0% used [0x00000000fa4c0000,0x00000000fa4c0000,0x0000000100000000)
 ParOldGen       total 442240K, used 179594K [0x00000000c0000000, 0x00000000dafe0000, 0x00000000eaab0000)
  object space 442240K, 40% used [0x00000000c0000000,0x00000000caf62990,0x00000000dafe0000)
 PSPermGen       total 244672K, used 149257K [0x00000000b0000000, 0x00000000beef0000, 0x00000000c0000000)
  object space 244672K, 61% used [0x00000000b0000000,0x00000000b91c2578,0x00000000beef0000)
}
Event: 2389.516 GC heap before
{Heap before GC invocations=80 (full 2):
 PSYoungGen      total 254720K, used 203945K [0x00000000eaab0000, 0x0000000100000000, 0x0000000100000000)
  eden space 162048K, 100% used [0x00000000eaab0000,0x00000000f48f0000,0x00000000f48f0000)
  from space 92672K, 45% used [0x00000000f48f0000,0x00000000f71da748,0x00000000fa370000)
  to   space 93440K, 0% used [0x00000000fa4c0000,0x00000000fa4c0000,0x0000000100000000)
 ParOldGen       total 442240K, used 179594K [0x00000000c0000000, 0x00000000dafe0000, 0x00000000eaab0000)
  object space 442240K, 40% used [0x00000000c0000000,0x00000000caf62990,0x00000000dafe0000)
 PSPermGen       total 244672K, used 149991K [0x00000000b0000000, 0x00000000beef0000, 0x00000000c0000000)
  object space 244672K, 61% used [0x00000000b0000000,0x00000000b9279c40,0x00000000beef0000)
Event: 2389.556 GC heap after
Heap after GC invocations=80 (full 2):
 PSYoungGen      total 256320K, used 68591K [0x00000000eaab0000, 0x00000000fffc0000, 0x0000000100000000)
  eden space 163136K, 0% used [0x00000000eaab0000,0x00000000eaab0000,0x00000000f4a00000)
  from space 93184K, 73% used [0x00000000fa4c0000,0x00000000fe7bbf68,0x00000000fffc0000)
  to   space 92928K, 0% used [0x00000000f4a00000,0x00000000f4a00000,0x00000000fa4c0000)
 ParOldGen       total 442240K, used 179658K [0x00000000c0000000, 0x00000000dafe0000, 0x00000000eaab0000)
  object space 442240K, 40% used [0x00000000c0000000,0x00000000caf72990,0x00000000dafe0000)
 PSPermGen       total 244672K, used 149991K [0x00000000b0000000, 0x00000000beef0000, 0x00000000c0000000)
  object space 244672K, 61% used [0x00000000b0000000,0x00000000b9279c40,0x00000000beef0000)
}
Event: 2402.288 GC heap before
{Heap before GC invocations=81 (full 2):
 PSYoungGen      total 256320K, used 231727K [0x00000000eaab0000, 0x00000000fffc0000, 0x0000000100000000)
  eden space 163136K, 100% used [0x00000000eaab0000,0x00000000f4a00000,0x00000000f4a00000)
  from space 93184K, 73% used [0x00000000fa4c0000,0x00000000fe7bbf68,0x00000000fffc0000)
  to   space 92928K, 0% used [0x00000000f4a00000,0x00000000f4a00000,0x00000000fa4c0000)
 ParOldGen       total 442240K, used 179658K [0x00000000c0000000, 0x00000000dafe0000, 0x00000000eaab0000)
  object space 442240K, 40% used [0x00000000c0000000,0x00000000caf72990,0x00000000dafe0000)
 PSPermGen       total 244672K, used 149992K [0x00000000b0000000, 0x00000000beef0000, 0x00000000c0000000)
  object space 244672K, 61% used [0x00000000b0000000,0x00000000b927a388,0x00000000beef0000)
Event: 2402.333 GC heap after
Heap after GC invocations=81 (full 2):
 PSYoungGen      total 256064K, used 70424K [0x00000000eaab0000, 0x00000000fffe0000, 0x0000000100000000)
  eden space 163136K, 0% used [0x00000000eaab0000,0x00000000eaab0000,0x00000000f4a00000)
  from space 92928K, 75% used [0x00000000f4a00000,0x00000000f8ec6280,0x00000000fa4c0000)
  to   space 92992K, 0% used [0x00000000fa510000,0x00000000fa510000,0x00000000fffe0000)
 ParOldGen       total 442240K, used 179842K [0x00000000c0000000, 0x00000000dafe0000, 0x00000000eaab0000)
  object space 442240K, 40% used [0x00000000c0000000,0x00000000cafa0990,0x00000000dafe0000)
 PSPermGen       total 244672K, used 149992K [0x00000000b0000000, 0x00000000beef0000, 0x00000000c0000000)
  object space 244672K, 61% used [0x00000000b0000000,0x00000000b927a388,0x00000000beef0000)
}

Deoptimization events (10 events):
Event: 1583.223 Thread 0x000000000e5fa800 Uncommon trap -58 fr.pc 0x00000000035e1d74
Event: 1583.224 Thread 0x000000000e5fa800 Uncommon trap -58 fr.pc 0x00000000035e1d74
Event: 1583.476 Thread 0x000000000e5fe000 Uncommon trap -58 fr.pc 0x000000000341d604
Event: 1585.481 Thread 0x000000000e5fe000 Uncommon trap -12 fr.pc 0x0000000002b4723c
Event: 1602.193 Thread 0x0000000013142800 Uncommon trap -58 fr.pc 0x0000000002fb21b8
Event: 1890.999 Thread 0x0000000011a1a800 Uncommon trap -58 fr.pc 0x0000000002e0f700
Event: 1891.123 Thread 0x0000000011a1a800 Uncommon trap -58 fr.pc 0x00000000033090bc
Event: 1891.123 Thread 0x0000000011a1a800 Uncommon trap -58 fr.pc 0x00000000033090bc
Event: 2117.797 Thread 0x000000000e4de800 Uncommon trap -12 fr.pc 0x000000000355c94c
Event: 2157.678 Thread 0x000000000e600000 Uncommon trap -34 fr.pc 0x0000000002b1c1dc

Internal exceptions (10 events):
Event: 2398.464 Thread 0x00000000131d9800 Threw 0x00000000efe5c3c8 at C:\jdk7u2_64p\jdk7u21\hotspot\src\share\vm\classfile\systemDictionary.cpp:179
Event: 2399.823 Thread 0x00000000131d9800 Threw 0x00000000f119f318 at C:\jdk7u2_64p\jdk7u21\hotspot\src\share\vm\classfile\systemDictionary.cpp:179
Event: 2400.914 Thread 0x00000000131d9800 Threw 0x00000000f2453ec0 at C:\jdk7u2_64p\jdk7u21\hotspot\src\share\vm\classfile\systemDictionary.cpp:179
Event: 2402.107 Thread 0x00000000131d9800 Threw 0x00000000f37bf7b8 at C:\jdk7u2_64p\jdk7u21\hotspot\src\share\vm\classfile\systemDictionary.cpp:179
Event: 2406.674 Thread 0x00000000131d9800 Threw 0x00000000eab60720 at C:\jdk7u2_64p\jdk7u21\hotspot\src\share\vm\classfile\systemDictionary.cpp:179
Event: 2407.945 Thread 0x00000000131d9800 Threw 0x00000000ebed5298 at C:\jdk7u2_64p\jdk7u21\hotspot\src\share\vm\classfile\systemDictionary.cpp:179
Event: 2410.052 Thread 0x00000000131d9800 Threw 0x00000000ed21c3e8 at C:\jdk7u2_64p\jdk7u21\hotspot\src\share\vm\classfile\systemDictionary.cpp:179
Event: 2410.749 Thread 0x0000000013e2c000 Threw 0x00000000ee7ef3f0 at C:\jdk7u2_64p\jdk7u21\hotspot\src\share\vm\prims\jni.cpp:716
Event: 2410.749 Thread 0x00000000131d8000 Threw 0x00000000ee7b44b0 at C:\jdk7u2_64p\jdk7u21\hotspot\src\share\vm\prims\jni.cpp:716
Event: 2410.752 Thread 0x0000000013e2c800 Threw 0x00000000ee80a7d8 at C:\jdk7u2_64p\jdk7u21\hotspot\src\share\vm\prims\jni.cpp:716

Events (10 events):
Event: 2410.735 Thread 0x000000000e5fe000 Thread added: 0x000000000e5fe000
Event: 2410.742 Thread 0x0000000012aeb800 Thread added: 0x0000000012aeb800
Event: 2410.742 Executing VM operation: RevokeBias
Event: 2410.742 Executing VM operation: RevokeBias done
Event: 2410.742 Thread 0x0000000012aed000 Thread added: 0x0000000012aed000
Event: 2410.742 Thread 0x00000000131d8000 Thread added: 0x00000000131d8000
Event: 2410.743 Thread 0x0000000013e2b000 Thread added: 0x0000000013e2b000
Event: 2410.743 Thread 0x0000000013e2c000 Thread added: 0x0000000013e2c000
Event: 2410.743 Thread 0x0000000013e2c800 Thread added: 0x0000000013e2c800
Event: 2410.745 Thread 0x0000000013e2d800 Thread added: 0x0000000013e2d800


Dynamic libraries:
0x000000013f020000 - 0x000000013f053000 	C:\Windows\system32\java.exe
0x0000000077030000 - 0x00000000771d9000 	C:\Windows\SYSTEM32\ntdll.dll
0x0000000076e10000 - 0x0000000076f2f000 	C:\Windows\system32\kernel32.dll
0x000007fefd1d0000 - 0x000007fefd23b000 	C:\Windows\system32\KERNELBASE.dll
0x0000000074bc0000 - 0x0000000074c47000 	C:\Windows\System32\SYSFER.DLL
0x000007fefd8c0000 - 0x000007fefd99b000 	C:\Windows\system32\ADVAPI32.dll
0x000007fefeae0000 - 0x000007fefeb7f000 	C:\Windows\system32\msvcrt.dll
0x000007feff320000 - 0x000007feff33f000 	C:\Windows\SYSTEM32\sechost.dll
0x000007feff020000 - 0x000007feff14d000 	C:\Windows\system32\RPCRT4.dll
0x0000000076f30000 - 0x000000007702a000 	C:\Windows\system32\USER32.dll
0x000007fefd560000 - 0x000007fefd5c7000 	C:\Windows\system32\GDI32.dll
0x000007feff290000 - 0x000007feff29e000 	C:\Windows\system32\LPK.dll
0x000007fefd6e0000 - 0x000007fefd7a9000 	C:\Windows\system32\USP10.dll
0x000007fefb8c0000 - 0x000007fefbab4000 	C:\Windows\WinSxS\amd64_microsoft.windows.common-controls_6595b64144ccf1df_6.0.7601.17514_none_fa396087175ac9ac\COMCTL32.dll
0x000007fefd490000 - 0x000007fefd501000 	C:\Windows\system32\SHLWAPI.dll
0x000007fefd5d0000 - 0x000007fefd5fe000 	C:\Windows\system32\IMM32.DLL
0x000007fefd7b0000 - 0x000007fefd8b9000 	C:\Windows\system32\MSCTF.dll
0x0000000067d40000 - 0x0000000067e11000 	C:\Program Files\Java\jre7\bin\msvcr100.dll
0x0000000058c10000 - 0x0000000059331000 	C:\Program Files\Java\jre7\bin\server\jvm.dll
0x000007fef2d40000 - 0x000007fef2d49000 	C:\Windows\system32\WSOCK32.dll
0x000007fefd510000 - 0x000007fefd55d000 	C:\Windows\system32\WS2_32.dll
0x000007fefdd40000 - 0x000007fefdd48000 	C:\Windows\system32\NSI.dll
0x000007fef99d0000 - 0x000007fef9a0b000 	C:\Windows\system32\WINMM.dll
0x0000000077200000 - 0x0000000077207000 	C:\Windows\system32\PSAPI.DLL
0x0000000073960000 - 0x000000007396f000 	C:\Program Files\Java\jre7\bin\verify.dll
0x0000000072ef0000 - 0x0000000072f18000 	C:\Program Files\Java\jre7\bin\java.dll
0x0000000073880000 - 0x0000000073895000 	C:\Program Files\Java\jre7\bin\zip.dll
0x00000000730b0000 - 0x00000000730c9000 	C:\Program Files\Java\jre7\bin\net.dll
0x000007fefc680000 - 0x000007fefc6d5000 	C:\Windows\system32\mswsock.dll
0x000007fefc670000 - 0x000007fefc677000 	C:\Windows\System32\wship6.dll
0x0000000072ed0000 - 0x0000000072ee1000 	C:\Program Files\Java\jre7\bin\nio.dll
0x0000000180000000 - 0x0000000180010000 	C:\Users\Ray\AppData\Local\Temp\jline_0_12_2.dll
0x000007fefc6e0000 - 0x000007fefc6f7000 	C:\Windows\system32\CRYPTSP.dll
0x000007fefc3e0000 - 0x000007fefc427000 	C:\Windows\system32\rsaenh.dll
0x000007fefc150000 - 0x000007fefc16e000 	C:\Windows\system32\USERENV.dll
0x000007fefce10000 - 0x000007fefce1f000 	C:\Windows\system32\profapi.dll
0x000007fefcd40000 - 0x000007fefcd4f000 	C:\Windows\system32\CRYPTBASE.dll
0x000007fefa8c0000 - 0x000007fefa8d5000 	C:\Windows\system32\NLAapi.dll
0x000007fef6300000 - 0x000007fef6315000 	C:\Windows\system32\napinsp.dll
0x000007fef62e0000 - 0x000007fef62f9000 	C:\Windows\system32\pnrpnsp.dll
0x000007fefc500000 - 0x000007fefc55b000 	C:\Windows\system32\DNSAPI.dll
0x000007fef7390000 - 0x000007fef739b000 	C:\Windows\System32\winrnr.dll
0x000007fefc020000 - 0x000007fefc027000 	C:\Windows\System32\wshtcpip.dll
0x000007fefa5d0000 - 0x000007fefa5f7000 	C:\Windows\system32\IPHLPAPI.DLL
0x000007fefa5c0000 - 0x000007fefa5cb000 	C:\Windows\system32\WINNSI.DLL
0x000007fef79f0000 - 0x000007fef79f8000 	C:\Windows\system32\rasadhlp.dll
0x000007fefa440000 - 0x000007fefa493000 	C:\Windows\System32\fwpuclnt.dll
0x0000000067540000 - 0x000000006764f000 	C:\programs\ray\adder\target\native_libraries\64bits\jnotify_64bit.dll
0x000007fefcce0000 - 0x000007fefcd37000 	C:\Windows\system32\apphelp.dll
0x0000000072ea0000 - 0x0000000072ec4000 	C:\Program Files\Java\jre7\bin\sunec.dll
0x00000000739a0000 - 0x00000000739ab000 	C:\Program Files\Java\jre7\bin\sunmscapi.dll
0x000007fefcf00000 - 0x000007fefd06a000 	C:\Windows\system32\CRYPT32.dll
0x000007fefceb0000 - 0x000007fefcebf000 	C:\Windows\system32\MSASN1.dll
0x000007fef4b80000 - 0x000007fef4ca5000 	C:\Windows\system32\dbghelp.dll

VM Arguments:
jvm_args: -Xms512M -Xmx1024M -Xss1M -XX:+CMSClassUnloadingEnabled -XX:MaxPermSize=256M -Dfile.encoding=UTF-8 -Dplay.version=2.1.1 -Dsbt.ivy.home=C:\programs\play-2.1.1\framework\..\repository -Dplay.home=C:\programs\play-2.1.1\framework\. -Dsbt.boot.properties=file:///C:/programs/play-2.1.1/framework/sbt/sbt.boot.properties 
java_command: C:\programs\play-2.1.1\framework\sbt\sbt-launch.jar run
Launcher Type: SUN_STANDARD

Environment Variables:
JAVA_HOME=C:\Program Files\Java\jdk1.7.0_21
PATH=C:\Windows;C:\Windows\system32;C:\Windows\System32\Wbem;C:\Windows\System32\WindowsPowerShell\v1.0;C:\Program Files (x86)\NVIDIA Corporation\PhysX\Common;C:\Program Files\Java\jdk1.7.0_21\bin;C:\Program Files (x86)\Git\cmd;C:\programs\play-2.1.1;C:\programs\apache-tomcat-7.0.40\bin
USERNAME=Ray
OS=Windows_NT
PROCESSOR_IDENTIFIER=Intel64 Family 6 Model 26 Stepping 4, GenuineIntel



---------------  S Y S T E M  ---------------

OS: Windows 7 , 64 bit Build 7601 Service Pack 1

CPU:total 8 (4 cores per cpu, 2 threads per core) family 6 model 26 stepping 4, cmov, cx8, fxsr, mmx, sse, sse2, sse3, ssse3, sse4.1, sse4.2, popcnt, ht, tsc, tscinvbit, tscinv

Memory: 4k page, physical 8379540k(3706992k free), swap 24761680k(18765712k free)

vm_info: Java HotSpot(TM) 64-Bit Server VM (23.21-b01) for windows-amd64 JRE (1.7.0_21-b11), built on Apr  4 2013 08:11:28 by "java_re" with unknown MS VC++:1600

time: Thu Jun 20 01:16:44 2013
elapsed time: 2410 seconds

