#
# A fatal error has been detected by the Java Runtime Environment:
#
#  EXCEPTION_ACCESS_VIOLATION (0xc0000005) at pc=0x000000006bb75440, pid=5608, tid=448
#
# JRE version: 7.0_21-b11
# Java VM: Java HotSpot(TM) 64-Bit Server VM (23.21-b01 mixed mode windows-amd64 compressed oops)
# Problematic frame:
# V  [jvm.dll+0x25440]
#
# Failed to write core dump. Minidumps are not enabled by default on client versions of Windows
#
# If you would like to submit a bug report, please visit:
#   http://bugreport.sun.com/bugreport/crash.jsp
#

---------------  T H R E A D  ---------------

Current thread (0x0000000002010000):  GCTaskThread [stack: 0x0000000006710000,0x0000000006810000] [id=448]

siginfo: ExceptionCode=0xc0000005, reading address 0x00000000b8000668

Registers:
RAX=0x0000000000000001, RBX=0x00000000f3d6c658, RCX=0x00000000f3d6c658, RDX=0x00000000b8000660
RSP=0x000000000680f338, RBP=0x0000000000000000, RSI=0x0000000009d813e0, RDI=0x0000031e00000238
R8 =0x0000000009d813e0, R9 =0x0000000000000000, R10=0x006c006100630073, R11=0x00000000fdbca840
R12=0x000000006c0aa680, R13=0x0000000000000011, R14=0x0000000000000000, R15=0x00000000020105d0
RIP=0x000000006bb75440, EFLAGS=0x0000000000010206

Top of Stack: (sp=0x000000000680f338)
0x000000000680f338:   000000006beb3876 00000000f3d6c640
0x000000000680f348:   0000000000000003 0000000009d813e0
0x000000000680f358:   000000006bbf180f 00000000fdbc40f0
0x000000000680f368:   0000000000001000 00000000c119715c
0x000000000680f378:   000000006beb47c2 0000000000000000
0x000000000680f388:   0000000002003601 000000006c0aa680
0x000000000680f398:   000000006beb3c00 00000000fdbca8f4
0x000000000680f3a8:   0000000000000000 0000000009d813e0
0x000000000680f3b8:   0000031e00000238 00000000fdbca8f4
0x000000000680f3c8:   000000006beb45f2 0000000000000015
0x000000000680f3d8:   000000006c0aa680 00000000fdb5f6c0
0x000000000680f3e8:   000000006beb3b0e 0000031e00000238
0x000000000680f3f8:   0000000000000005 0000000009d813e0
0x000000000680f408:   0000031e00000238 0000000009d813e0
0x000000000680f418:   0000031d00000238 0000048e00000254
0x000000000680f428:   0000047b00000284 00000000020105c0 

Instructions: (pc=0x000000006bb75440)
0x000000006bb75420:   0d 44 0f b7 c0 48 83 c1 48 e8 a8 94 4c 00 48 83
0x000000006bb75430:   c4 28 c3 cc cc cc cc cc cc cc cc cc cc cc cc cc
0x000000006bb75440:   44 8b 42 08 4c 8b ca 45 85 c0 7e 0e 41 f6 c0 01
0x000000006bb75450:   75 57 41 c1 f8 03 41 8b c0 c3 79 4d 80 3d 15 89 


Register to memory mapping:

RAX=0x0000000000000001 is an unknown value
RBX=
[error occurred during error reporting (printing register info), id 0xc0000005]

Stack: [0x0000000006710000,0x0000000006810000],  sp=0x000000000680f338,  free space=1020k
Native frames: (J=compiled Java code, j=interpreted, Vv=VM code, C=native code)
V  [jvm.dll+0x25440]

[error occurred during error reporting (printing native stack), id 0xc0000005]


---------------  P R O C E S S  ---------------

Java Threads: ( => current thread )
  0x0000000010f7f800 JavaThread "net.sf.ehcache.CacheManager@2cd0a532" daemon [_thread_blocked, id=4936, stack(0x0000000012a10000,0x0000000012b10000)]
  0x0000000010f7e800 JavaThread "EbeanCacheWarmer" daemon [_thread_blocked, id=4032, stack(0x0000000012cb0000,0x0000000012db0000)]
  0x0000000010f7e000 JavaThread "Ebean-default.0" daemon [_thread_blocked, id=5568, stack(0x0000000012b40000,0x0000000012c40000)]
  0x0000000010f7d000 JavaThread "EbeanBackgroundThread" daemon [_thread_blocked, id=5440, stack(0x00000000106e0000,0x00000000107e0000)]
  0x0000000010f7c800 JavaThread "BoneCP-pool-watch-thread" daemon [_thread_blocked, id=5884, stack(0x00000000128f0000,0x00000000129f0000)]
  0x0000000010f7b800 JavaThread "BoneCP-max-alive-scheduler" daemon [_thread_blocked, id=4044, stack(0x0000000010320000,0x0000000010420000)]
  0x0000000010f7b000 JavaThread "BoneCP-keep-alive-scheduler" daemon [_thread_blocked, id=1172, stack(0x000000000fb30000,0x000000000fc30000)]
  0x0000000010f7a000 JavaThread "com.google.common.base.internal.Finalizer" daemon [_thread_blocked, id=4920, stack(0x00000000105c0000,0x00000000106c0000)]
  0x0000000010f79800 JavaThread "BoneCP-pool-watch-thread" daemon [_thread_blocked, id=6092, stack(0x0000000010430000,0x0000000010530000)]
  0x000000000dea8800 JavaThread "BoneCP-max-alive-scheduler" daemon [_thread_blocked, id=1896, stack(0x0000000010180000,0x0000000010280000)]
  0x000000000deaa000 JavaThread "BoneCP-keep-alive-scheduler" daemon [_thread_blocked, id=528, stack(0x000000000fd30000,0x000000000fe30000)]
  0x000000000dea9800 JavaThread "com.google.common.base.internal.Finalizer" daemon [_thread_blocked, id=2648, stack(0x0000000010070000,0x0000000010170000)]
  0x000000000dea8000 JavaThread "New I/O server boss #17" [_thread_in_native, id=992, stack(0x000000000fed0000,0x000000000ffd0000)]
  0x000000000dea7000 JavaThread "New I/O worker #16" [_thread_in_native, id=5732, stack(0x000000000f170000,0x000000000f270000)]
  0x000000000dea6800 JavaThread "New I/O worker #15" [_thread_in_native, id=3340, stack(0x000000000ed10000,0x000000000ee10000)]
  0x000000000dea5800 JavaThread "New I/O worker #14" [_thread_in_native, id=5480, stack(0x000000000e7a0000,0x000000000e8a0000)]
  0x000000000dea5000 JavaThread "New I/O worker #13" [_thread_in_native, id=1336, stack(0x000000000fc30000,0x000000000fd30000)]
  0x000000000dea4000 JavaThread "New I/O worker #12" [_thread_in_native, id=4208, stack(0x000000000ef10000,0x000000000f010000)]
  0x000000000dea3800 JavaThread "New I/O worker #11" [_thread_in_native, id=4944, stack(0x000000000fa10000,0x000000000fb10000)]
  0x000000000de29000 JavaThread "New I/O worker #10" [_thread_in_native, id=2568, stack(0x000000000f8e0000,0x000000000f9e0000)]
  0x000000000de27800 JavaThread "New I/O worker #9" [_thread_in_native, id=2340, stack(0x000000000f6e0000,0x000000000f7e0000)]
  0x000000000dddf000 JavaThread "New I/O worker #8" [_thread_in_native, id=2528, stack(0x000000000f570000,0x000000000f670000)]
  0x000000000dddd000 JavaThread "New I/O worker #7" [_thread_in_native, id=1936, stack(0x000000000f3c0000,0x000000000f4c0000)]
  0x000000000dddb800 JavaThread "New I/O worker #6" [_thread_in_native, id=720, stack(0x000000000f270000,0x000000000f370000)]
  0x000000000debf800 JavaThread "New I/O worker #5" [_thread_in_native, id=5220, stack(0x000000000f040000,0x000000000f140000)]
  0x000000000debe800 JavaThread "New I/O worker #4" [_thread_in_native, id=5372, stack(0x000000000ee10000,0x000000000ef10000)]
  0x000000000debd000 JavaThread "New I/O worker #3" [_thread_in_native, id=676, stack(0x000000000e9b0000,0x000000000eab0000)]
  0x000000000dd1c800 JavaThread "New I/O worker #2" [_thread_in_native, id=5648, stack(0x000000000ec00000,0x000000000ed00000)]
  0x000000000dd8f800 JavaThread "New I/O worker #1" [_thread_blocked, id=4940, stack(0x000000000eb00000,0x000000000ec00000)]
  0x000000000bb0b000 JavaThread "Service Thread" daemon [_thread_blocked, id=2848, stack(0x000000000bec0000,0x000000000bfc0000)]
  0x000000000bb02000 JavaThread "C2 CompilerThread1" daemon [_thread_blocked, id=3608, stack(0x000000000c310000,0x000000000c410000)]
  0x000000000baed000 JavaThread "C2 CompilerThread0" daemon [_thread_blocked, id=5620, stack(0x000000000c1f0000,0x000000000c2f0000)]
  0x000000000baec000 JavaThread "Attach Listener" daemon [_thread_blocked, id=5916, stack(0x000000000c040000,0x000000000c140000)]
  0x000000000baeb000 JavaThread "Signal Dispatcher" daemon [_thread_blocked, id=3872, stack(0x000000000b860000,0x000000000b960000)]
  0x0000000009d97000 JavaThread "Finalizer" daemon [_thread_blocked, id=1272, stack(0x000000000b9a0000,0x000000000baa0000)]
  0x0000000009d8f000 JavaThread "Reference Handler" daemon [_thread_blocked, id=2304, stack(0x000000000b6c0000,0x000000000b7c0000)]
  0x000000000212c800 JavaThread "main" [_thread_in_native, id=3568, stack(0x0000000002180000,0x0000000002280000)]

Other Threads:
  0x0000000009d85000 VMThread [stack: 0x000000000b5a0000,0x000000000b6a0000] [id=704]
  0x000000000bb1b800 WatcherThread [stack: 0x000000000c600000,0x000000000c700000] [id=6044]

=>0x0000000002010000 (exited) GCTaskThread [stack: 0x0000000006710000,0x0000000006810000] [id=448]

VM state:at safepoint (normal execution)

VM Mutex/Monitor currently owned by a thread:  ([mutex/lock_event])
[0x000000000212abc0] Threads_lock - owner thread: 0x0000000009d85000
[0x000000000212b0c0] Heap_lock - owner thread: 0x000000000dd8f800

Heap
 PSYoungGen      total 152896K, used 152871K [0x00000000eaab0000, 0x00000000ff690000, 0x0000000100000000)
  eden space 131072K, 100% used [0x00000000eaab0000,0x00000000f2ab0000,0x00000000f2ab0000)
  from space 21824K, 99% used [0x00000000f2ab0000,0x00000000f3ff9f68,0x00000000f4000000)
  to   space 38848K, 99% used [0x00000000fd0a0000,0x00000000ff68c100,0x00000000ff690000)
 ParOldGen       total 349568K, used 23228K [0x00000000c0000000, 0x00000000d5560000, 0x00000000eaab0000)
  object space 349568K, 6% used [0x00000000c0000000,0x00000000c16af150,0x00000000d5560000)
 PSPermGen       total 62912K, used 62749K [0x00000000b0000000, 0x00000000b3d70000, 0x00000000c0000000)
  object space 62912K, 99% used [0x00000000b0000000,0x00000000b3d47530,0x00000000b3d70000)

Card table byte_map: [0x0000000005450000,0x00000000056e0000] byte_map_base: 0x0000000004ed0000

Polling page: 0x0000000000430000

Code Cache  [0x0000000002390000, 0x0000000002610000, 0x0000000005390000)
 total_blobs=1652 nmethods=1222 adapters=380 free_code_cache=46681Kb largest_free_block=47724864

Compilation events (10 events):
Event: 9.679 Thread 0x000000000baed000 nmethod 1319 0x0000000002494910 code [0x0000000002494a40, 0x0000000002494ab8]
Event: 9.679 Thread 0x000000000baed000 1320             java.util.regex.Pattern$Prolog::match (11 bytes)
Event: 9.681 Thread 0x000000000bb02000 nmethod 1317 0x0000000002411810 code [0x0000000002411980, 0x0000000002411d58]
Event: 9.681 Thread 0x000000000bb02000 1321             java.util.regex.Pattern$Loop::matchInit (123 bytes)
Event: 9.682 Thread 0x000000000baed000 nmethod 1320 0x0000000002416d50 code [0x0000000002416ec0, 0x0000000002417198]
Event: 9.683 Thread 0x000000000bb02000 nmethod 1321 0x0000000002574350 code [0x00000000025744c0, 0x0000000002574798]
Event: 9.738 Thread 0x000000000baed000 1322             java.nio.Buffer::position (43 bytes)
Event: 9.739 Thread 0x000000000baed000 nmethod 1322 0x0000000002574c10 code [0x0000000002574d40, 0x0000000002574db8]
Event: 9.749 Thread 0x000000000bb02000 1323             java.nio.Buffer::position (5 bytes)
Event: 9.750 Thread 0x000000000bb02000 nmethod 1323 0x000000000245de90 code [0x000000000245dfc0, 0x000000000245e018]

GC Heap History (10 events):
Event: 1.981 GC heap after
Heap after GC invocations=1 (full 0):
 PSYoungGen      total 152896K, used 15709K [0x00000000eaab0000, 0x00000000f5550000, 0x0000000100000000)
  eden space 131072K, 0% used [0x00000000eaab0000,0x00000000eaab0000,0x00000000f2ab0000)
  from space 21824K, 71% used [0x00000000f2ab0000,0x00000000f3a07620,0x00000000f4000000)
  to   space 21824K, 0% used [0x00000000f4000000,0x00000000f4000000,0x00000000f5550000)
 ParOldGen       total 349568K, used 8K [0x00000000c0000000, 0x00000000d5560000, 0x00000000eaab0000)
  object space 349568K, 0% used [0x00000000c0000000,0x00000000c0002000,0x00000000d5560000)
 PSPermGen       total 23168K, used 23161K [0x00000000b0000000, 0x00000000b16a0000, 0x00000000c0000000)
  object space 23168K, 99% used [0x00000000b0000000,0x00000000b169e7e0,0x00000000b16a0000)
}
Event: 2.966 GC heap before
{Heap before GC invocations=2 (full 0):
 PSYoungGen      total 152896K, used 146781K [0x00000000eaab0000, 0x00000000f5550000, 0x0000000100000000)
  eden space 131072K, 100% used [0x00000000eaab0000,0x00000000f2ab0000,0x00000000f2ab0000)
  from space 21824K, 71% used [0x00000000f2ab0000,0x00000000f3a07620,0x00000000f4000000)
  to   space 21824K, 0% used [0x00000000f4000000,0x00000000f4000000,0x00000000f5550000)
 ParOldGen       total 349568K, used 8K [0x00000000c0000000, 0x00000000d5560000, 0x00000000eaab0000)
  object space 349568K, 0% used [0x00000000c0000000,0x00000000c0002000,0x00000000d5560000)
 PSPermGen       total 28928K, used 28746K [0x00000000b0000000, 0x00000000b1c40000, 0x00000000c0000000)
  object space 28928K, 99% used [0x00000000b0000000,0x00000000b1c129b0,0x00000000b1c40000)
Event: 2.974 GC heap after
Heap after GC invocations=2 (full 0):
 PSYoungGen      total 152896K, used 9173K [0x00000000eaab0000, 0x00000000f5550000, 0x0000000100000000)
  eden space 131072K, 0% used [0x00000000eaab0000,0x00000000eaab0000,0x00000000f2ab0000)
  from space 21824K, 42% used [0x00000000f4000000,0x00000000f48f56f0,0x00000000f5550000)
  to   space 21824K, 0% used [0x00000000f2ab0000,0x00000000f2ab0000,0x00000000f4000000)
 ParOldGen       total 349568K, used 16K [0x00000000c0000000, 0x00000000d5560000, 0x00000000eaab0000)
  object space 349568K, 0% used [0x00000000c0000000,0x00000000c0004000,0x00000000d5560000)
 PSPermGen       total 28928K, used 28746K [0x00000000b0000000, 0x00000000b1c40000, 0x00000000c0000000)
  object space 28928K, 99% used [0x00000000b0000000,0x00000000b1c129b0,0x00000000b1c40000)
}
Event: 4.626 GC heap before
{Heap before GC invocations=3 (full 0):
 PSYoungGen      total 152896K, used 140245K [0x00000000eaab0000, 0x00000000f5550000, 0x0000000100000000)
  eden space 131072K, 100% used [0x00000000eaab0000,0x00000000f2ab0000,0x00000000f2ab0000)
  from space 21824K, 42% used [0x00000000f4000000,0x00000000f48f56f0,0x00000000f5550000)
  to   space 21824K, 0% used [0x00000000f2ab0000,0x00000000f2ab0000,0x00000000f4000000)
 ParOldGen       total 349568K, used 16K [0x00000000c0000000, 0x00000000d5560000, 0x00000000eaab0000)
  object space 349568K, 0% used [0x00000000c0000000,0x00000000c0004000,0x00000000d5560000)
 PSPermGen       total 40832K, used 40773K [0x00000000b0000000, 0x00000000b27e0000, 0x00000000c0000000)
  object space 40832K, 99% used [0x00000000b0000000,0x00000000b27d17c8,0x00000000b27e0000)
Event: 4.640 GC heap after
Heap after GC invocations=3 (full 0):
 PSYoungGen      total 152896K, used 15737K [0x00000000eaab0000, 0x00000000f5550000, 0x0000000100000000)
  eden space 131072K, 0% used [0x00000000eaab0000,0x00000000eaab0000,0x00000000f2ab0000)
  from space 21824K, 72% used [0x00000000f2ab0000,0x00000000f3a0e578,0x00000000f4000000)
  to   space 21824K, 0% used [0x00000000f4000000,0x00000000f4000000,0x00000000f5550000)
 ParOldGen       total 349568K, used 24K [0x00000000c0000000, 0x00000000d5560000, 0x00000000eaab0000)
  object space 349568K, 0% used [0x00000000c0000000,0x00000000c0006000,0x00000000d5560000)
 PSPermGen       total 40832K, used 40773K [0x00000000b0000000, 0x00000000b27e0000, 0x00000000c0000000)
  object space 40832K, 99% used [0x00000000b0000000,0x00000000b27d17c8,0x00000000b27e0000)
}
Event: 7.885 GC heap before
{Heap before GC invocations=4 (full 0):
 PSYoungGen      total 152896K, used 146809K [0x00000000eaab0000, 0x00000000f5550000, 0x0000000100000000)
  eden space 131072K, 100% used [0x00000000eaab0000,0x00000000f2ab0000,0x00000000f2ab0000)
  from space 21824K, 72% used [0x00000000f2ab0000,0x00000000f3a0e578,0x00000000f4000000)
  to   space 21824K, 0% used [0x00000000f4000000,0x00000000f4000000,0x00000000f5550000)
 ParOldGen       total 349568K, used 24K [0x00000000c0000000, 0x00000000d5560000, 0x00000000eaab0000)
  object space 349568K, 0% used [0x00000000c0000000,0x00000000c0006000,0x00000000d5560000)
 PSPermGen       total 45824K, used 45725K [0x00000000b0000000, 0x00000000b2cc0000, 0x00000000c0000000)
  object space 45824K, 99% used [0x00000000b0000000,0x00000000b2ca75d0,0x00000000b2cc0000)
Event: 7.908 GC heap after
Heap after GC invocations=4 (full 0):
 PSYoungGen      total 152896K, used 21816K [0x00000000eaab0000, 0x00000000f5550000, 0x0000000100000000)
  eden space 131072K, 0% used [0x00000000eaab0000,0x00000000eaab0000,0x00000000f2ab0000)
  from space 21824K, 99% used [0x00000000f4000000,0x00000000f554e108,0x00000000f5550000)
  to   space 21824K, 0% used [0x00000000f2ab0000,0x00000000f2ab0000,0x00000000f4000000)
 ParOldGen       total 349568K, used 1835K [0x00000000c0000000, 0x00000000d5560000, 0x00000000eaab0000)
  object space 349568K, 0% used [0x00000000c0000000,0x00000000c01cae48,0x00000000d5560000)
 PSPermGen       total 45824K, used 45725K [0x00000000b0000000, 0x00000000b2cc0000, 0x00000000c0000000)
  object space 45824K, 99% used [0x00000000b0000000,0x00000000b2ca75d0,0x00000000b2cc0000)
}
Event: 9.547 GC heap before
{Heap before GC invocations=5 (full 0):
 PSYoungGen      total 152896K, used 152888K [0x00000000eaab0000, 0x00000000f5550000, 0x0000000100000000)
  eden space 131072K, 100% used [0x00000000eaab0000,0x00000000f2ab0000,0x00000000f2ab0000)
  from space 21824K, 99% used [0x00000000f4000000,0x00000000f554e108,0x00000000f5550000)
  to   space 21824K, 0% used [0x00000000f2ab0000,0x00000000f2ab0000,0x00000000f4000000)
 ParOldGen       total 349568K, used 1835K [0x00000000c0000000, 0x00000000d5560000, 0x00000000eaab0000)
  object space 349568K, 0% used [0x00000000c0000000,0x00000000c01cae48,0x00000000d5560000)
 PSPermGen       total 62720K, used 62640K [0x00000000b0000000, 0x00000000b3d40000, 0x00000000c0000000)
  object space 62720K, 99% used [0x00000000b0000000,0x00000000b3d2c028,0x00000000b3d40000)
Event: 9.586 GC heap after
Heap after GC invocations=5 (full 0):
 PSYoungGen      total 152896K, used 21799K [0x00000000eaab0000, 0x00000000ff690000, 0x0000000100000000)
  eden space 131072K, 0% used [0x00000000eaab0000,0x00000000eaab0000,0x00000000f2ab0000)
  from space 21824K, 99% used [0x00000000f2ab0000,0x00000000f3ff9f68,0x00000000f4000000)
  to   space 38848K, 0% used [0x00000000fd0a0000,0x00000000fd0a0000,0x00000000ff690000)
 ParOldGen       total 349568K, used 18012K [0x00000000c0000000, 0x00000000d5560000, 0x00000000eaab0000)
  object space 349568K, 5% used [0x00000000c0000000,0x00000000c1197150,0x00000000d5560000)
 PSPermGen       total 62720K, used 62640K [0x00000000b0000000, 0x00000000b3d40000, 0x00000000c0000000)
  object space 62720K, 99% used [0x00000000b0000000,0x00000000b3d2c028,0x00000000b3d40000)
}
Event: 9.765 GC heap before
{Heap before GC invocations=6 (full 0):
 PSYoungGen      total 152896K, used 152871K [0x00000000eaab0000, 0x00000000ff690000, 0x0000000100000000)
  eden space 131072K, 100% used [0x00000000eaab0000,0x00000000f2ab0000,0x00000000f2ab0000)
  from space 21824K, 99% used [0x00000000f2ab0000,0x00000000f3ff9f68,0x00000000f4000000)
  to   space 38848K, 0% used [0x00000000fd0a0000,0x00000000fd0a0000,0x00000000ff690000)
 ParOldGen       total 349568K, used 18012K [0x00000000c0000000, 0x00000000d5560000, 0x00000000eaab0000)
  object space 349568K, 5% used [0x00000000c0000000,0x00000000c1197150,0x00000000d5560000)
 PSPermGen       total 62912K, used 62749K [0x00000000b0000000, 0x00000000b3d70000, 0x00000000c0000000)
  object space 62912K, 99% used [0x00000000b0000000,0x00000000b3d47530,0x00000000b3d70000)

Deoptimization events (10 events):
Event: 8.979 Thread 0x000000000dd8f800 Uncommon trap -34 fr.pc 0x00000000024c0d60
Event: 8.979 Thread 0x000000000dd8f800 Uncommon trap -34 fr.pc 0x00000000024c0d60
Event: 8.980 Thread 0x000000000dd8f800 Uncommon trap -34 fr.pc 0x00000000024c0d60
Event: 8.996 Thread 0x000000000dd8f800 Uncommon trap -58 fr.pc 0x00000000024ddb68
Event: 8.997 Thread 0x000000000dd8f800 Uncommon trap -58 fr.pc 0x00000000024ddb68
Event: 9.177 Thread 0x000000000dd8f800 Uncommon trap -58 fr.pc 0x0000000002549408
Event: 9.194 Thread 0x000000000dd8f800 Uncommon trap -83 fr.pc 0x00000000024fbedc
Event: 9.205 Thread 0x000000000dd8f800 Uncommon trap -83 fr.pc 0x000000000254571c
Event: 9.224 Thread 0x000000000dd8f800 Uncommon trap -83 fr.pc 0x000000000241e068
Event: 9.374 Thread 0x000000000dd8f800 Uncommon trap -12 fr.pc 0x00000000025d358c

Internal exceptions (10 events):
Event: 9.242 Thread 0x000000000dd8f800 Threw 0x00000000f0db3f60 at C:\jdk7u2_64p\jdk7u21\hotspot\src\share\vm\prims\jvm.cpp:1166
Event: 9.242 Thread 0x000000000dd8f800 Threw 0x00000000f0db8520 at C:\jdk7u2_64p\jdk7u21\hotspot\src\share\vm\prims\jvm.cpp:1166
Event: 9.242 Thread 0x000000000dd8f800 Threw 0x00000000f0dbd3d8 at C:\jdk7u2_64p\jdk7u21\hotspot\src\share\vm\prims\jvm.cpp:1166
Event: 9.242 Thread 0x000000000dd8f800 Threw 0x00000000f0dbddd8 at C:\jdk7u2_64p\jdk7u21\hotspot\src\share\vm\prims\jvm.cpp:1166
Event: 9.242 Thread 0x000000000dd8f800 Threw 0x00000000f0dc2398 at C:\jdk7u2_64p\jdk7u21\hotspot\src\share\vm\prims\jvm.cpp:1166
Event: 9.242 Thread 0x000000000dd8f800 Threw 0x00000000f0dc7250 at C:\jdk7u2_64p\jdk7u21\hotspot\src\share\vm\prims\jvm.cpp:1166
Event: 9.242 Thread 0x000000000dd8f800 Threw 0x00000000f0dc75d8 at C:\jdk7u2_64p\jdk7u21\hotspot\src\share\vm\classfile\systemDictionary.cpp:179
Event: 9.374 Thread 0x000000000dd8f800 Implicit null exception at 0x00000000025d2e8c to 0x00000000025d356d
Event: 9.541 Thread 0x000000000dd8f800 Threw 0x00000000f2968a48 at C:\jdk7u2_64p\jdk7u21\hotspot\src\share\vm\prims\jvm.cpp:1166
Event: 9.593 Thread 0x0000000009d97000 Threw 0x00000000eabd8160 at C:\jdk7u2_64p\jdk7u21\hotspot\src\share\vm\interpreter\linkResolver.cpp:805

Events (10 events):
Event: 9.595 Executing VM operation: BulkRevokeBias done
Event: 9.598 Executing VM operation: RevokeBias
Event: 9.598 Executing VM operation: RevokeBias done
Event: 9.609 Thread 0x000000000baed000 flushing nmethod 0x0000000002562bd0
Event: 9.609 Thread 0x000000000baed000 flushing nmethod 0x0000000002574350
Event: 9.679 Executing VM operation: RevokeBias
Event: 9.679 Executing VM operation: RevokeBias done
Event: 9.679 Thread 0x000000000baed000 flushing nmethod 0x0000000002411290
Event: 9.739 Thread 0x000000000baed000 flushing nmethod 0x000000000245dd10
Event: 9.765 Executing VM operation: ParallelGCFailedAllocation


Dynamic libraries:
0x000000013fd40000 - 0x000000013fd73000 	C:\Windows\system32\java.exe
0x0000000077c00000 - 0x0000000077da9000 	C:\Windows\SYSTEM32\ntdll.dll
0x0000000077ae0000 - 0x0000000077bff000 	C:\Windows\system32\kernel32.dll
0x000007fefdc80000 - 0x000007fefdceb000 	C:\Windows\system32\KERNELBASE.dll
0x0000000075790000 - 0x0000000075817000 	C:\Windows\System32\SYSFER.DLL
0x000007fefe310000 - 0x000007fefe3eb000 	C:\Windows\system32\ADVAPI32.dll
0x000007fefe5d0000 - 0x000007fefe66f000 	C:\Windows\system32\msvcrt.dll
0x000007feffe30000 - 0x000007feffe4f000 	C:\Windows\SYSTEM32\sechost.dll
0x000007fefde90000 - 0x000007fefdfbd000 	C:\Windows\system32\RPCRT4.dll
0x00000000779e0000 - 0x0000000077ada000 	C:\Windows\system32\USER32.dll
0x000007feff030000 - 0x000007feff097000 	C:\Windows\system32\GDI32.dll
0x000007fefeb80000 - 0x000007fefeb8e000 	C:\Windows\system32\LPK.dll
0x000007fefe820000 - 0x000007fefe8e9000 	C:\Windows\system32\USP10.dll
0x000007fefc0a0000 - 0x000007fefc294000 	C:\Windows\WinSxS\amd64_microsoft.windows.common-controls_6595b64144ccf1df_6.0.7601.17514_none_fa396087175ac9ac\COMCTL32.dll
0x000007fefeb00000 - 0x000007fefeb71000 	C:\Windows\system32\SHLWAPI.dll
0x000007fefe710000 - 0x000007fefe73e000 	C:\Windows\system32\IMM32.DLL
0x000007fefeb90000 - 0x000007fefec99000 	C:\Windows\system32\MSCTF.dll
0x0000000073ba0000 - 0x0000000073c71000 	C:\Program Files\Java\jre7\bin\msvcr100.dll
0x000000006bb50000 - 0x000000006c271000 	C:\Program Files\Java\jre7\bin\server\jvm.dll
0x000007fef7460000 - 0x000007fef7469000 	C:\Windows\system32\WSOCK32.dll
0x000007fefe020000 - 0x000007fefe06d000 	C:\Windows\system32\WS2_32.dll
0x000007fefe070000 - 0x000007fefe078000 	C:\Windows\system32\NSI.dll
0x000007fefab10000 - 0x000007fefab4b000 	C:\Windows\system32\WINMM.dll
0x0000000077dc0000 - 0x0000000077dc7000 	C:\Windows\system32\PSAPI.DLL
0x0000000073e60000 - 0x0000000073e6f000 	C:\Program Files\Java\jre7\bin\verify.dll
0x0000000073de0000 - 0x0000000073e08000 	C:\Program Files\Java\jre7\bin\java.dll
0x0000000073e20000 - 0x0000000073e35000 	C:\Program Files\Java\jre7\bin\zip.dll
0x0000000073d40000 - 0x0000000073d59000 	C:\Program Files\Java\jre7\bin\net.dll
0x000007fefd250000 - 0x000007fefd2a5000 	C:\Windows\system32\mswsock.dll
0x000007fefd240000 - 0x000007fefd247000 	C:\Windows\System32\wship6.dll
0x0000000073d20000 - 0x0000000073d31000 	C:\Program Files\Java\jre7\bin\nio.dll
0x0000000180000000 - 0x0000000180010000 	C:\Users\Ray\AppData\Local\Temp\jline_0_12_2.dll
0x000007fefd2b0000 - 0x000007fefd2c7000 	C:\Windows\system32\CRYPTSP.dll
0x000007fefcfb0000 - 0x000007fefcff7000 	C:\Windows\system32\rsaenh.dll
0x000007fefcd30000 - 0x000007fefcd4e000 	C:\Windows\system32\USERENV.dll
0x000007fefd9e0000 - 0x000007fefd9ef000 	C:\Windows\system32\profapi.dll
0x000007fefd910000 - 0x000007fefd91f000 	C:\Windows\system32\CRYPTBASE.dll
0x000007fefb490000 - 0x000007fefb4a5000 	C:\Windows\system32\NLAapi.dll
0x000007fefc3b0000 - 0x000007fefc3c5000 	C:\Windows\system32\napinsp.dll
0x000007fefbdb0000 - 0x000007fefbdc9000 	C:\Windows\system32\pnrpnsp.dll
0x000007fefd0d0000 - 0x000007fefd12b000 	C:\Windows\system32\DNSAPI.dll
0x000007fefbda0000 - 0x000007fefbdab000 	C:\Windows\System32\winrnr.dll
0x000007fefcbf0000 - 0x000007fefcbf7000 	C:\Windows\System32\wshtcpip.dll
0x000007fefb190000 - 0x000007fefb1b7000 	C:\Windows\system32\IPHLPAPI.DLL
0x000007fefb180000 - 0x000007fefb18b000 	C:\Windows\system32\WINNSI.DLL
0x000007fef8410000 - 0x000007fef8418000 	C:\Windows\system32\rasadhlp.dll
0x000007fefb010000 - 0x000007fefb063000 	C:\Windows\System32\fwpuclnt.dll
0x0000000067540000 - 0x000000006764f000 	C:\programs\ray\adder\target\native_libraries\64bits\jnotify_64bit.dll
0x000007fefd8b0000 - 0x000007fefd907000 	C:\Windows\system32\apphelp.dll
0x000007fef5600000 - 0x000007fef5725000 	C:\Windows\system32\dbghelp.dll

VM Arguments:
jvm_args: -Xms512M -Xmx1024M -Xss1M -XX:+CMSClassUnloadingEnabled -XX:MaxPermSize=256M -Dfile.encoding=UTF-8 -Dplay.version=2.1.1 -Dsbt.ivy.home=C:\programs\play-2.1.1\framework\..\repository -Dplay.home=C:\programs\play-2.1.1\framework\. -Dsbt.boot.properties=file:///C:/programs/play-2.1.1/framework/sbt/sbt.boot.properties 
java_command: C:\programs\play-2.1.1\framework\sbt\sbt-launch.jar run
Launcher Type: SUN_STANDARD

Environment Variables:
JAVA_HOME=C:\Program Files\Java\jdk1.7.0_21
PATH=C:\Windows;C:\Windows\system32;C:\Windows\System32\Wbem;C:\Windows\System32\WindowsPowerShell\v1.0;C:\Program Files (x86)\NVIDIA Corporation\PhysX\Common;C:\Program Files\Java\jdk1.7.0_21\bin;C:\Program Files (x86)\Git\cmd;C:\programs\play-2.1.1;C:\programs\apache-tomcat-7.0.40\bin
USERNAME=Ray
OS=Windows_NT
PROCESSOR_IDENTIFIER=Intel64 Family 6 Model 26 Stepping 4, GenuineIntel



---------------  S Y S T E M  ---------------

OS: Windows 7 , 64 bit Build 7601 Service Pack 1

CPU:total 8 (4 cores per cpu, 2 threads per core) family 6 model 26 stepping 4, cmov, cx8, fxsr, mmx, sse, sse2, sse3, ssse3, sse4.1, sse4.2, popcnt, ht, tsc, tscinvbit, tscinv

Memory: 4k page, physical 8379540k(4271980k free), swap 24761680k(19209528k free)

vm_info: Java HotSpot(TM) 64-Bit Server VM (23.21-b01) for windows-amd64 JRE (1.7.0_21-b11), built on Apr  4 2013 08:11:28 by "java_re" with unknown MS VC++:1600

time: Fri Jun 14 23:47:12 2013
elapsed time: 9 seconds

